0: test262/test/annexB/built-ins/Array/from/iterator-method-emulates-undefined.js
 time: 9370 ms
1: test262/test/annexB/built-ins/Date/prototype/getYear/B.2.4.js
2: test262/test/annexB/built-ins/Date/prototype/getYear/length.js
Throw: Test262Error: descriptor value should be 0
  FAILED
3: test262/test/annexB/built-ins/Date/prototype/getYear/name.js
4: test262/test/annexB/built-ins/Date/prototype/getYear/nan.js
5: test262/test/annexB/built-ins/Date/prototype/getYear/not-a-constructor.js
6: test262/test/annexB/built-ins/Date/prototype/getYear/return-value.js
Throw: Test262Error: 1899: first millisecond Expected SameValue(«-8», «-1») to be true
  FAILED
7: test262/test/annexB/built-ins/Date/prototype/getYear/this-not-date.js
8: test262/test/annexB/built-ins/Date/prototype/setYear/B.2.5.js
9: test262/test/annexB/built-ins/Date/prototype/setYear/length.js
10: test262/test/annexB/built-ins/Date/prototype/setYear/name.js
11: test262/test/annexB/built-ins/Date/prototype/setYear/not-a-constructor.js
12: test262/test/annexB/built-ins/Date/prototype/setYear/this-not-date.js
13: test262/test/annexB/built-ins/Date/prototype/setYear/this-time-nan.js
14: test262/test/annexB/built-ins/Date/prototype/setYear/this-time-valid.js
Throw: Test262Error: method return value Expected SameValue(«38696583304», «35563480200») to be true
  FAILED
15: test262/test/annexB/built-ins/Date/prototype/setYear/time-clip.js
Throw: Test262Error: method return value (valid date) Expected SameValue(«NaN», «NaN») to be false
  FAILED
16: test262/test/annexB/built-ins/Date/prototype/setYear/year-nan.js
17: test262/test/annexB/built-ins/Date/prototype/setYear/year-number-absolute.js
Throw: Test262Error: Expected SameValue(«-8», «-1») to be true
  FAILED
18: test262/test/annexB/built-ins/Date/prototype/setYear/year-number-relative.js
Throw: Test262Error: y = -0.999999 Expected SameValue(«1886», «1900») to be true
  FAILED
19: test262/test/annexB/built-ins/Date/prototype/setYear/year-to-number-err.js
20: test262/test/annexB/built-ins/Date/prototype/toGMTString/not-a-constructor.js
21: test262/test/annexB/built-ins/Date/prototype/toGMTString/prop-desc.js
22: test262/test/annexB/built-ins/Date/prototype/toGMTString/value.js
23: test262/test/annexB/built-ins/Function/createdynfn-html-close-comment-body.js
24: test262/test/annexB/built-ins/Function/createdynfn-html-close-comment-params.js
25: test262/test/annexB/built-ins/Function/createdynfn-html-open-comment-body.js
26: test262/test/annexB/built-ins/Function/createdynfn-html-open-comment-params.js
27: test262/test/annexB/built-ins/Function/createdynfn-no-line-terminator-html-close-comment-body.js
28: test262/test/annexB/built-ins/Function/createdynfn-no-line-terminator-html-close-comment-params.js
29: test262/test/annexB/built-ins/Object/is/emulates-undefined.js
30: test262/test/annexB/built-ins/RegExp/RegExp-control-escape-russian-letter.js
31: test262/test/annexB/built-ins/RegExp/RegExp-decimal-escape-class-range.js
32: test262/test/annexB/built-ins/RegExp/RegExp-decimal-escape-not-capturing.js
33: test262/test/annexB/built-ins/RegExp/RegExp-invalid-control-escape-character-class-range.js
34: test262/test/annexB/built-ins/RegExp/RegExp-invalid-control-escape-character-class.js
35: test262/test/annexB/built-ins/RegExp/RegExp-leading-escape-BMP.js
SyntaxError: invalid UTF-8 sequence
    at <input>:1
    at <eval> (test262/test/annexB/built-ins/RegExp/RegExp-leading-escape-BMP.js:26)
  FAILED
 time: 3212 ms
36: test262/test/annexB/built-ins/RegExp/RegExp-leading-escape.js
37: test262/test/annexB/built-ins/RegExp/RegExp-trailing-escape-BMP.js
SyntaxError: invalid UTF-8 sequence
    at <input>:1
    at <eval> (test262/test/annexB/built-ins/RegExp/RegExp-trailing-escape-BMP.js:26)
  FAILED
 time: 3052 ms
38: test262/test/annexB/built-ins/RegExp/RegExp-trailing-escape.js
39: test262/test/annexB/built-ins/RegExp/incomplete_hex_unicode_escape.js
40: test262/test/annexB/built-ins/RegExp/legacy-accessors/index/prop-desc.js  SKIPPED
41: test262/test/annexB/built-ins/RegExp/legacy-accessors/index/this-cross-realm-constructor.js  SKIPPED
42: test262/test/annexB/built-ins/RegExp/legacy-accessors/index/this-not-regexp-constructor.js  SKIPPED
43: test262/test/annexB/built-ins/RegExp/legacy-accessors/index/this-subclass-constructor.js  SKIPPED
44: test262/test/annexB/built-ins/RegExp/legacy-accessors/input/prop-desc.js  SKIPPED
45: test262/test/annexB/built-ins/RegExp/legacy-accessors/input/this-cross-realm-constructor.js  SKIPPED
46: test262/test/annexB/built-ins/RegExp/legacy-accessors/input/this-not-regexp-constructor.js  SKIPPED
47: test262/test/annexB/built-ins/RegExp/legacy-accessors/input/this-subclass-constructor.js  SKIPPED
48: test262/test/annexB/built-ins/RegExp/legacy-accessors/lastMatch/prop-desc.js  SKIPPED
49: test262/test/annexB/built-ins/RegExp/legacy-accessors/lastMatch/this-cross-realm-constructor.js  SKIPPED
50: test262/test/annexB/built-ins/RegExp/legacy-accessors/lastMatch/this-not-regexp-constructor.js  SKIPPED
51: test262/test/annexB/built-ins/RegExp/legacy-accessors/lastMatch/this-subclass-constructor.js  SKIPPED
52: test262/test/annexB/built-ins/RegExp/legacy-accessors/lastParen/prop-desc.js  SKIPPED
53: test262/test/annexB/built-ins/RegExp/legacy-accessors/lastParen/this-cross-realm-constructor.js  SKIPPED
54: test262/test/annexB/built-ins/RegExp/legacy-accessors/lastParen/this-not-regexp-constructor.js  SKIPPED
55: test262/test/annexB/built-ins/RegExp/legacy-accessors/lastParen/this-subclass-constructor.js  SKIPPED
56: test262/test/annexB/built-ins/RegExp/legacy-accessors/leftContext/prop-desc.js  SKIPPED
57: test262/test/annexB/built-ins/RegExp/legacy-accessors/leftContext/this-cross-realm-constructor.js  SKIPPED
58: test262/test/annexB/built-ins/RegExp/legacy-accessors/leftContext/this-not-regexp-constructor.js  SKIPPED
59: test262/test/annexB/built-ins/RegExp/legacy-accessors/leftContext/this-subclass-constructor.js  SKIPPED
60: test262/test/annexB/built-ins/RegExp/legacy-accessors/rightContext/prop-desc.js  SKIPPED
61: test262/test/annexB/built-ins/RegExp/legacy-accessors/rightContext/this-cross-realm-constructor.js  SKIPPED
62: test262/test/annexB/built-ins/RegExp/legacy-accessors/rightContext/this-not-regexp-constructor.js  SKIPPED
63: test262/test/annexB/built-ins/RegExp/legacy-accessors/rightContext/this-subclass-constructor.js  SKIPPED
64: test262/test/annexB/built-ins/RegExp/named-groups/non-unicode-malformed-lookbehind.js
65: test262/test/annexB/built-ins/RegExp/named-groups/non-unicode-malformed.js
 time: 3700 ms
66: test262/test/annexB/built-ins/RegExp/prototype/Symbol.split/Symbol.match-getter-recompiles-source.js
67: test262/test/annexB/built-ins/RegExp/prototype/Symbol.split/toint32-limit-recompiles-source.js
68: test262/test/annexB/built-ins/RegExp/prototype/compile/B.RegExp.prototype.compile.js
69: test262/test/annexB/built-ins/RegExp/prototype/compile/flags-string-invalid.js
70: test262/test/annexB/built-ins/RegExp/prototype/compile/flags-to-string-err.js
71: test262/test/annexB/built-ins/RegExp/prototype/compile/flags-to-string.js
72: test262/test/annexB/built-ins/RegExp/prototype/compile/flags-undefined.js
73: test262/test/annexB/built-ins/RegExp/prototype/compile/length.js
74: test262/test/annexB/built-ins/RegExp/prototype/compile/name.js
75: test262/test/annexB/built-ins/RegExp/prototype/compile/pattern-regexp-distinct.js
Throw: Test262Error: Expected SameValue(«0», «0») to be true
  FAILED
76: test262/test/annexB/built-ins/RegExp/prototype/compile/pattern-regexp-flags-defined.js
77: test262/test/annexB/built-ins/RegExp/prototype/compile/pattern-regexp-immutable-lastindex.js
78: test262/test/annexB/built-ins/RegExp/prototype/compile/pattern-regexp-props.js
Throw: Test262Error: `flags` property not accessed Expected SameValue(«0», «0») to be true
  FAILED
79: test262/test/annexB/built-ins/RegExp/prototype/compile/pattern-regexp-same.js
Throw: Test262Error: Expected SameValue(«0», «0») to be true
  FAILED
80: test262/test/annexB/built-ins/RegExp/prototype/compile/pattern-string-invalid-u.js
81: test262/test/annexB/built-ins/RegExp/prototype/compile/pattern-string-invalid.js
82: test262/test/annexB/built-ins/RegExp/prototype/compile/pattern-string-u.js
83: test262/test/annexB/built-ins/RegExp/prototype/compile/pattern-string.js
84: test262/test/annexB/built-ins/RegExp/prototype/compile/pattern-to-string-err.js
85: test262/test/annexB/built-ins/RegExp/prototype/compile/pattern-undefined.js
86: test262/test/annexB/built-ins/RegExp/prototype/compile/this-cross-realm-instance.js  SKIPPED
87: test262/test/annexB/built-ins/RegExp/prototype/compile/this-not-object.js
88: test262/test/annexB/built-ins/RegExp/prototype/compile/this-obj-not-regexp.js
89: test262/test/annexB/built-ins/RegExp/prototype/compile/this-subclass-instance.js  SKIPPED
90: test262/test/annexB/built-ins/RegExp/prototype/flags/order-after-compile.js
91: test262/test/annexB/built-ins/String/prototype/anchor/B.2.3.2.js
92: test262/test/annexB/built-ins/String/prototype/anchor/attr-tostring-err.js
93: test262/test/annexB/built-ins/String/prototype/anchor/length.js
94: test262/test/annexB/built-ins/String/prototype/anchor/name.js
95: test262/test/annexB/built-ins/String/prototype/anchor/not-a-constructor.js
96: test262/test/annexB/built-ins/String/prototype/anchor/prop-desc.js
97: test262/test/annexB/built-ins/String/prototype/anchor/this-val-tostring-err.js
98: test262/test/annexB/built-ins/String/prototype/big/B.2.3.3.js
99: test262/test/annexB/built-ins/String/prototype/big/length.js
Throw: Test262Error: descriptor value should be 0
  FAILED
100: test262/test/annexB/built-ins/String/prototype/big/name.js
101: test262/test/annexB/built-ins/String/prototype/big/not-a-constructor.js
102: test262/test/annexB/built-ins/String/prototype/big/prop-desc.js
103: test262/test/annexB/built-ins/String/prototype/big/this-val-tostring-err.js
104: test262/test/annexB/built-ins/String/prototype/blink/B.2.3.4.js
105: test262/test/annexB/built-ins/String/prototype/blink/length.js
Throw: Test262Error: descriptor value should be 0
  FAILED
106: test262/test/annexB/built-ins/String/prototype/blink/name.js
107: test262/test/annexB/built-ins/String/prototype/blink/not-a-constructor.js
108: test262/test/annexB/built-ins/String/prototype/blink/prop-desc.js
109: test262/test/annexB/built-ins/String/prototype/blink/this-val-tostring-err.js
110: test262/test/annexB/built-ins/String/prototype/bold/B.2.3.5.js
111: test262/test/annexB/built-ins/String/prototype/bold/length.js
Throw: Test262Error: descriptor value should be 0
  FAILED
112: test262/test/annexB/built-ins/String/prototype/bold/name.js
113: test262/test/annexB/built-ins/String/prototype/bold/not-a-constructor.js
114: test262/test/annexB/built-ins/String/prototype/bold/prop-desc.js
115: test262/test/annexB/built-ins/String/prototype/bold/this-val-tostring-err.js
116: test262/test/annexB/built-ins/String/prototype/fixed/B.2.3.6.js
117: test262/test/annexB/built-ins/String/prototype/fixed/length.js
Throw: Test262Error: descriptor value should be 0
  FAILED
118: test262/test/annexB/built-ins/String/prototype/fixed/name.js
119: test262/test/annexB/built-ins/String/prototype/fixed/not-a-constructor.js
120: test262/test/annexB/built-ins/String/prototype/fixed/prop-desc.js
121: test262/test/annexB/built-ins/String/prototype/fixed/this-val-tostring-err.js
122: test262/test/annexB/built-ins/String/prototype/fontcolor/B.2.3.7.js
123: test262/test/annexB/built-ins/String/prototype/fontcolor/attr-tostring-err.js
124: test262/test/annexB/built-ins/String/prototype/fontcolor/length.js
125: test262/test/annexB/built-ins/String/prototype/fontcolor/name.js
126: test262/test/annexB/built-ins/String/prototype/fontcolor/not-a-constructor.js
127: test262/test/annexB/built-ins/String/prototype/fontcolor/prop-desc.js
128: test262/test/annexB/built-ins/String/prototype/fontcolor/this-val-tostring-err.js
129: test262/test/annexB/built-ins/String/prototype/fontsize/B.2.3.8.js
130: test262/test/annexB/built-ins/String/prototype/fontsize/attr-tostring-err.js
131: test262/test/annexB/built-ins/String/prototype/fontsize/length.js
132: test262/test/annexB/built-ins/String/prototype/fontsize/name.js
133: test262/test/annexB/built-ins/String/prototype/fontsize/not-a-constructor.js
134: test262/test/annexB/built-ins/String/prototype/fontsize/prop-desc.js
135: test262/test/annexB/built-ins/String/prototype/fontsize/this-val-tostring-err.js
136: test262/test/annexB/built-ins/String/prototype/italics/B.2.3.9.js
137: test262/test/annexB/built-ins/String/prototype/italics/length.js
Throw: Test262Error: descriptor value should be 0
  FAILED
138: test262/test/annexB/built-ins/String/prototype/italics/name.js
139: test262/test/annexB/built-ins/String/prototype/italics/not-a-constructor.js
140: test262/test/annexB/built-ins/String/prototype/italics/prop-desc.js
141: test262/test/annexB/built-ins/String/prototype/italics/this-val-tostring-err.js
142: test262/test/annexB/built-ins/String/prototype/link/B.2.3.10.js
143: test262/test/annexB/built-ins/String/prototype/link/attr-tostring-err.js
144: test262/test/annexB/built-ins/String/prototype/link/length.js
145: test262/test/annexB/built-ins/String/prototype/link/name.js
146: test262/test/annexB/built-ins/String/prototype/link/not-a-constructor.js
147: test262/test/annexB/built-ins/String/prototype/link/prop-desc.js
148: test262/test/annexB/built-ins/String/prototype/link/this-val-tostring-err.js
149: test262/test/annexB/built-ins/String/prototype/match/custom-matcher-emulates-undefined.js
150: test262/test/annexB/built-ins/String/prototype/matchAll/custom-matcher-emulates-undefined.js
151: test262/test/annexB/built-ins/String/prototype/replace/custom-replacer-emulates-undefined.js
152: test262/test/annexB/built-ins/String/prototype/replaceAll/custom-replacer-emulates-undefined.js
153: test262/test/annexB/built-ins/String/prototype/search/custom-searcher-emulates-undefined.js
154: test262/test/annexB/built-ins/String/prototype/small/B.2.3.11.js
155: test262/test/annexB/built-ins/String/prototype/small/length.js
Throw: Test262Error: descriptor value should be 0
  FAILED
156: test262/test/annexB/built-ins/String/prototype/small/name.js
157: test262/test/annexB/built-ins/String/prototype/small/not-a-constructor.js
158: test262/test/annexB/built-ins/String/prototype/small/prop-desc.js
159: test262/test/annexB/built-ins/String/prototype/small/this-val-tostring-err.js
160: test262/test/annexB/built-ins/String/prototype/split/custom-splitter-emulates-undefined.js
161: test262/test/annexB/built-ins/String/prototype/strike/B.2.3.12.js
162: test262/test/annexB/built-ins/String/prototype/strike/length.js
Throw: Test262Error: descriptor value should be 0
  FAILED
163: test262/test/annexB/built-ins/String/prototype/strike/name.js
164: test262/test/annexB/built-ins/String/prototype/strike/not-a-constructor.js
165: test262/test/annexB/built-ins/String/prototype/strike/prop-desc.js
166: test262/test/annexB/built-ins/String/prototype/strike/this-val-tostring-err.js
167: test262/test/annexB/built-ins/String/prototype/sub/B.2.3.13.js
168: test262/test/annexB/built-ins/String/prototype/sub/length.js
Throw: Test262Error: descriptor value should be 0
  FAILED
169: test262/test/annexB/built-ins/String/prototype/sub/name.js
170: test262/test/annexB/built-ins/String/prototype/sub/not-a-constructor.js
171: test262/test/annexB/built-ins/String/prototype/sub/prop-desc.js
172: test262/test/annexB/built-ins/String/prototype/sub/this-val-tostring-err.js
173: test262/test/annexB/built-ins/String/prototype/substr/B.2.3.js
174: test262/test/annexB/built-ins/String/prototype/substr/length-falsey.js
175: test262/test/annexB/built-ins/String/prototype/substr/length-negative.js
176: test262/test/annexB/built-ins/String/prototype/substr/length-positive.js
177: test262/test/annexB/built-ins/String/prototype/substr/length-to-int-err.js
178: test262/test/annexB/built-ins/String/prototype/substr/length-undef.js
179: test262/test/annexB/built-ins/String/prototype/substr/length.js
180: test262/test/annexB/built-ins/String/prototype/substr/name.js
181: test262/test/annexB/built-ins/String/prototype/substr/not-a-constructor.js
182: test262/test/annexB/built-ins/String/prototype/substr/start-negative.js
183: test262/test/annexB/built-ins/String/prototype/substr/start-to-int-err.js
Throw: Test262Error: Expected SameValue(«0», «0») to be true
  FAILED
184: test262/test/annexB/built-ins/String/prototype/substr/surrogate-pairs.js
185: test262/test/annexB/built-ins/String/prototype/substr/this-non-obj-coerce.js
186: test262/test/annexB/built-ins/String/prototype/substr/this-to-str-err.js
187: test262/test/annexB/built-ins/String/prototype/sup/B.2.3.14.js
188: test262/test/annexB/built-ins/String/prototype/sup/length.js
Throw: Test262Error: descriptor value should be 0
  FAILED
189: test262/test/annexB/built-ins/String/prototype/sup/name.js
190: test262/test/annexB/built-ins/String/prototype/sup/not-a-constructor.js
191: test262/test/annexB/built-ins/String/prototype/sup/prop-desc.js
192: test262/test/annexB/built-ins/String/prototype/sup/this-val-tostring-err.js
193: test262/test/annexB/built-ins/String/prototype/trimLeft/length.js
Throw: Test262Error: descriptor value should be 0
  FAILED
194: test262/test/annexB/built-ins/String/prototype/trimLeft/name.js
195: test262/test/annexB/built-ins/String/prototype/trimLeft/prop-desc.js
196: test262/test/annexB/built-ins/String/prototype/trimLeft/reference-trimStart.js
197: test262/test/annexB/built-ins/String/prototype/trimRight/length.js
Throw: Test262Error: descriptor value should be 0
  FAILED
198: test262/test/annexB/built-ins/String/prototype/trimRight/name.js
199: test262/test/annexB/built-ins/String/prototype/trimRight/prop-desc.js
200: test262/test/annexB/built-ins/String/prototype/trimRight/reference-trimEnd.js
201: test262/test/annexB/built-ins/TypedArrayConstructors/from/iterator-method-emulates-undefined.js
202: test262/test/annexB/built-ins/escape/argument_bigint.js
203: test262/test/annexB/built-ins/escape/argument_types.js
Throw: Test262Error: Expected SameValue(«NaN», «Infinity») to be true
  FAILED
204: test262/test/annexB/built-ins/escape/empty-string.js
205: test262/test/annexB/built-ins/escape/escape-above-astral.js
206: test262/test/annexB/built-ins/escape/escape-above.js
207: test262/test/annexB/built-ins/escape/escape-below.js
208: test262/test/annexB/built-ins/escape/length.js
209: test262/test/annexB/built-ins/escape/name.js
210: test262/test/annexB/built-ins/escape/not-a-constructor.js
211: test262/test/annexB/built-ins/escape/prop-desc.js
212: test262/test/annexB/built-ins/escape/to-primitive-err.js
213: test262/test/annexB/built-ins/escape/to-primitive-observe.js
214: test262/test/annexB/built-ins/escape/to-string-err-symbol.js
215: test262/test/annexB/built-ins/escape/to-string-err.js
216: test262/test/annexB/built-ins/escape/to-string-observe.js
217: test262/test/annexB/built-ins/escape/unmodified.js
218: test262/test/annexB/built-ins/unescape/argument_bigint.js
219: test262/test/annexB/built-ins/unescape/argument_types.js
Throw: Test262Error: Expected SameValue(«NaN», «Infinity») to be true
  FAILED
220: test262/test/annexB/built-ins/unescape/empty-string.js
221: test262/test/annexB/built-ins/unescape/four-ignore-bad-u.js
222: test262/test/annexB/built-ins/unescape/four-ignore-end-str.js
223: test262/test/annexB/built-ins/unescape/four-ignore-non-hex.js
224: test262/test/annexB/built-ins/unescape/four.js
225: test262/test/annexB/built-ins/unescape/length.js
226: test262/test/annexB/built-ins/unescape/name.js
227: test262/test/annexB/built-ins/unescape/not-a-constructor.js
228: test262/test/annexB/built-ins/unescape/prop-desc.js
229: test262/test/annexB/built-ins/unescape/to-primitive-err.js
230: test262/test/annexB/built-ins/unescape/to-primitive-observe.js
231: test262/test/annexB/built-ins/unescape/to-string-err-symbol.js
232: test262/test/annexB/built-ins/unescape/to-string-err.js
233: test262/test/annexB/built-ins/unescape/to-string-observe.js
234: test262/test/annexB/built-ins/unescape/two-ignore-end-str.js
235: test262/test/annexB/built-ins/unescape/two-ignore-non-hex.js
236: test262/test/annexB/built-ins/unescape/two.js
237: test262/test/annexB/language/comments/multi-line-html-close.js  @negative
Throw: Test262Error: 
  FAILED
238: test262/test/annexB/language/comments/single-line-html-close-asi.js  @negative
Throw: Test262Error: 
  FAILED
239: test262/test/annexB/language/comments/single-line-html-close-unicode-separators.js  @negative
Throw: Test262Error: 
  FAILED
240: test262/test/annexB/language/comments/single-line-html-close.js  @negative
Throw: Test262Error: 
  FAILED
241: test262/test/annexB/language/comments/single-line-html-open.js  @negative
Throw: Test262Error: 
  FAILED
242: test262/test/annexB/language/eval-code/direct/block-decl-nostrict.js  @noStrict
243: test262/test/annexB/language/eval-code/direct/func-block-decl-eval-func-block-scoping.js  @noStrict
244: test262/test/annexB/language/eval-code/direct/func-block-decl-eval-func-existing-block-fn-no-init.js  @noStrict
245: test262/test/annexB/language/eval-code/direct/func-block-decl-eval-func-existing-block-fn-update.js  @noStrict
246: test262/test/annexB/language/eval-code/direct/func-block-decl-eval-func-existing-fn-no-init.js  @noStrict
247: test262/test/annexB/language/eval-code/direct/func-block-decl-eval-func-existing-fn-update.js  @noStrict
248: test262/test/annexB/language/eval-code/direct/func-block-decl-eval-func-existing-var-no-init.js  @noStrict
249: test262/test/annexB/language/eval-code/direct/func-block-decl-eval-func-existing-var-update.js  @noStrict
250: test262/test/annexB/language/eval-code/direct/func-block-decl-eval-func-init.js  @noStrict
251: test262/test/annexB/language/eval-code/direct/func-block-decl-eval-func-no-skip-param.js  @noStrict
252: test262/test/annexB/language/eval-code/direct/func-block-decl-eval-func-no-skip-try.js  @noStrict
253: test262/test/annexB/language/eval-code/direct/func-block-decl-eval-func-skip-early-err-block.js  @noStrict
254: test262/test/annexB/language/eval-code/direct/func-block-decl-eval-func-skip-early-err-for-in.js  @noStrict
255: test262/test/annexB/language/eval-code/direct/func-block-decl-eval-func-skip-early-err-for-of.js  @noStrict
256: test262/test/annexB/language/eval-code/direct/func-block-decl-eval-func-skip-early-err-for.js  @noStrict
257: test262/test/annexB/language/eval-code/direct/func-block-decl-eval-func-skip-early-err-switch.js  @noStrict
258: test262/test/annexB/language/eval-code/direct/func-block-decl-eval-func-skip-early-err-try.js  @noStrict
259: test262/test/annexB/language/eval-code/direct/func-block-decl-eval-func-skip-early-err.js  @noStrict
260: test262/test/annexB/language/eval-code/direct/func-block-decl-eval-func-update.js  @noStrict
261: test262/test/annexB/language/eval-code/direct/func-if-decl-else-decl-a-eval-func-block-scoping.js  @noStrict
262: test262/test/annexB/language/eval-code/direct/func-if-decl-else-decl-a-eval-func-existing-block-fn-no-init.js  @noStrict
263: test262/test/annexB/language/eval-code/direct/func-if-decl-else-decl-a-eval-func-existing-block-fn-update.js  @noStrict
264: test262/test/annexB/language/eval-code/direct/func-if-decl-else-decl-a-eval-func-existing-fn-no-init.js  @noStrict
265: test262/test/annexB/language/eval-code/direct/func-if-decl-else-decl-a-eval-func-existing-fn-update.js  @noStrict
266: test262/test/annexB/language/eval-code/direct/func-if-decl-else-decl-a-eval-func-existing-var-no-init.js  @noStrict
267: test262/test/annexB/language/eval-code/direct/func-if-decl-else-decl-a-eval-func-existing-var-update.js  @noStrict
268: test262/test/annexB/language/eval-code/direct/func-if-decl-else-decl-a-eval-func-init.js  @noStrict
269: test262/test/annexB/language/eval-code/direct/func-if-decl-else-decl-a-eval-func-no-skip-param.js  @noStrict
270: test262/test/annexB/language/eval-code/direct/func-if-decl-else-decl-a-eval-func-no-skip-try.js  @noStrict
271: test262/test/annexB/language/eval-code/direct/func-if-decl-else-decl-a-eval-func-skip-early-err-block.js  @noStrict
272: test262/test/annexB/language/eval-code/direct/func-if-decl-else-decl-a-eval-func-skip-early-err-for-in.js  @noStrict
273: test262/test/annexB/language/eval-code/direct/func-if-decl-else-decl-a-eval-func-skip-early-err-for-of.js  @noStrict
274: test262/test/annexB/language/eval-code/direct/func-if-decl-else-decl-a-eval-func-skip-early-err-for.js  @noStrict
275: test262/test/annexB/language/eval-code/direct/func-if-decl-else-decl-a-eval-func-skip-early-err-switch.js  @noStrict
276: test262/test/annexB/language/eval-code/direct/func-if-decl-else-decl-a-eval-func-skip-early-err-try.js  @noStrict
277: test262/test/annexB/language/eval-code/direct/func-if-decl-else-decl-a-eval-func-skip-early-err.js  @noStrict
278: test262/test/annexB/language/eval-code/direct/func-if-decl-else-decl-a-eval-func-update.js  @noStrict
279: test262/test/annexB/language/eval-code/direct/func-if-decl-else-decl-b-eval-func-block-scoping.js  @noStrict
280: test262/test/annexB/language/eval-code/direct/func-if-decl-else-decl-b-eval-func-existing-block-fn-no-init.js  @noStrict
281: test262/test/annexB/language/eval-code/direct/func-if-decl-else-decl-b-eval-func-existing-block-fn-update.js  @noStrict
282: test262/test/annexB/language/eval-code/direct/func-if-decl-else-decl-b-eval-func-existing-fn-no-init.js  @noStrict
283: test262/test/annexB/language/eval-code/direct/func-if-decl-else-decl-b-eval-func-existing-fn-update.js  @noStrict
284: test262/test/annexB/language/eval-code/direct/func-if-decl-else-decl-b-eval-func-existing-var-no-init.js  @noStrict
285: test262/test/annexB/language/eval-code/direct/func-if-decl-else-decl-b-eval-func-existing-var-update.js  @noStrict
286: test262/test/annexB/language/eval-code/direct/func-if-decl-else-decl-b-eval-func-init.js  @noStrict
287: test262/test/annexB/language/eval-code/direct/func-if-decl-else-decl-b-eval-func-no-skip-param.js  @noStrict
288: test262/test/annexB/language/eval-code/direct/func-if-decl-else-decl-b-eval-func-no-skip-try.js  @noStrict
289: test262/test/annexB/language/eval-code/direct/func-if-decl-else-decl-b-eval-func-skip-early-err-block.js  @noStrict
290: test262/test/annexB/language/eval-code/direct/func-if-decl-else-decl-b-eval-func-skip-early-err-for-in.js  @noStrict
291: test262/test/annexB/language/eval-code/direct/func-if-decl-else-decl-b-eval-func-skip-early-err-for-of.js  @noStrict
292: test262/test/annexB/language/eval-code/direct/func-if-decl-else-decl-b-eval-func-skip-early-err-for.js  @noStrict
293: test262/test/annexB/language/eval-code/direct/func-if-decl-else-decl-b-eval-func-skip-early-err-switch.js  @noStrict
294: test262/test/annexB/language/eval-code/direct/func-if-decl-else-decl-b-eval-func-skip-early-err-try.js  @noStrict
295: test262/test/annexB/language/eval-code/direct/func-if-decl-else-decl-b-eval-func-skip-early-err.js  @noStrict
296: test262/test/annexB/language/eval-code/direct/func-if-decl-else-decl-b-eval-func-update.js  @noStrict
297: test262/test/annexB/language/eval-code/direct/func-if-decl-else-stmt-eval-func-block-scoping.js  @noStrict
298: test262/test/annexB/language/eval-code/direct/func-if-decl-else-stmt-eval-func-existing-block-fn-no-init.js  @noStrict
299: test262/test/annexB/language/eval-code/direct/func-if-decl-else-stmt-eval-func-existing-block-fn-update.js  @noStrict
300: test262/test/annexB/language/eval-code/direct/func-if-decl-else-stmt-eval-func-existing-fn-no-init.js  @noStrict
301: test262/test/annexB/language/eval-code/direct/func-if-decl-else-stmt-eval-func-existing-fn-update.js  @noStrict
302: test262/test/annexB/language/eval-code/direct/func-if-decl-else-stmt-eval-func-existing-var-no-init.js  @noStrict
303: test262/test/annexB/language/eval-code/direct/func-if-decl-else-stmt-eval-func-existing-var-update.js  @noStrict
304: test262/test/annexB/language/eval-code/direct/func-if-decl-else-stmt-eval-func-init.js  @noStrict
305: test262/test/annexB/language/eval-code/direct/func-if-decl-else-stmt-eval-func-no-skip-param.js  @noStrict
306: test262/test/annexB/language/eval-code/direct/func-if-decl-else-stmt-eval-func-no-skip-try.js  @noStrict
307: test262/test/annexB/language/eval-code/direct/func-if-decl-else-stmt-eval-func-skip-early-err-block.js  @noStrict
308: test262/test/annexB/language/eval-code/direct/func-if-decl-else-stmt-eval-func-skip-early-err-for-in.js  @noStrict
309: test262/test/annexB/language/eval-code/direct/func-if-decl-else-stmt-eval-func-skip-early-err-for-of.js  @noStrict
310: test262/test/annexB/language/eval-code/direct/func-if-decl-else-stmt-eval-func-skip-early-err-for.js  @noStrict
311: test262/test/annexB/language/eval-code/direct/func-if-decl-else-stmt-eval-func-skip-early-err-switch.js  @noStrict
312: test262/test/annexB/language/eval-code/direct/func-if-decl-else-stmt-eval-func-skip-early-err-try.js  @noStrict
313: test262/test/annexB/language/eval-code/direct/func-if-decl-else-stmt-eval-func-skip-early-err.js  @noStrict
314: test262/test/annexB/language/eval-code/direct/func-if-decl-else-stmt-eval-func-update.js  @noStrict
315: test262/test/annexB/language/eval-code/direct/func-if-decl-no-else-eval-func-block-scoping.js  @noStrict
316: test262/test/annexB/language/eval-code/direct/func-if-decl-no-else-eval-func-existing-block-fn-no-init.js  @noStrict
317: test262/test/annexB/language/eval-code/direct/func-if-decl-no-else-eval-func-existing-block-fn-update.js  @noStrict
318: test262/test/annexB/language/eval-code/direct/func-if-decl-no-else-eval-func-existing-fn-no-init.js  @noStrict
319: test262/test/annexB/language/eval-code/direct/func-if-decl-no-else-eval-func-existing-fn-update.js  @noStrict
320: test262/test/annexB/language/eval-code/direct/func-if-decl-no-else-eval-func-existing-var-no-init.js  @noStrict
321: test262/test/annexB/language/eval-code/direct/func-if-decl-no-else-eval-func-existing-var-update.js  @noStrict
322: test262/test/annexB/language/eval-code/direct/func-if-decl-no-else-eval-func-init.js  @noStrict
323: test262/test/annexB/language/eval-code/direct/func-if-decl-no-else-eval-func-no-skip-param.js  @noStrict
324: test262/test/annexB/language/eval-code/direct/func-if-decl-no-else-eval-func-no-skip-try.js  @noStrict
325: test262/test/annexB/language/eval-code/direct/func-if-decl-no-else-eval-func-skip-early-err-block.js  @noStrict
326: test262/test/annexB/language/eval-code/direct/func-if-decl-no-else-eval-func-skip-early-err-for-in.js  @noStrict
327: test262/test/annexB/language/eval-code/direct/func-if-decl-no-else-eval-func-skip-early-err-for-of.js  @noStrict
328: test262/test/annexB/language/eval-code/direct/func-if-decl-no-else-eval-func-skip-early-err-for.js  @noStrict
329: test262/test/annexB/language/eval-code/direct/func-if-decl-no-else-eval-func-skip-early-err-switch.js  @noStrict
330: test262/test/annexB/language/eval-code/direct/func-if-decl-no-else-eval-func-skip-early-err-try.js  @noStrict
331: test262/test/annexB/language/eval-code/direct/func-if-decl-no-else-eval-func-skip-early-err.js  @noStrict
332: test262/test/annexB/language/eval-code/direct/func-if-decl-no-else-eval-func-update.js  @noStrict
333: test262/test/annexB/language/eval-code/direct/func-if-stmt-else-decl-eval-func-block-scoping.js  @noStrict
334: test262/test/annexB/language/eval-code/direct/func-if-stmt-else-decl-eval-func-existing-block-fn-no-init.js  @noStrict
335: test262/test/annexB/language/eval-code/direct/func-if-stmt-else-decl-eval-func-existing-block-fn-update.js  @noStrict
336: test262/test/annexB/language/eval-code/direct/func-if-stmt-else-decl-eval-func-existing-fn-no-init.js  @noStrict
337: test262/test/annexB/language/eval-code/direct/func-if-stmt-else-decl-eval-func-existing-fn-update.js  @noStrict
338: test262/test/annexB/language/eval-code/direct/func-if-stmt-else-decl-eval-func-existing-var-no-init.js  @noStrict
339: test262/test/annexB/language/eval-code/direct/func-if-stmt-else-decl-eval-func-existing-var-update.js  @noStrict
340: test262/test/annexB/language/eval-code/direct/func-if-stmt-else-decl-eval-func-init.js  @noStrict
341: test262/test/annexB/language/eval-code/direct/func-if-stmt-else-decl-eval-func-no-skip-param.js  @noStrict
342: test262/test/annexB/language/eval-code/direct/func-if-stmt-else-decl-eval-func-no-skip-try.js  @noStrict
343: test262/test/annexB/language/eval-code/direct/func-if-stmt-else-decl-eval-func-skip-early-err-block.js  @noStrict
344: test262/test/annexB/language/eval-code/direct/func-if-stmt-else-decl-eval-func-skip-early-err-for-in.js  @noStrict
345: test262/test/annexB/language/eval-code/direct/func-if-stmt-else-decl-eval-func-skip-early-err-for-of.js  @noStrict
346: test262/test/annexB/language/eval-code/direct/func-if-stmt-else-decl-eval-func-skip-early-err-for.js  @noStrict
347: test262/test/annexB/language/eval-code/direct/func-if-stmt-else-decl-eval-func-skip-early-err-switch.js  @noStrict
348: test262/test/annexB/language/eval-code/direct/func-if-stmt-else-decl-eval-func-skip-early-err-try.js  @noStrict
349: test262/test/annexB/language/eval-code/direct/func-if-stmt-else-decl-eval-func-skip-early-err.js  @noStrict
350: test262/test/annexB/language/eval-code/direct/func-if-stmt-else-decl-eval-func-update.js  @noStrict
351: test262/test/annexB/language/eval-code/direct/func-switch-case-eval-func-block-scoping.js  @noStrict
352: test262/test/annexB/language/eval-code/direct/func-switch-case-eval-func-existing-block-fn-no-init.js  @noStrict
353: test262/test/annexB/language/eval-code/direct/func-switch-case-eval-func-existing-block-fn-update.js  @noStrict
354: test262/test/annexB/language/eval-code/direct/func-switch-case-eval-func-existing-fn-no-init.js  @noStrict
355: test262/test/annexB/language/eval-code/direct/func-switch-case-eval-func-existing-fn-update.js  @noStrict
356: test262/test/annexB/language/eval-code/direct/func-switch-case-eval-func-existing-var-no-init.js  @noStrict
357: test262/test/annexB/language/eval-code/direct/func-switch-case-eval-func-existing-var-update.js  @noStrict
358: test262/test/annexB/language/eval-code/direct/func-switch-case-eval-func-init.js  @noStrict
359: test262/test/annexB/language/eval-code/direct/func-switch-case-eval-func-no-skip-param.js  @noStrict
360: test262/test/annexB/language/eval-code/direct/func-switch-case-eval-func-no-skip-try.js  @noStrict
361: test262/test/annexB/language/eval-code/direct/func-switch-case-eval-func-skip-early-err-block.js  @noStrict
362: test262/test/annexB/language/eval-code/direct/func-switch-case-eval-func-skip-early-err-for-in.js  @noStrict
363: test262/test/annexB/language/eval-code/direct/func-switch-case-eval-func-skip-early-err-for-of.js  @noStrict
364: test262/test/annexB/language/eval-code/direct/func-switch-case-eval-func-skip-early-err-for.js  @noStrict
365: test262/test/annexB/language/eval-code/direct/func-switch-case-eval-func-skip-early-err-switch.js  @noStrict
366: test262/test/annexB/language/eval-code/direct/func-switch-case-eval-func-skip-early-err-try.js  @noStrict
367: test262/test/annexB/language/eval-code/direct/func-switch-case-eval-func-skip-early-err.js  @noStrict
368: test262/test/annexB/language/eval-code/direct/func-switch-case-eval-func-update.js  @noStrict
369: test262/test/annexB/language/eval-code/direct/func-switch-dflt-eval-func-block-scoping.js  @noStrict
370: test262/test/annexB/language/eval-code/direct/func-switch-dflt-eval-func-existing-block-fn-no-init.js  @noStrict
371: test262/test/annexB/language/eval-code/direct/func-switch-dflt-eval-func-existing-block-fn-update.js  @noStrict
372: test262/test/annexB/language/eval-code/direct/func-switch-dflt-eval-func-existing-fn-no-init.js  @noStrict
373: test262/test/annexB/language/eval-code/direct/func-switch-dflt-eval-func-existing-fn-update.js  @noStrict
374: test262/test/annexB/language/eval-code/direct/func-switch-dflt-eval-func-existing-var-no-init.js  @noStrict
375: test262/test/annexB/language/eval-code/direct/func-switch-dflt-eval-func-existing-var-update.js  @noStrict
376: test262/test/annexB/language/eval-code/direct/func-switch-dflt-eval-func-init.js  @noStrict
377: test262/test/annexB/language/eval-code/direct/func-switch-dflt-eval-func-no-skip-param.js  @noStrict
378: test262/test/annexB/language/eval-code/direct/func-switch-dflt-eval-func-no-skip-try.js  @noStrict
379: test262/test/annexB/language/eval-code/direct/func-switch-dflt-eval-func-skip-early-err-block.js  @noStrict
380: test262/test/annexB/language/eval-code/direct/func-switch-dflt-eval-func-skip-early-err-for-in.js  @noStrict
381: test262/test/annexB/language/eval-code/direct/func-switch-dflt-eval-func-skip-early-err-for-of.js  @noStrict
382: test262/test/annexB/language/eval-code/direct/func-switch-dflt-eval-func-skip-early-err-for.js  @noStrict
383: test262/test/annexB/language/eval-code/direct/func-switch-dflt-eval-func-skip-early-err-switch.js  @noStrict
384: test262/test/annexB/language/eval-code/direct/func-switch-dflt-eval-func-skip-early-err-try.js  @noStrict
385: test262/test/annexB/language/eval-code/direct/func-switch-dflt-eval-func-skip-early-err.js  @noStrict
386: test262/test/annexB/language/eval-code/direct/func-switch-dflt-eval-func-update.js  @noStrict
387: test262/test/annexB/language/eval-code/direct/global-block-decl-eval-global-block-scoping.js  @noStrict
388: test262/test/annexB/language/eval-code/direct/global-block-decl-eval-global-existing-block-fn-no-init.js  @noStrict
389: test262/test/annexB/language/eval-code/direct/global-block-decl-eval-global-existing-block-fn-update.js  @noStrict
390: test262/test/annexB/language/eval-code/direct/global-block-decl-eval-global-existing-fn-no-init.js  @noStrict
391: test262/test/annexB/language/eval-code/direct/global-block-decl-eval-global-existing-fn-update.js  @noStrict
392: test262/test/annexB/language/eval-code/direct/global-block-decl-eval-global-existing-global-init.js  @noStrict
393: test262/test/annexB/language/eval-code/direct/global-block-decl-eval-global-existing-global-update.js  @noStrict
394: test262/test/annexB/language/eval-code/direct/global-block-decl-eval-global-existing-non-enumerable-global-init.js  @noStrict
395: test262/test/annexB/language/eval-code/direct/global-block-decl-eval-global-existing-var-no-init.js  @noStrict
396: test262/test/annexB/language/eval-code/direct/global-block-decl-eval-global-existing-var-update.js  @noStrict
397: test262/test/annexB/language/eval-code/direct/global-block-decl-eval-global-init.js  @noStrict
398: test262/test/annexB/language/eval-code/direct/global-block-decl-eval-global-no-skip-try.js  @noStrict
399: test262/test/annexB/language/eval-code/direct/global-block-decl-eval-global-skip-early-err-block.js  @noStrict
400: test262/test/annexB/language/eval-code/direct/global-block-decl-eval-global-skip-early-err-for-in.js  @noStrict
401: test262/test/annexB/language/eval-code/direct/global-block-decl-eval-global-skip-early-err-for-of.js  @noStrict
402: test262/test/annexB/language/eval-code/direct/global-block-decl-eval-global-skip-early-err-for.js  @noStrict
403: test262/test/annexB/language/eval-code/direct/global-block-decl-eval-global-skip-early-err-switch.js  @noStrict
404: test262/test/annexB/language/eval-code/direct/global-block-decl-eval-global-skip-early-err-try.js  @noStrict
405: test262/test/annexB/language/eval-code/direct/global-block-decl-eval-global-skip-early-err.js  @noStrict
406: test262/test/annexB/language/eval-code/direct/global-block-decl-eval-global-update.js  @noStrict
407: test262/test/annexB/language/eval-code/direct/global-if-decl-else-decl-a-eval-global-block-scoping.js  @noStrict
408: test262/test/annexB/language/eval-code/direct/global-if-decl-else-decl-a-eval-global-existing-block-fn-no-init.js  @noStrict
409: test262/test/annexB/language/eval-code/direct/global-if-decl-else-decl-a-eval-global-existing-block-fn-update.js  @noStrict
410: test262/test/annexB/language/eval-code/direct/global-if-decl-else-decl-a-eval-global-existing-fn-no-init.js  @noStrict
411: test262/test/annexB/language/eval-code/direct/global-if-decl-else-decl-a-eval-global-existing-fn-update.js  @noStrict
412: test262/test/annexB/language/eval-code/direct/global-if-decl-else-decl-a-eval-global-existing-global-init.js  @noStrict
413: test262/test/annexB/language/eval-code/direct/global-if-decl-else-decl-a-eval-global-existing-global-update.js  @noStrict
414: test262/test/annexB/language/eval-code/direct/global-if-decl-else-decl-a-eval-global-existing-non-enumerable-global-init.js  @noStrict
415: test262/test/annexB/language/eval-code/direct/global-if-decl-else-decl-a-eval-global-existing-var-no-init.js  @noStrict
416: test262/test/annexB/language/eval-code/direct/global-if-decl-else-decl-a-eval-global-existing-var-update.js  @noStrict
417: test262/test/annexB/language/eval-code/direct/global-if-decl-else-decl-a-eval-global-init.js  @noStrict
418: test262/test/annexB/language/eval-code/direct/global-if-decl-else-decl-a-eval-global-no-skip-try.js  @noStrict
419: test262/test/annexB/language/eval-code/direct/global-if-decl-else-decl-a-eval-global-skip-early-err-block.js  @noStrict
420: test262/test/annexB/language/eval-code/direct/global-if-decl-else-decl-a-eval-global-skip-early-err-for-in.js  @noStrict
421: test262/test/annexB/language/eval-code/direct/global-if-decl-else-decl-a-eval-global-skip-early-err-for-of.js  @noStrict
422: test262/test/annexB/language/eval-code/direct/global-if-decl-else-decl-a-eval-global-skip-early-err-for.js  @noStrict
423: test262/test/annexB/language/eval-code/direct/global-if-decl-else-decl-a-eval-global-skip-early-err-switch.js  @noStrict
424: test262/test/annexB/language/eval-code/direct/global-if-decl-else-decl-a-eval-global-skip-early-err-try.js  @noStrict
425: test262/test/annexB/language/eval-code/direct/global-if-decl-else-decl-a-eval-global-skip-early-err.js  @noStrict
426: test262/test/annexB/language/eval-code/direct/global-if-decl-else-decl-a-eval-global-update.js  @noStrict
427: test262/test/annexB/language/eval-code/direct/global-if-decl-else-decl-b-eval-global-block-scoping.js  @noStrict
428: test262/test/annexB/language/eval-code/direct/global-if-decl-else-decl-b-eval-global-existing-block-fn-no-init.js  @noStrict
429: test262/test/annexB/language/eval-code/direct/global-if-decl-else-decl-b-eval-global-existing-block-fn-update.js  @noStrict
430: test262/test/annexB/language/eval-code/direct/global-if-decl-else-decl-b-eval-global-existing-fn-no-init.js  @noStrict
431: test262/test/annexB/language/eval-code/direct/global-if-decl-else-decl-b-eval-global-existing-fn-update.js  @noStrict
432: test262/test/annexB/language/eval-code/direct/global-if-decl-else-decl-b-eval-global-existing-global-init.js  @noStrict
433: test262/test/annexB/language/eval-code/direct/global-if-decl-else-decl-b-eval-global-existing-global-update.js  @noStrict
434: test262/test/annexB/language/eval-code/direct/global-if-decl-else-decl-b-eval-global-existing-non-enumerable-global-init.js  @noStrict
435: test262/test/annexB/language/eval-code/direct/global-if-decl-else-decl-b-eval-global-existing-var-no-init.js  @noStrict
436: test262/test/annexB/language/eval-code/direct/global-if-decl-else-decl-b-eval-global-existing-var-update.js  @noStrict
437: test262/test/annexB/language/eval-code/direct/global-if-decl-else-decl-b-eval-global-init.js  @noStrict
438: test262/test/annexB/language/eval-code/direct/global-if-decl-else-decl-b-eval-global-no-skip-try.js  @noStrict
439: test262/test/annexB/language/eval-code/direct/global-if-decl-else-decl-b-eval-global-skip-early-err-block.js  @noStrict
440: test262/test/annexB/language/eval-code/direct/global-if-decl-else-decl-b-eval-global-skip-early-err-for-in.js  @noStrict
441: test262/test/annexB/language/eval-code/direct/global-if-decl-else-decl-b-eval-global-skip-early-err-for-of.js  @noStrict
442: test262/test/annexB/language/eval-code/direct/global-if-decl-else-decl-b-eval-global-skip-early-err-for.js  @noStrict
443: test262/test/annexB/language/eval-code/direct/global-if-decl-else-decl-b-eval-global-skip-early-err-switch.js  @noStrict
444: test262/test/annexB/language/eval-code/direct/global-if-decl-else-decl-b-eval-global-skip-early-err-try.js  @noStrict
445: test262/test/annexB/language/eval-code/direct/global-if-decl-else-decl-b-eval-global-skip-early-err.js  @noStrict
446: test262/test/annexB/language/eval-code/direct/global-if-decl-else-decl-b-eval-global-update.js  @noStrict
447: test262/test/annexB/language/eval-code/direct/global-if-decl-else-stmt-eval-global-block-scoping.js  @noStrict
448: test262/test/annexB/language/eval-code/direct/global-if-decl-else-stmt-eval-global-existing-block-fn-no-init.js  @noStrict
449: test262/test/annexB/language/eval-code/direct/global-if-decl-else-stmt-eval-global-existing-block-fn-update.js  @noStrict
450: test262/test/annexB/language/eval-code/direct/global-if-decl-else-stmt-eval-global-existing-fn-no-init.js  @noStrict
451: test262/test/annexB/language/eval-code/direct/global-if-decl-else-stmt-eval-global-existing-fn-update.js  @noStrict
452: test262/test/annexB/language/eval-code/direct/global-if-decl-else-stmt-eval-global-existing-global-init.js  @noStrict
453: test262/test/annexB/language/eval-code/direct/global-if-decl-else-stmt-eval-global-existing-global-update.js  @noStrict
454: test262/test/annexB/language/eval-code/direct/global-if-decl-else-stmt-eval-global-existing-non-enumerable-global-init.js  @noStrict
455: test262/test/annexB/language/eval-code/direct/global-if-decl-else-stmt-eval-global-existing-var-no-init.js  @noStrict
456: test262/test/annexB/language/eval-code/direct/global-if-decl-else-stmt-eval-global-existing-var-update.js  @noStrict
457: test262/test/annexB/language/eval-code/direct/global-if-decl-else-stmt-eval-global-init.js  @noStrict
458: test262/test/annexB/language/eval-code/direct/global-if-decl-else-stmt-eval-global-no-skip-try.js  @noStrict
459: test262/test/annexB/language/eval-code/direct/global-if-decl-else-stmt-eval-global-skip-early-err-block.js  @noStrict
460: test262/test/annexB/language/eval-code/direct/global-if-decl-else-stmt-eval-global-skip-early-err-for-in.js  @noStrict
461: test262/test/annexB/language/eval-code/direct/global-if-decl-else-stmt-eval-global-skip-early-err-for-of.js  @noStrict
462: test262/test/annexB/language/eval-code/direct/global-if-decl-else-stmt-eval-global-skip-early-err-for.js  @noStrict
463: test262/test/annexB/language/eval-code/direct/global-if-decl-else-stmt-eval-global-skip-early-err-switch.js  @noStrict
464: test262/test/annexB/language/eval-code/direct/global-if-decl-else-stmt-eval-global-skip-early-err-try.js  @noStrict
465: test262/test/annexB/language/eval-code/direct/global-if-decl-else-stmt-eval-global-skip-early-err.js  @noStrict
466: test262/test/annexB/language/eval-code/direct/global-if-decl-else-stmt-eval-global-update.js  @noStrict
467: test262/test/annexB/language/eval-code/direct/global-if-decl-no-else-eval-global-block-scoping.js  @noStrict
468: test262/test/annexB/language/eval-code/direct/global-if-decl-no-else-eval-global-existing-block-fn-no-init.js  @noStrict
469: test262/test/annexB/language/eval-code/direct/global-if-decl-no-else-eval-global-existing-block-fn-update.js  @noStrict
470: test262/test/annexB/language/eval-code/direct/global-if-decl-no-else-eval-global-existing-fn-no-init.js  @noStrict
471: test262/test/annexB/language/eval-code/direct/global-if-decl-no-else-eval-global-existing-fn-update.js  @noStrict
472: test262/test/annexB/language/eval-code/direct/global-if-decl-no-else-eval-global-existing-global-init.js  @noStrict
473: test262/test/annexB/language/eval-code/direct/global-if-decl-no-else-eval-global-existing-global-update.js  @noStrict
474: test262/test/annexB/language/eval-code/direct/global-if-decl-no-else-eval-global-existing-non-enumerable-global-init.js  @noStrict
475: test262/test/annexB/language/eval-code/direct/global-if-decl-no-else-eval-global-existing-var-no-init.js  @noStrict
476: test262/test/annexB/language/eval-code/direct/global-if-decl-no-else-eval-global-existing-var-update.js  @noStrict
477: test262/test/annexB/language/eval-code/direct/global-if-decl-no-else-eval-global-init.js  @noStrict
478: test262/test/annexB/language/eval-code/direct/global-if-decl-no-else-eval-global-no-skip-try.js  @noStrict
479: test262/test/annexB/language/eval-code/direct/global-if-decl-no-else-eval-global-skip-early-err-block.js  @noStrict
480: test262/test/annexB/language/eval-code/direct/global-if-decl-no-else-eval-global-skip-early-err-for-in.js  @noStrict
481: test262/test/annexB/language/eval-code/direct/global-if-decl-no-else-eval-global-skip-early-err-for-of.js  @noStrict
482: test262/test/annexB/language/eval-code/direct/global-if-decl-no-else-eval-global-skip-early-err-for.js  @noStrict
483: test262/test/annexB/language/eval-code/direct/global-if-decl-no-else-eval-global-skip-early-err-switch.js  @noStrict
484: test262/test/annexB/language/eval-code/direct/global-if-decl-no-else-eval-global-skip-early-err-try.js  @noStrict
485: test262/test/annexB/language/eval-code/direct/global-if-decl-no-else-eval-global-skip-early-err.js  @noStrict
486: test262/test/annexB/language/eval-code/direct/global-if-decl-no-else-eval-global-update.js  @noStrict
487: test262/test/annexB/language/eval-code/direct/global-if-stmt-else-decl-eval-global-block-scoping.js  @noStrict
488: test262/test/annexB/language/eval-code/direct/global-if-stmt-else-decl-eval-global-existing-block-fn-no-init.js  @noStrict
489: test262/test/annexB/language/eval-code/direct/global-if-stmt-else-decl-eval-global-existing-block-fn-update.js  @noStrict
490: test262/test/annexB/language/eval-code/direct/global-if-stmt-else-decl-eval-global-existing-fn-no-init.js  @noStrict
491: test262/test/annexB/language/eval-code/direct/global-if-stmt-else-decl-eval-global-existing-fn-update.js  @noStrict
492: test262/test/annexB/language/eval-code/direct/global-if-stmt-else-decl-eval-global-existing-global-init.js  @noStrict
493: test262/test/annexB/language/eval-code/direct/global-if-stmt-else-decl-eval-global-existing-global-update.js  @noStrict
494: test262/test/annexB/language/eval-code/direct/global-if-stmt-else-decl-eval-global-existing-non-enumerable-global-init.js  @noStrict
495: test262/test/annexB/language/eval-code/direct/global-if-stmt-else-decl-eval-global-existing-var-no-init.js  @noStrict
496: test262/test/annexB/language/eval-code/direct/global-if-stmt-else-decl-eval-global-existing-var-update.js  @noStrict
497: test262/test/annexB/language/eval-code/direct/global-if-stmt-else-decl-eval-global-init.js  @noStrict
498: test262/test/annexB/language/eval-code/direct/global-if-stmt-else-decl-eval-global-no-skip-try.js  @noStrict
499: test262/test/annexB/language/eval-code/direct/global-if-stmt-else-decl-eval-global-skip-early-err-block.js  @noStrict
500: test262/test/annexB/language/eval-code/direct/global-if-stmt-else-decl-eval-global-skip-early-err-for-in.js  @noStrict
501: test262/test/annexB/language/eval-code/direct/global-if-stmt-else-decl-eval-global-skip-early-err-for-of.js  @noStrict
502: test262/test/annexB/language/eval-code/direct/global-if-stmt-else-decl-eval-global-skip-early-err-for.js  @noStrict
503: test262/test/annexB/language/eval-code/direct/global-if-stmt-else-decl-eval-global-skip-early-err-switch.js  @noStrict
504: test262/test/annexB/language/eval-code/direct/global-if-stmt-else-decl-eval-global-skip-early-err-try.js  @noStrict
505: test262/test/annexB/language/eval-code/direct/global-if-stmt-else-decl-eval-global-skip-early-err.js  @noStrict
506: test262/test/annexB/language/eval-code/direct/global-if-stmt-else-decl-eval-global-update.js  @noStrict
507: test262/test/annexB/language/eval-code/direct/global-switch-case-eval-global-block-scoping.js  @noStrict
508: test262/test/annexB/language/eval-code/direct/global-switch-case-eval-global-existing-block-fn-no-init.js  @noStrict
509: test262/test/annexB/language/eval-code/direct/global-switch-case-eval-global-existing-block-fn-update.js  @noStrict
510: test262/test/annexB/language/eval-code/direct/global-switch-case-eval-global-existing-fn-no-init.js  @noStrict
511: test262/test/annexB/language/eval-code/direct/global-switch-case-eval-global-existing-fn-update.js  @noStrict
512: test262/test/annexB/language/eval-code/direct/global-switch-case-eval-global-existing-global-init.js  @noStrict
513: test262/test/annexB/language/eval-code/direct/global-switch-case-eval-global-existing-global-update.js  @noStrict
514: test262/test/annexB/language/eval-code/direct/global-switch-case-eval-global-existing-non-enumerable-global-init.js  @noStrict
515: test262/test/annexB/language/eval-code/direct/global-switch-case-eval-global-existing-var-no-init.js  @noStrict
516: test262/test/annexB/language/eval-code/direct/global-switch-case-eval-global-existing-var-update.js  @noStrict
517: test262/test/annexB/language/eval-code/direct/global-switch-case-eval-global-init.js  @noStrict
518: test262/test/annexB/language/eval-code/direct/global-switch-case-eval-global-no-skip-try.js  @noStrict
519: test262/test/annexB/language/eval-code/direct/global-switch-case-eval-global-skip-early-err-block.js  @noStrict
520: test262/test/annexB/language/eval-code/direct/global-switch-case-eval-global-skip-early-err-for-in.js  @noStrict
521: test262/test/annexB/language/eval-code/direct/global-switch-case-eval-global-skip-early-err-for-of.js  @noStrict
522: test262/test/annexB/language/eval-code/direct/global-switch-case-eval-global-skip-early-err-for.js  @noStrict
523: test262/test/annexB/language/eval-code/direct/global-switch-case-eval-global-skip-early-err-switch.js  @noStrict
524: test262/test/annexB/language/eval-code/direct/global-switch-case-eval-global-skip-early-err-try.js  @noStrict
525: test262/test/annexB/language/eval-code/direct/global-switch-case-eval-global-skip-early-err.js  @noStrict
526: test262/test/annexB/language/eval-code/direct/global-switch-case-eval-global-update.js  @noStrict
527: test262/test/annexB/language/eval-code/direct/global-switch-dflt-eval-global-block-scoping.js  @noStrict
528: test262/test/annexB/language/eval-code/direct/global-switch-dflt-eval-global-existing-block-fn-no-init.js  @noStrict
529: test262/test/annexB/language/eval-code/direct/global-switch-dflt-eval-global-existing-block-fn-update.js  @noStrict
530: test262/test/annexB/language/eval-code/direct/global-switch-dflt-eval-global-existing-fn-no-init.js  @noStrict
531: test262/test/annexB/language/eval-code/direct/global-switch-dflt-eval-global-existing-fn-update.js  @noStrict
532: test262/test/annexB/language/eval-code/direct/global-switch-dflt-eval-global-existing-global-init.js  @noStrict
533: test262/test/annexB/language/eval-code/direct/global-switch-dflt-eval-global-existing-global-update.js  @noStrict
534: test262/test/annexB/language/eval-code/direct/global-switch-dflt-eval-global-existing-non-enumerable-global-init.js  @noStrict
535: test262/test/annexB/language/eval-code/direct/global-switch-dflt-eval-global-existing-var-no-init.js  @noStrict
536: test262/test/annexB/language/eval-code/direct/global-switch-dflt-eval-global-existing-var-update.js  @noStrict
537: test262/test/annexB/language/eval-code/direct/global-switch-dflt-eval-global-init.js  @noStrict
538: test262/test/annexB/language/eval-code/direct/global-switch-dflt-eval-global-no-skip-try.js  @noStrict
539: test262/test/annexB/language/eval-code/direct/global-switch-dflt-eval-global-skip-early-err-block.js  @noStrict
540: test262/test/annexB/language/eval-code/direct/global-switch-dflt-eval-global-skip-early-err-for-in.js  @noStrict
541: test262/test/annexB/language/eval-code/direct/global-switch-dflt-eval-global-skip-early-err-for-of.js  @noStrict
542: test262/test/annexB/language/eval-code/direct/global-switch-dflt-eval-global-skip-early-err-for.js  @noStrict
543: test262/test/annexB/language/eval-code/direct/global-switch-dflt-eval-global-skip-early-err-switch.js  @noStrict
544: test262/test/annexB/language/eval-code/direct/global-switch-dflt-eval-global-skip-early-err-try.js  @noStrict
545: test262/test/annexB/language/eval-code/direct/global-switch-dflt-eval-global-skip-early-err.js  @noStrict
546: test262/test/annexB/language/eval-code/direct/global-switch-dflt-eval-global-update.js  @noStrict
547: test262/test/annexB/language/eval-code/direct/switch-case-decl-nostrict.js  @noStrict
548: test262/test/annexB/language/eval-code/direct/switch-dflt-decl-nostrict.js  @noStrict
549: test262/test/annexB/language/eval-code/direct/var-env-lower-lex-catch-non-strict.js  @noStrict
550: test262/test/annexB/language/eval-code/indirect/global-block-decl-eval-global-block-scoping.js  @noStrict
551: test262/test/annexB/language/eval-code/indirect/global-block-decl-eval-global-existing-block-fn-no-init.js  @noStrict
552: test262/test/annexB/language/eval-code/indirect/global-block-decl-eval-global-existing-block-fn-update.js  @noStrict
553: test262/test/annexB/language/eval-code/indirect/global-block-decl-eval-global-existing-fn-no-init.js  @noStrict
554: test262/test/annexB/language/eval-code/indirect/global-block-decl-eval-global-existing-fn-update.js  @noStrict
555: test262/test/annexB/language/eval-code/indirect/global-block-decl-eval-global-existing-global-init.js  @noStrict
556: test262/test/annexB/language/eval-code/indirect/global-block-decl-eval-global-existing-global-update.js  @noStrict
557: test262/test/annexB/language/eval-code/indirect/global-block-decl-eval-global-existing-non-enumerable-global-init.js  @noStrict
558: test262/test/annexB/language/eval-code/indirect/global-block-decl-eval-global-existing-var-no-init.js  @noStrict
559: test262/test/annexB/language/eval-code/indirect/global-block-decl-eval-global-existing-var-update.js  @noStrict
560: test262/test/annexB/language/eval-code/indirect/global-block-decl-eval-global-init.js  @noStrict
561: test262/test/annexB/language/eval-code/indirect/global-block-decl-eval-global-no-skip-try.js  @noStrict
562: test262/test/annexB/language/eval-code/indirect/global-block-decl-eval-global-skip-early-err-block.js  @noStrict
563: test262/test/annexB/language/eval-code/indirect/global-block-decl-eval-global-skip-early-err-for-in.js  @noStrict
564: test262/test/annexB/language/eval-code/indirect/global-block-decl-eval-global-skip-early-err-for-of.js  @noStrict
565: test262/test/annexB/language/eval-code/indirect/global-block-decl-eval-global-skip-early-err-for.js  @noStrict
566: test262/test/annexB/language/eval-code/indirect/global-block-decl-eval-global-skip-early-err-switch.js  @noStrict
567: test262/test/annexB/language/eval-code/indirect/global-block-decl-eval-global-skip-early-err-try.js  @noStrict
568: test262/test/annexB/language/eval-code/indirect/global-block-decl-eval-global-skip-early-err.js  @noStrict
569: test262/test/annexB/language/eval-code/indirect/global-block-decl-eval-global-update.js  @noStrict
570: test262/test/annexB/language/eval-code/indirect/global-if-decl-else-decl-a-eval-global-block-scoping.js  @noStrict
571: test262/test/annexB/language/eval-code/indirect/global-if-decl-else-decl-a-eval-global-existing-block-fn-no-init.js  @noStrict
572: test262/test/annexB/language/eval-code/indirect/global-if-decl-else-decl-a-eval-global-existing-block-fn-update.js  @noStrict
573: test262/test/annexB/language/eval-code/indirect/global-if-decl-else-decl-a-eval-global-existing-fn-no-init.js  @noStrict
574: test262/test/annexB/language/eval-code/indirect/global-if-decl-else-decl-a-eval-global-existing-fn-update.js  @noStrict
575: test262/test/annexB/language/eval-code/indirect/global-if-decl-else-decl-a-eval-global-existing-global-init.js  @noStrict
576: test262/test/annexB/language/eval-code/indirect/global-if-decl-else-decl-a-eval-global-existing-global-update.js  @noStrict
577: test262/test/annexB/language/eval-code/indirect/global-if-decl-else-decl-a-eval-global-existing-non-enumerable-global-init.js  @noStrict
578: test262/test/annexB/language/eval-code/indirect/global-if-decl-else-decl-a-eval-global-existing-var-no-init.js  @noStrict
579: test262/test/annexB/language/eval-code/indirect/global-if-decl-else-decl-a-eval-global-existing-var-update.js  @noStrict
580: test262/test/annexB/language/eval-code/indirect/global-if-decl-else-decl-a-eval-global-init.js  @noStrict
581: test262/test/annexB/language/eval-code/indirect/global-if-decl-else-decl-a-eval-global-no-skip-try.js  @noStrict
582: test262/test/annexB/language/eval-code/indirect/global-if-decl-else-decl-a-eval-global-skip-early-err-block.js  @noStrict
583: test262/test/annexB/language/eval-code/indirect/global-if-decl-else-decl-a-eval-global-skip-early-err-for-in.js  @noStrict
584: test262/test/annexB/language/eval-code/indirect/global-if-decl-else-decl-a-eval-global-skip-early-err-for-of.js  @noStrict
585: test262/test/annexB/language/eval-code/indirect/global-if-decl-else-decl-a-eval-global-skip-early-err-for.js  @noStrict
586: test262/test/annexB/language/eval-code/indirect/global-if-decl-else-decl-a-eval-global-skip-early-err-switch.js  @noStrict
587: test262/test/annexB/language/eval-code/indirect/global-if-decl-else-decl-a-eval-global-skip-early-err-try.js  @noStrict
588: test262/test/annexB/language/eval-code/indirect/global-if-decl-else-decl-a-eval-global-skip-early-err.js  @noStrict
589: test262/test/annexB/language/eval-code/indirect/global-if-decl-else-decl-a-eval-global-update.js  @noStrict
590: test262/test/annexB/language/eval-code/indirect/global-if-decl-else-decl-b-eval-global-block-scoping.js  @noStrict
591: test262/test/annexB/language/eval-code/indirect/global-if-decl-else-decl-b-eval-global-existing-block-fn-no-init.js  @noStrict
592: test262/test/annexB/language/eval-code/indirect/global-if-decl-else-decl-b-eval-global-existing-block-fn-update.js  @noStrict
593: test262/test/annexB/language/eval-code/indirect/global-if-decl-else-decl-b-eval-global-existing-fn-no-init.js  @noStrict
594: test262/test/annexB/language/eval-code/indirect/global-if-decl-else-decl-b-eval-global-existing-fn-update.js  @noStrict
595: test262/test/annexB/language/eval-code/indirect/global-if-decl-else-decl-b-eval-global-existing-global-init.js  @noStrict
596: test262/test/annexB/language/eval-code/indirect/global-if-decl-else-decl-b-eval-global-existing-global-update.js  @noStrict
597: test262/test/annexB/language/eval-code/indirect/global-if-decl-else-decl-b-eval-global-existing-non-enumerable-global-init.js  @noStrict
598: test262/test/annexB/language/eval-code/indirect/global-if-decl-else-decl-b-eval-global-existing-var-no-init.js  @noStrict
599: test262/test/annexB/language/eval-code/indirect/global-if-decl-else-decl-b-eval-global-existing-var-update.js  @noStrict
600: test262/test/annexB/language/eval-code/indirect/global-if-decl-else-decl-b-eval-global-init.js  @noStrict
601: test262/test/annexB/language/eval-code/indirect/global-if-decl-else-decl-b-eval-global-no-skip-try.js  @noStrict
602: test262/test/annexB/language/eval-code/indirect/global-if-decl-else-decl-b-eval-global-skip-early-err-block.js  @noStrict
603: test262/test/annexB/language/eval-code/indirect/global-if-decl-else-decl-b-eval-global-skip-early-err-for-in.js  @noStrict
604: test262/test/annexB/language/eval-code/indirect/global-if-decl-else-decl-b-eval-global-skip-early-err-for-of.js  @noStrict
605: test262/test/annexB/language/eval-code/indirect/global-if-decl-else-decl-b-eval-global-skip-early-err-for.js  @noStrict
606: test262/test/annexB/language/eval-code/indirect/global-if-decl-else-decl-b-eval-global-skip-early-err-switch.js  @noStrict
607: test262/test/annexB/language/eval-code/indirect/global-if-decl-else-decl-b-eval-global-skip-early-err-try.js  @noStrict
608: test262/test/annexB/language/eval-code/indirect/global-if-decl-else-decl-b-eval-global-skip-early-err.js  @noStrict
609: test262/test/annexB/language/eval-code/indirect/global-if-decl-else-decl-b-eval-global-update.js  @noStrict
610: test262/test/annexB/language/eval-code/indirect/global-if-decl-else-stmt-eval-global-block-scoping.js  @noStrict
611: test262/test/annexB/language/eval-code/indirect/global-if-decl-else-stmt-eval-global-existing-block-fn-no-init.js  @noStrict
612: test262/test/annexB/language/eval-code/indirect/global-if-decl-else-stmt-eval-global-existing-block-fn-update.js  @noStrict
613: test262/test/annexB/language/eval-code/indirect/global-if-decl-else-stmt-eval-global-existing-fn-no-init.js  @noStrict
614: test262/test/annexB/language/eval-code/indirect/global-if-decl-else-stmt-eval-global-existing-fn-update.js  @noStrict
615: test262/test/annexB/language/eval-code/indirect/global-if-decl-else-stmt-eval-global-existing-global-init.js  @noStrict
616: test262/test/annexB/language/eval-code/indirect/global-if-decl-else-stmt-eval-global-existing-global-update.js  @noStrict
617: test262/test/annexB/language/eval-code/indirect/global-if-decl-else-stmt-eval-global-existing-non-enumerable-global-init.js  @noStrict
618: test262/test/annexB/language/eval-code/indirect/global-if-decl-else-stmt-eval-global-existing-var-no-init.js  @noStrict
619: test262/test/annexB/language/eval-code/indirect/global-if-decl-else-stmt-eval-global-existing-var-update.js  @noStrict
620: test262/test/annexB/language/eval-code/indirect/global-if-decl-else-stmt-eval-global-init.js  @noStrict
621: test262/test/annexB/language/eval-code/indirect/global-if-decl-else-stmt-eval-global-no-skip-try.js  @noStrict
622: test262/test/annexB/language/eval-code/indirect/global-if-decl-else-stmt-eval-global-skip-early-err-block.js  @noStrict
623: test262/test/annexB/language/eval-code/indirect/global-if-decl-else-stmt-eval-global-skip-early-err-for-in.js  @noStrict
624: test262/test/annexB/language/eval-code/indirect/global-if-decl-else-stmt-eval-global-skip-early-err-for-of.js  @noStrict
625: test262/test/annexB/language/eval-code/indirect/global-if-decl-else-stmt-eval-global-skip-early-err-for.js  @noStrict
626: test262/test/annexB/language/eval-code/indirect/global-if-decl-else-stmt-eval-global-skip-early-err-switch.js  @noStrict
627: test262/test/annexB/language/eval-code/indirect/global-if-decl-else-stmt-eval-global-skip-early-err-try.js  @noStrict
628: test262/test/annexB/language/eval-code/indirect/global-if-decl-else-stmt-eval-global-skip-early-err.js  @noStrict
629: test262/test/annexB/language/eval-code/indirect/global-if-decl-else-stmt-eval-global-update.js  @noStrict
630: test262/test/annexB/language/eval-code/indirect/global-if-decl-no-else-eval-global-block-scoping.js  @noStrict
631: test262/test/annexB/language/eval-code/indirect/global-if-decl-no-else-eval-global-existing-block-fn-no-init.js  @noStrict
632: test262/test/annexB/language/eval-code/indirect/global-if-decl-no-else-eval-global-existing-block-fn-update.js  @noStrict
633: test262/test/annexB/language/eval-code/indirect/global-if-decl-no-else-eval-global-existing-fn-no-init.js  @noStrict
634: test262/test/annexB/language/eval-code/indirect/global-if-decl-no-else-eval-global-existing-fn-update.js  @noStrict
635: test262/test/annexB/language/eval-code/indirect/global-if-decl-no-else-eval-global-existing-global-init.js  @noStrict
636: test262/test/annexB/language/eval-code/indirect/global-if-decl-no-else-eval-global-existing-global-update.js  @noStrict
637: test262/test/annexB/language/eval-code/indirect/global-if-decl-no-else-eval-global-existing-non-enumerable-global-init.js  @noStrict
638: test262/test/annexB/language/eval-code/indirect/global-if-decl-no-else-eval-global-existing-var-no-init.js  @noStrict
639: test262/test/annexB/language/eval-code/indirect/global-if-decl-no-else-eval-global-existing-var-update.js  @noStrict
640: test262/test/annexB/language/eval-code/indirect/global-if-decl-no-else-eval-global-init.js  @noStrict
641: test262/test/annexB/language/eval-code/indirect/global-if-decl-no-else-eval-global-no-skip-try.js  @noStrict
642: test262/test/annexB/language/eval-code/indirect/global-if-decl-no-else-eval-global-skip-early-err-block.js  @noStrict
643: test262/test/annexB/language/eval-code/indirect/global-if-decl-no-else-eval-global-skip-early-err-for-in.js  @noStrict
644: test262/test/annexB/language/eval-code/indirect/global-if-decl-no-else-eval-global-skip-early-err-for-of.js  @noStrict
645: test262/test/annexB/language/eval-code/indirect/global-if-decl-no-else-eval-global-skip-early-err-for.js  @noStrict
646: test262/test/annexB/language/eval-code/indirect/global-if-decl-no-else-eval-global-skip-early-err-switch.js  @noStrict
647: test262/test/annexB/language/eval-code/indirect/global-if-decl-no-else-eval-global-skip-early-err-try.js  @noStrict
648: test262/test/annexB/language/eval-code/indirect/global-if-decl-no-else-eval-global-skip-early-err.js  @noStrict
649: test262/test/annexB/language/eval-code/indirect/global-if-decl-no-else-eval-global-update.js  @noStrict
650: test262/test/annexB/language/eval-code/indirect/global-if-stmt-else-decl-eval-global-block-scoping.js  @noStrict
651: test262/test/annexB/language/eval-code/indirect/global-if-stmt-else-decl-eval-global-existing-block-fn-no-init.js  @noStrict
652: test262/test/annexB/language/eval-code/indirect/global-if-stmt-else-decl-eval-global-existing-block-fn-update.js  @noStrict
653: test262/test/annexB/language/eval-code/indirect/global-if-stmt-else-decl-eval-global-existing-fn-no-init.js  @noStrict
654: test262/test/annexB/language/eval-code/indirect/global-if-stmt-else-decl-eval-global-existing-fn-update.js  @noStrict
655: test262/test/annexB/language/eval-code/indirect/global-if-stmt-else-decl-eval-global-existing-global-init.js  @noStrict
656: test262/test/annexB/language/eval-code/indirect/global-if-stmt-else-decl-eval-global-existing-global-update.js  @noStrict
657: test262/test/annexB/language/eval-code/indirect/global-if-stmt-else-decl-eval-global-existing-non-enumerable-global-init.js  @noStrict
658: test262/test/annexB/language/eval-code/indirect/global-if-stmt-else-decl-eval-global-existing-var-no-init.js  @noStrict
659: test262/test/annexB/language/eval-code/indirect/global-if-stmt-else-decl-eval-global-existing-var-update.js  @noStrict
660: test262/test/annexB/language/eval-code/indirect/global-if-stmt-else-decl-eval-global-init.js  @noStrict
661: test262/test/annexB/language/eval-code/indirect/global-if-stmt-else-decl-eval-global-no-skip-try.js  @noStrict
662: test262/test/annexB/language/eval-code/indirect/global-if-stmt-else-decl-eval-global-skip-early-err-block.js  @noStrict
663: test262/test/annexB/language/eval-code/indirect/global-if-stmt-else-decl-eval-global-skip-early-err-for-in.js  @noStrict
664: test262/test/annexB/language/eval-code/indirect/global-if-stmt-else-decl-eval-global-skip-early-err-for-of.js  @noStrict
665: test262/test/annexB/language/eval-code/indirect/global-if-stmt-else-decl-eval-global-skip-early-err-for.js  @noStrict
666: test262/test/annexB/language/eval-code/indirect/global-if-stmt-else-decl-eval-global-skip-early-err-switch.js  @noStrict
667: test262/test/annexB/language/eval-code/indirect/global-if-stmt-else-decl-eval-global-skip-early-err-try.js  @noStrict
668: test262/test/annexB/language/eval-code/indirect/global-if-stmt-else-decl-eval-global-skip-early-err.js  @noStrict
669: test262/test/annexB/language/eval-code/indirect/global-if-stmt-else-decl-eval-global-update.js  @noStrict
670: test262/test/annexB/language/eval-code/indirect/global-switch-case-eval-global-block-scoping.js  @noStrict
671: test262/test/annexB/language/eval-code/indirect/global-switch-case-eval-global-existing-block-fn-no-init.js  @noStrict
672: test262/test/annexB/language/eval-code/indirect/global-switch-case-eval-global-existing-block-fn-update.js  @noStrict
673: test262/test/annexB/language/eval-code/indirect/global-switch-case-eval-global-existing-fn-no-init.js  @noStrict
674: test262/test/annexB/language/eval-code/indirect/global-switch-case-eval-global-existing-fn-update.js  @noStrict
675: test262/test/annexB/language/eval-code/indirect/global-switch-case-eval-global-existing-global-init.js  @noStrict
676: test262/test/annexB/language/eval-code/indirect/global-switch-case-eval-global-existing-global-update.js  @noStrict
677: test262/test/annexB/language/eval-code/indirect/global-switch-case-eval-global-existing-non-enumerable-global-init.js  @noStrict
678: test262/test/annexB/language/eval-code/indirect/global-switch-case-eval-global-existing-var-no-init.js  @noStrict
679: test262/test/annexB/language/eval-code/indirect/global-switch-case-eval-global-existing-var-update.js  @noStrict
680: test262/test/annexB/language/eval-code/indirect/global-switch-case-eval-global-init.js  @noStrict
681: test262/test/annexB/language/eval-code/indirect/global-switch-case-eval-global-no-skip-try.js  @noStrict
682: test262/test/annexB/language/eval-code/indirect/global-switch-case-eval-global-skip-early-err-block.js  @noStrict
683: test262/test/annexB/language/eval-code/indirect/global-switch-case-eval-global-skip-early-err-for-in.js  @noStrict
684: test262/test/annexB/language/eval-code/indirect/global-switch-case-eval-global-skip-early-err-for-of.js  @noStrict
685: test262/test/annexB/language/eval-code/indirect/global-switch-case-eval-global-skip-early-err-for.js  @noStrict
686: test262/test/annexB/language/eval-code/indirect/global-switch-case-eval-global-skip-early-err-switch.js  @noStrict
687: test262/test/annexB/language/eval-code/indirect/global-switch-case-eval-global-skip-early-err-try.js  @noStrict
688: test262/test/annexB/language/eval-code/indirect/global-switch-case-eval-global-skip-early-err.js  @noStrict
689: test262/test/annexB/language/eval-code/indirect/global-switch-case-eval-global-update.js  @noStrict
690: test262/test/annexB/language/eval-code/indirect/global-switch-dflt-eval-global-block-scoping.js  @noStrict
691: test262/test/annexB/language/eval-code/indirect/global-switch-dflt-eval-global-existing-block-fn-no-init.js  @noStrict
692: test262/test/annexB/language/eval-code/indirect/global-switch-dflt-eval-global-existing-block-fn-update.js  @noStrict
693: test262/test/annexB/language/eval-code/indirect/global-switch-dflt-eval-global-existing-fn-no-init.js  @noStrict
694: test262/test/annexB/language/eval-code/indirect/global-switch-dflt-eval-global-existing-fn-update.js  @noStrict
695: test262/test/annexB/language/eval-code/indirect/global-switch-dflt-eval-global-existing-global-init.js  @noStrict
696: test262/test/annexB/language/eval-code/indirect/global-switch-dflt-eval-global-existing-global-update.js  @noStrict
697: test262/test/annexB/language/eval-code/indirect/global-switch-dflt-eval-global-existing-non-enumerable-global-init.js  @noStrict
698: test262/test/annexB/language/eval-code/indirect/global-switch-dflt-eval-global-existing-var-no-init.js  @noStrict
699: test262/test/annexB/language/eval-code/indirect/global-switch-dflt-eval-global-existing-var-update.js  @noStrict
700: test262/test/annexB/language/eval-code/indirect/global-switch-dflt-eval-global-init.js  @noStrict
701: test262/test/annexB/language/eval-code/indirect/global-switch-dflt-eval-global-no-skip-try.js  @noStrict
702: test262/test/annexB/language/eval-code/indirect/global-switch-dflt-eval-global-skip-early-err-block.js  @noStrict
703: test262/test/annexB/language/eval-code/indirect/global-switch-dflt-eval-global-skip-early-err-for-in.js  @noStrict
704: test262/test/annexB/language/eval-code/indirect/global-switch-dflt-eval-global-skip-early-err-for-of.js  @noStrict
705: test262/test/annexB/language/eval-code/indirect/global-switch-dflt-eval-global-skip-early-err-for.js  @noStrict
706: test262/test/annexB/language/eval-code/indirect/global-switch-dflt-eval-global-skip-early-err-switch.js  @noStrict
707: test262/test/annexB/language/eval-code/indirect/global-switch-dflt-eval-global-skip-early-err-try.js  @noStrict
708: test262/test/annexB/language/eval-code/indirect/global-switch-dflt-eval-global-skip-early-err.js  @noStrict
709: test262/test/annexB/language/eval-code/indirect/global-switch-dflt-eval-global-update.js  @noStrict
710: test262/test/annexB/language/expressions/assignment/dstr/array-pattern-emulates-undefined.js
Throw: Test262Error: Expected SameValue(«0», «0») to be true
  FAILED
711: test262/test/annexB/language/expressions/assignment/dstr/object-pattern-emulates-undefined.js
Throw: Test262Error: Expected SameValue(«0», «0») to be true
  FAILED
712: test262/test/annexB/language/expressions/coalesce/emulates-undefined.js
713: test262/test/annexB/language/expressions/conditional/emulates-undefined.js
714: test262/test/annexB/language/expressions/does-not-equals/emulates-undefined.js
715: test262/test/annexB/language/expressions/equals/emulates-undefined.js
716: test262/test/annexB/language/expressions/logical-and/emulates-undefined.js
717: test262/test/annexB/language/expressions/logical-assignment/emulates-undefined-and.js
718: test262/test/annexB/language/expressions/logical-assignment/emulates-undefined-coalesce.js
719: test262/test/annexB/language/expressions/logical-assignment/emulates-undefined-or.js
720: test262/test/annexB/language/expressions/logical-not/emulates-undefined.js
721: test262/test/annexB/language/expressions/logical-or/emulates-undefined.js
722: test262/test/annexB/language/expressions/strict-does-not-equals/emulates-undefined.js
723: test262/test/annexB/language/expressions/strict-equals/emulates-undefined.js
724: test262/test/annexB/language/expressions/template-literal/legacy-octal-escape-sequence-non-strict.js  @noStrict
725: test262/test/annexB/language/expressions/template-literal/legacy-octal-escape-sequence-strict.js  @onlyStrict  @negative
SyntaxError: octal escape sequences are not allowed in strict mode
    at test262/test/annexB/language/expressions/template-literal/legacy-octal-escape-sequence-strict.js:18
  FAILED
726: test262/test/annexB/language/expressions/typeof/emulates-undefined.js
727: test262/test/annexB/language/expressions/yield/star-iterable-return-emulates-undefined-throws-when-called.js
728: test262/test/annexB/language/expressions/yield/star-iterable-throw-emulates-undefined-throws-when-called.js
Throw: Test262Error: Expected SameValue(«0», «0») to be true
  FAILED
729: test262/test/annexB/language/function-code/block-decl-func-block-scoping.js  @noStrict
730: test262/test/annexB/language/function-code/block-decl-func-existing-block-fn-no-init.js  @noStrict
731: test262/test/annexB/language/function-code/block-decl-func-existing-block-fn-update.js  @noStrict
732: test262/test/annexB/language/function-code/block-decl-func-existing-fn-no-init.js  @noStrict
733: test262/test/annexB/language/function-code/block-decl-func-existing-fn-update.js  @noStrict
734: test262/test/annexB/language/function-code/block-decl-func-existing-var-no-init.js  @noStrict
735: test262/test/annexB/language/function-code/block-decl-func-existing-var-update.js  @noStrict
736: test262/test/annexB/language/function-code/block-decl-func-init.js  @noStrict
737: test262/test/annexB/language/function-code/block-decl-func-no-skip-try.js  @noStrict
738: test262/test/annexB/language/function-code/block-decl-func-skip-arguments.js  @noStrict
739: test262/test/annexB/language/function-code/block-decl-func-skip-dft-param.js  @noStrict
740: test262/test/annexB/language/function-code/block-decl-func-skip-early-err-block.js  @noStrict
741: test262/test/annexB/language/function-code/block-decl-func-skip-early-err-for-in.js  @noStrict
742: test262/test/annexB/language/function-code/block-decl-func-skip-early-err-for-of.js  @noStrict
743: test262/test/annexB/language/function-code/block-decl-func-skip-early-err-for.js  @noStrict
744: test262/test/annexB/language/function-code/block-decl-func-skip-early-err-switch.js  @noStrict
745: test262/test/annexB/language/function-code/block-decl-func-skip-early-err-try.js  @noStrict
746: test262/test/annexB/language/function-code/block-decl-func-skip-early-err.js  @noStrict
747: test262/test/annexB/language/function-code/block-decl-func-skip-param.js  @noStrict
748: test262/test/annexB/language/function-code/block-decl-func-update.js  @noStrict
749: test262/test/annexB/language/function-code/block-decl-nested-blocks-with-fun-decl.js  @noStrict
750: test262/test/annexB/language/function-code/block-decl-nostrict.js  @noStrict
751: test262/test/annexB/language/function-code/function-redeclaration-block.js  @noStrict
752: test262/test/annexB/language/function-code/function-redeclaration-switch.js  @noStrict
753: test262/test/annexB/language/function-code/if-decl-else-decl-a-func-block-scoping.js  @noStrict
754: test262/test/annexB/language/function-code/if-decl-else-decl-a-func-existing-block-fn-no-init.js  @noStrict
755: test262/test/annexB/language/function-code/if-decl-else-decl-a-func-existing-block-fn-update.js  @noStrict
756: test262/test/annexB/language/function-code/if-decl-else-decl-a-func-existing-fn-no-init.js  @noStrict
757: test262/test/annexB/language/function-code/if-decl-else-decl-a-func-existing-fn-update.js  @noStrict
758: test262/test/annexB/language/function-code/if-decl-else-decl-a-func-existing-var-no-init.js  @noStrict
759: test262/test/annexB/language/function-code/if-decl-else-decl-a-func-existing-var-update.js  @noStrict
760: test262/test/annexB/language/function-code/if-decl-else-decl-a-func-init.js  @noStrict
761: test262/test/annexB/language/function-code/if-decl-else-decl-a-func-no-skip-try.js  @noStrict
762: test262/test/annexB/language/function-code/if-decl-else-decl-a-func-skip-dft-param.js  @noStrict
763: test262/test/annexB/language/function-code/if-decl-else-decl-a-func-skip-early-err-block.js  @noStrict
764: test262/test/annexB/language/function-code/if-decl-else-decl-a-func-skip-early-err-for-in.js  @noStrict
765: test262/test/annexB/language/function-code/if-decl-else-decl-a-func-skip-early-err-for-of.js  @noStrict
766: test262/test/annexB/language/function-code/if-decl-else-decl-a-func-skip-early-err-for.js  @noStrict
767: test262/test/annexB/language/function-code/if-decl-else-decl-a-func-skip-early-err-switch.js  @noStrict
768: test262/test/annexB/language/function-code/if-decl-else-decl-a-func-skip-early-err-try.js  @noStrict
769: test262/test/annexB/language/function-code/if-decl-else-decl-a-func-skip-early-err.js  @noStrict
770: test262/test/annexB/language/function-code/if-decl-else-decl-a-func-skip-param.js  @noStrict
771: test262/test/annexB/language/function-code/if-decl-else-decl-a-func-update.js  @noStrict
772: test262/test/annexB/language/function-code/if-decl-else-decl-b-func-block-scoping.js  @noStrict
773: test262/test/annexB/language/function-code/if-decl-else-decl-b-func-existing-block-fn-no-init.js  @noStrict
774: test262/test/annexB/language/function-code/if-decl-else-decl-b-func-existing-block-fn-update.js  @noStrict
775: test262/test/annexB/language/function-code/if-decl-else-decl-b-func-existing-fn-no-init.js  @noStrict
776: test262/test/annexB/language/function-code/if-decl-else-decl-b-func-existing-fn-update.js  @noStrict
777: test262/test/annexB/language/function-code/if-decl-else-decl-b-func-existing-var-no-init.js  @noStrict
778: test262/test/annexB/language/function-code/if-decl-else-decl-b-func-existing-var-update.js  @noStrict
779: test262/test/annexB/language/function-code/if-decl-else-decl-b-func-init.js  @noStrict
780: test262/test/annexB/language/function-code/if-decl-else-decl-b-func-no-skip-try.js  @noStrict
781: test262/test/annexB/language/function-code/if-decl-else-decl-b-func-skip-dft-param.js  @noStrict
782: test262/test/annexB/language/function-code/if-decl-else-decl-b-func-skip-early-err-block.js  @noStrict
783: test262/test/annexB/language/function-code/if-decl-else-decl-b-func-skip-early-err-for-in.js  @noStrict
784: test262/test/annexB/language/function-code/if-decl-else-decl-b-func-skip-early-err-for-of.js  @noStrict
785: test262/test/annexB/language/function-code/if-decl-else-decl-b-func-skip-early-err-for.js  @noStrict
786: test262/test/annexB/language/function-code/if-decl-else-decl-b-func-skip-early-err-switch.js  @noStrict
787: test262/test/annexB/language/function-code/if-decl-else-decl-b-func-skip-early-err-try.js  @noStrict
788: test262/test/annexB/language/function-code/if-decl-else-decl-b-func-skip-early-err.js  @noStrict
789: test262/test/annexB/language/function-code/if-decl-else-decl-b-func-skip-param.js  @noStrict
790: test262/test/annexB/language/function-code/if-decl-else-decl-b-func-update.js  @noStrict
791: test262/test/annexB/language/function-code/if-decl-else-stmt-func-block-scoping.js  @noStrict
792: test262/test/annexB/language/function-code/if-decl-else-stmt-func-existing-block-fn-no-init.js  @noStrict
793: test262/test/annexB/language/function-code/if-decl-else-stmt-func-existing-block-fn-update.js  @noStrict
794: test262/test/annexB/language/function-code/if-decl-else-stmt-func-existing-fn-no-init.js  @noStrict
795: test262/test/annexB/language/function-code/if-decl-else-stmt-func-existing-fn-update.js  @noStrict
796: test262/test/annexB/language/function-code/if-decl-else-stmt-func-existing-var-no-init.js  @noStrict
797: test262/test/annexB/language/function-code/if-decl-else-stmt-func-existing-var-update.js  @noStrict
798: test262/test/annexB/language/function-code/if-decl-else-stmt-func-init.js  @noStrict
799: test262/test/annexB/language/function-code/if-decl-else-stmt-func-no-skip-try.js  @noStrict
800: test262/test/annexB/language/function-code/if-decl-else-stmt-func-skip-dft-param.js  @noStrict
801: test262/test/annexB/language/function-code/if-decl-else-stmt-func-skip-early-err-block.js  @noStrict
802: test262/test/annexB/language/function-code/if-decl-else-stmt-func-skip-early-err-for-in.js  @noStrict
803: test262/test/annexB/language/function-code/if-decl-else-stmt-func-skip-early-err-for-of.js  @noStrict
804: test262/test/annexB/language/function-code/if-decl-else-stmt-func-skip-early-err-for.js  @noStrict
805: test262/test/annexB/language/function-code/if-decl-else-stmt-func-skip-early-err-switch.js  @noStrict
806: test262/test/annexB/language/function-code/if-decl-else-stmt-func-skip-early-err-try.js  @noStrict
807: test262/test/annexB/language/function-code/if-decl-else-stmt-func-skip-early-err.js  @noStrict
808: test262/test/annexB/language/function-code/if-decl-else-stmt-func-skip-param.js  @noStrict
809: test262/test/annexB/language/function-code/if-decl-else-stmt-func-update.js  @noStrict
810: test262/test/annexB/language/function-code/if-decl-no-else-func-block-scoping.js  @noStrict
811: test262/test/annexB/language/function-code/if-decl-no-else-func-existing-block-fn-no-init.js  @noStrict
812: test262/test/annexB/language/function-code/if-decl-no-else-func-existing-block-fn-update.js  @noStrict
813: test262/test/annexB/language/function-code/if-decl-no-else-func-existing-fn-no-init.js  @noStrict
814: test262/test/annexB/language/function-code/if-decl-no-else-func-existing-fn-update.js  @noStrict
815: test262/test/annexB/language/function-code/if-decl-no-else-func-existing-var-no-init.js  @noStrict
816: test262/test/annexB/language/function-code/if-decl-no-else-func-existing-var-update.js  @noStrict
817: test262/test/annexB/language/function-code/if-decl-no-else-func-init.js  @noStrict
818: test262/test/annexB/language/function-code/if-decl-no-else-func-no-skip-try.js  @noStrict
819: test262/test/annexB/language/function-code/if-decl-no-else-func-skip-dft-param.js  @noStrict
820: test262/test/annexB/language/function-code/if-decl-no-else-func-skip-early-err-block.js  @noStrict
821: test262/test/annexB/language/function-code/if-decl-no-else-func-skip-early-err-for-in.js  @noStrict
822: test262/test/annexB/language/function-code/if-decl-no-else-func-skip-early-err-for-of.js  @noStrict
823: test262/test/annexB/language/function-code/if-decl-no-else-func-skip-early-err-for.js  @noStrict
824: test262/test/annexB/language/function-code/if-decl-no-else-func-skip-early-err-switch.js  @noStrict
825: test262/test/annexB/language/function-code/if-decl-no-else-func-skip-early-err-try.js  @noStrict
826: test262/test/annexB/language/function-code/if-decl-no-else-func-skip-early-err.js  @noStrict
827: test262/test/annexB/language/function-code/if-decl-no-else-func-skip-param.js  @noStrict
828: test262/test/annexB/language/function-code/if-decl-no-else-func-update.js  @noStrict
829: test262/test/annexB/language/function-code/if-stmt-else-decl-func-block-scoping.js  @noStrict
830: test262/test/annexB/language/function-code/if-stmt-else-decl-func-existing-block-fn-no-init.js  @noStrict
831: test262/test/annexB/language/function-code/if-stmt-else-decl-func-existing-block-fn-update.js  @noStrict
832: test262/test/annexB/language/function-code/if-stmt-else-decl-func-existing-fn-no-init.js  @noStrict
833: test262/test/annexB/language/function-code/if-stmt-else-decl-func-existing-fn-update.js  @noStrict
834: test262/test/annexB/language/function-code/if-stmt-else-decl-func-existing-var-no-init.js  @noStrict
835: test262/test/annexB/language/function-code/if-stmt-else-decl-func-existing-var-update.js  @noStrict
836: test262/test/annexB/language/function-code/if-stmt-else-decl-func-init.js  @noStrict
837: test262/test/annexB/language/function-code/if-stmt-else-decl-func-no-skip-try.js  @noStrict
838: test262/test/annexB/language/function-code/if-stmt-else-decl-func-skip-dft-param.js  @noStrict
839: test262/test/annexB/language/function-code/if-stmt-else-decl-func-skip-early-err-block.js  @noStrict
840: test262/test/annexB/language/function-code/if-stmt-else-decl-func-skip-early-err-for-in.js  @noStrict
841: test262/test/annexB/language/function-code/if-stmt-else-decl-func-skip-early-err-for-of.js  @noStrict
842: test262/test/annexB/language/function-code/if-stmt-else-decl-func-skip-early-err-for.js  @noStrict
843: test262/test/annexB/language/function-code/if-stmt-else-decl-func-skip-early-err-switch.js  @noStrict
844: test262/test/annexB/language/function-code/if-stmt-else-decl-func-skip-early-err-try.js  @noStrict
845: test262/test/annexB/language/function-code/if-stmt-else-decl-func-skip-early-err.js  @noStrict
846: test262/test/annexB/language/function-code/if-stmt-else-decl-func-skip-param.js  @noStrict
847: test262/test/annexB/language/function-code/if-stmt-else-decl-func-update.js  @noStrict
848: test262/test/annexB/language/function-code/switch-case-decl-nostrict.js  @noStrict
849: test262/test/annexB/language/function-code/switch-case-func-block-scoping.js  @noStrict
850: test262/test/annexB/language/function-code/switch-case-func-existing-block-fn-no-init.js  @noStrict
851: test262/test/annexB/language/function-code/switch-case-func-existing-block-fn-update.js  @noStrict
852: test262/test/annexB/language/function-code/switch-case-func-existing-fn-no-init.js  @noStrict
853: test262/test/annexB/language/function-code/switch-case-func-existing-fn-update.js  @noStrict
854: test262/test/annexB/language/function-code/switch-case-func-existing-var-no-init.js  @noStrict
855: test262/test/annexB/language/function-code/switch-case-func-existing-var-update.js  @noStrict
856: test262/test/annexB/language/function-code/switch-case-func-init.js  @noStrict
857: test262/test/annexB/language/function-code/switch-case-func-no-skip-try.js  @noStrict
858: test262/test/annexB/language/function-code/switch-case-func-skip-dft-param.js  @noStrict
859: test262/test/annexB/language/function-code/switch-case-func-skip-early-err-block.js  @noStrict
860: test262/test/annexB/language/function-code/switch-case-func-skip-early-err-for-in.js  @noStrict
861: test262/test/annexB/language/function-code/switch-case-func-skip-early-err-for-of.js  @noStrict
862: test262/test/annexB/language/function-code/switch-case-func-skip-early-err-for.js  @noStrict
863: test262/test/annexB/language/function-code/switch-case-func-skip-early-err-switch.js  @noStrict
864: test262/test/annexB/language/function-code/switch-case-func-skip-early-err-try.js  @noStrict
865: test262/test/annexB/language/function-code/switch-case-func-skip-early-err.js  @noStrict
866: test262/test/annexB/language/function-code/switch-case-func-skip-param.js  @noStrict
867: test262/test/annexB/language/function-code/switch-case-func-update.js  @noStrict
868: test262/test/annexB/language/function-code/switch-dflt-decl-nostrict.js  @noStrict
869: test262/test/annexB/language/function-code/switch-dflt-func-block-scoping.js  @noStrict
870: test262/test/annexB/language/function-code/switch-dflt-func-existing-block-fn-no-init.js  @noStrict
871: test262/test/annexB/language/function-code/switch-dflt-func-existing-block-fn-update.js  @noStrict
872: test262/test/annexB/language/function-code/switch-dflt-func-existing-fn-no-init.js  @noStrict
873: test262/test/annexB/language/function-code/switch-dflt-func-existing-fn-update.js  @noStrict
874: test262/test/annexB/language/function-code/switch-dflt-func-existing-var-no-init.js  @noStrict
875: test262/test/annexB/language/function-code/switch-dflt-func-existing-var-update.js  @noStrict
876: test262/test/annexB/language/function-code/switch-dflt-func-init.js  @noStrict
877: test262/test/annexB/language/function-code/switch-dflt-func-no-skip-try.js  @noStrict
878: test262/test/annexB/language/function-code/switch-dflt-func-skip-dft-param.js  @noStrict
879: test262/test/annexB/language/function-code/switch-dflt-func-skip-early-err-block.js  @noStrict
880: test262/test/annexB/language/function-code/switch-dflt-func-skip-early-err-for-in.js  @noStrict
881: test262/test/annexB/language/function-code/switch-dflt-func-skip-early-err-for-of.js  @noStrict
882: test262/test/annexB/language/function-code/switch-dflt-func-skip-early-err-for.js  @noStrict
883: test262/test/annexB/language/function-code/switch-dflt-func-skip-early-err-switch.js  @noStrict
884: test262/test/annexB/language/function-code/switch-dflt-func-skip-early-err-try.js  @noStrict
885: test262/test/annexB/language/function-code/switch-dflt-func-skip-early-err.js  @noStrict
886: test262/test/annexB/language/function-code/switch-dflt-func-skip-param.js  @noStrict
887: test262/test/annexB/language/function-code/switch-dflt-func-update.js  @noStrict
888: test262/test/annexB/language/global-code/block-decl-global-block-scoping.js  @noStrict
889: test262/test/annexB/language/global-code/block-decl-global-existing-block-fn-no-init.js  @noStrict
890: test262/test/annexB/language/global-code/block-decl-global-existing-block-fn-update.js  @noStrict
891: test262/test/annexB/language/global-code/block-decl-global-existing-fn-no-init.js  @noStrict
892: test262/test/annexB/language/global-code/block-decl-global-existing-fn-update.js  @noStrict
893: test262/test/annexB/language/global-code/block-decl-global-existing-global-init.js  @noStrict
894: test262/test/annexB/language/global-code/block-decl-global-existing-non-enumerable-global-init.js  @noStrict
895: test262/test/annexB/language/global-code/block-decl-global-existing-var-no-init.js  @noStrict
896: test262/test/annexB/language/global-code/block-decl-global-existing-var-update.js  @noStrict
897: test262/test/annexB/language/global-code/block-decl-global-init.js  @noStrict
898: test262/test/annexB/language/global-code/block-decl-global-no-skip-try.js  @noStrict
899: test262/test/annexB/language/global-code/block-decl-global-skip-early-err-block.js  @noStrict
900: test262/test/annexB/language/global-code/block-decl-global-skip-early-err-for-in.js  @noStrict
901: test262/test/annexB/language/global-code/block-decl-global-skip-early-err-for-of.js  @noStrict
902: test262/test/annexB/language/global-code/block-decl-global-skip-early-err-for.js  @noStrict
903: test262/test/annexB/language/global-code/block-decl-global-skip-early-err-switch.js  @noStrict
904: test262/test/annexB/language/global-code/block-decl-global-skip-early-err-try.js  @noStrict
905: test262/test/annexB/language/global-code/block-decl-global-skip-early-err.js  @noStrict
906: test262/test/annexB/language/global-code/block-decl-global-update.js  @noStrict
907: test262/test/annexB/language/global-code/if-decl-else-decl-a-global-block-scoping.js  @noStrict
908: test262/test/annexB/language/global-code/if-decl-else-decl-a-global-existing-block-fn-no-init.js  @noStrict
909: test262/test/annexB/language/global-code/if-decl-else-decl-a-global-existing-block-fn-update.js  @noStrict
910: test262/test/annexB/language/global-code/if-decl-else-decl-a-global-existing-fn-no-init.js  @noStrict
911: test262/test/annexB/language/global-code/if-decl-else-decl-a-global-existing-fn-update.js  @noStrict
912: test262/test/annexB/language/global-code/if-decl-else-decl-a-global-existing-global-init.js  @noStrict
913: test262/test/annexB/language/global-code/if-decl-else-decl-a-global-existing-non-enumerable-global-init.js  @noStrict
914: test262/test/annexB/language/global-code/if-decl-else-decl-a-global-existing-var-no-init.js  @noStrict
915: test262/test/annexB/language/global-code/if-decl-else-decl-a-global-existing-var-update.js  @noStrict
916: test262/test/annexB/language/global-code/if-decl-else-decl-a-global-init.js  @noStrict
917: test262/test/annexB/language/global-code/if-decl-else-decl-a-global-no-skip-try.js  @noStrict
918: test262/test/annexB/language/global-code/if-decl-else-decl-a-global-skip-early-err-block.js  @noStrict
919: test262/test/annexB/language/global-code/if-decl-else-decl-a-global-skip-early-err-for-in.js  @noStrict
920: test262/test/annexB/language/global-code/if-decl-else-decl-a-global-skip-early-err-for-of.js  @noStrict
921: test262/test/annexB/language/global-code/if-decl-else-decl-a-global-skip-early-err-for.js  @noStrict
922: test262/test/annexB/language/global-code/if-decl-else-decl-a-global-skip-early-err-switch.js  @noStrict
923: test262/test/annexB/language/global-code/if-decl-else-decl-a-global-skip-early-err-try.js  @noStrict
924: test262/test/annexB/language/global-code/if-decl-else-decl-a-global-skip-early-err.js  @noStrict
925: test262/test/annexB/language/global-code/if-decl-else-decl-a-global-update.js  @noStrict
926: test262/test/annexB/language/global-code/if-decl-else-decl-b-global-block-scoping.js  @noStrict
927: test262/test/annexB/language/global-code/if-decl-else-decl-b-global-existing-block-fn-no-init.js  @noStrict
928: test262/test/annexB/language/global-code/if-decl-else-decl-b-global-existing-block-fn-update.js  @noStrict
929: test262/test/annexB/language/global-code/if-decl-else-decl-b-global-existing-fn-no-init.js  @noStrict
930: test262/test/annexB/language/global-code/if-decl-else-decl-b-global-existing-fn-update.js  @noStrict
931: test262/test/annexB/language/global-code/if-decl-else-decl-b-global-existing-global-init.js  @noStrict
932: test262/test/annexB/language/global-code/if-decl-else-decl-b-global-existing-non-enumerable-global-init.js  @noStrict
933: test262/test/annexB/language/global-code/if-decl-else-decl-b-global-existing-var-no-init.js  @noStrict
934: test262/test/annexB/language/global-code/if-decl-else-decl-b-global-existing-var-update.js  @noStrict
935: test262/test/annexB/language/global-code/if-decl-else-decl-b-global-init.js  @noStrict
936: test262/test/annexB/language/global-code/if-decl-else-decl-b-global-no-skip-try.js  @noStrict
937: test262/test/annexB/language/global-code/if-decl-else-decl-b-global-skip-early-err-block.js  @noStrict
938: test262/test/annexB/language/global-code/if-decl-else-decl-b-global-skip-early-err-for-in.js  @noStrict
939: test262/test/annexB/language/global-code/if-decl-else-decl-b-global-skip-early-err-for-of.js  @noStrict
940: test262/test/annexB/language/global-code/if-decl-else-decl-b-global-skip-early-err-for.js  @noStrict
941: test262/test/annexB/language/global-code/if-decl-else-decl-b-global-skip-early-err-switch.js  @noStrict
942: test262/test/annexB/language/global-code/if-decl-else-decl-b-global-skip-early-err-try.js  @noStrict
943: test262/test/annexB/language/global-code/if-decl-else-decl-b-global-skip-early-err.js  @noStrict
944: test262/test/annexB/language/global-code/if-decl-else-decl-b-global-update.js  @noStrict
945: test262/test/annexB/language/global-code/if-decl-else-stmt-global-block-scoping.js  @noStrict
946: test262/test/annexB/language/global-code/if-decl-else-stmt-global-existing-block-fn-no-init.js  @noStrict
947: test262/test/annexB/language/global-code/if-decl-else-stmt-global-existing-block-fn-update.js  @noStrict
948: test262/test/annexB/language/global-code/if-decl-else-stmt-global-existing-fn-no-init.js  @noStrict
949: test262/test/annexB/language/global-code/if-decl-else-stmt-global-existing-fn-update.js  @noStrict
950: test262/test/annexB/language/global-code/if-decl-else-stmt-global-existing-global-init.js  @noStrict
951: test262/test/annexB/language/global-code/if-decl-else-stmt-global-existing-non-enumerable-global-init.js  @noStrict
952: test262/test/annexB/language/global-code/if-decl-else-stmt-global-existing-var-no-init.js  @noStrict
953: test262/test/annexB/language/global-code/if-decl-else-stmt-global-existing-var-update.js  @noStrict
954: test262/test/annexB/language/global-code/if-decl-else-stmt-global-init.js  @noStrict
955: test262/test/annexB/language/global-code/if-decl-else-stmt-global-no-skip-try.js  @noStrict
956: test262/test/annexB/language/global-code/if-decl-else-stmt-global-skip-early-err-block.js  @noStrict
957: test262/test/annexB/language/global-code/if-decl-else-stmt-global-skip-early-err-for-in.js  @noStrict
958: test262/test/annexB/language/global-code/if-decl-else-stmt-global-skip-early-err-for-of.js  @noStrict
959: test262/test/annexB/language/global-code/if-decl-else-stmt-global-skip-early-err-for.js  @noStrict
960: test262/test/annexB/language/global-code/if-decl-else-stmt-global-skip-early-err-switch.js  @noStrict
961: test262/test/annexB/language/global-code/if-decl-else-stmt-global-skip-early-err-try.js  @noStrict
962: test262/test/annexB/language/global-code/if-decl-else-stmt-global-skip-early-err.js  @noStrict
963: test262/test/annexB/language/global-code/if-decl-else-stmt-global-update.js  @noStrict
964: test262/test/annexB/language/global-code/if-decl-no-else-global-block-scoping.js  @noStrict
965: test262/test/annexB/language/global-code/if-decl-no-else-global-existing-block-fn-no-init.js  @noStrict
966: test262/test/annexB/language/global-code/if-decl-no-else-global-existing-block-fn-update.js  @noStrict
967: test262/test/annexB/language/global-code/if-decl-no-else-global-existing-fn-no-init.js  @noStrict
968: test262/test/annexB/language/global-code/if-decl-no-else-global-existing-fn-update.js  @noStrict
969: test262/test/annexB/language/global-code/if-decl-no-else-global-existing-global-init.js  @noStrict
970: test262/test/annexB/language/global-code/if-decl-no-else-global-existing-non-enumerable-global-init.js  @noStrict
971: test262/test/annexB/language/global-code/if-decl-no-else-global-existing-var-no-init.js  @noStrict
972: test262/test/annexB/language/global-code/if-decl-no-else-global-existing-var-update.js  @noStrict
973: test262/test/annexB/language/global-code/if-decl-no-else-global-init.js  @noStrict
974: test262/test/annexB/language/global-code/if-decl-no-else-global-no-skip-try.js  @noStrict
975: test262/test/annexB/language/global-code/if-decl-no-else-global-skip-early-err-block.js  @noStrict
976: test262/test/annexB/language/global-code/if-decl-no-else-global-skip-early-err-for-in.js  @noStrict
977: test262/test/annexB/language/global-code/if-decl-no-else-global-skip-early-err-for-of.js  @noStrict
978: test262/test/annexB/language/global-code/if-decl-no-else-global-skip-early-err-for.js  @noStrict
979: test262/test/annexB/language/global-code/if-decl-no-else-global-skip-early-err-switch.js  @noStrict
980: test262/test/annexB/language/global-code/if-decl-no-else-global-skip-early-err-try.js  @noStrict
981: test262/test/annexB/language/global-code/if-decl-no-else-global-skip-early-err.js  @noStrict
982: test262/test/annexB/language/global-code/if-decl-no-else-global-update.js  @noStrict
983: test262/test/annexB/language/global-code/if-stmt-else-decl-global-block-scoping.js  @noStrict
984: test262/test/annexB/language/global-code/if-stmt-else-decl-global-existing-block-fn-no-init.js  @noStrict
985: test262/test/annexB/language/global-code/if-stmt-else-decl-global-existing-block-fn-update.js  @noStrict
986: test262/test/annexB/language/global-code/if-stmt-else-decl-global-existing-fn-no-init.js  @noStrict
987: test262/test/annexB/language/global-code/if-stmt-else-decl-global-existing-fn-update.js  @noStrict
988: test262/test/annexB/language/global-code/if-stmt-else-decl-global-existing-global-init.js  @noStrict
989: test262/test/annexB/language/global-code/if-stmt-else-decl-global-existing-non-enumerable-global-init.js  @noStrict
990: test262/test/annexB/language/global-code/if-stmt-else-decl-global-existing-var-no-init.js  @noStrict
991: test262/test/annexB/language/global-code/if-stmt-else-decl-global-existing-var-update.js  @noStrict
992: test262/test/annexB/language/global-code/if-stmt-else-decl-global-init.js  @noStrict
993: test262/test/annexB/language/global-code/if-stmt-else-decl-global-no-skip-try.js  @noStrict
994: test262/test/annexB/language/global-code/if-stmt-else-decl-global-skip-early-err-block.js  @noStrict
995: test262/test/annexB/language/global-code/if-stmt-else-decl-global-skip-early-err-for-in.js  @noStrict
996: test262/test/annexB/language/global-code/if-stmt-else-decl-global-skip-early-err-for-of.js  @noStrict
997: test262/test/annexB/language/global-code/if-stmt-else-decl-global-skip-early-err-for.js  @noStrict
998: test262/test/annexB/language/global-code/if-stmt-else-decl-global-skip-early-err-switch.js  @noStrict
999: test262/test/annexB/language/global-code/if-stmt-else-decl-global-skip-early-err-try.js  @noStrict
1000: test262/test/annexB/language/global-code/if-stmt-else-decl-global-skip-early-err.js  @noStrict
1001: test262/test/annexB/language/global-code/if-stmt-else-decl-global-update.js  @noStrict
1002: test262/test/annexB/language/global-code/switch-case-global-block-scoping.js  @noStrict
1003: test262/test/annexB/language/global-code/switch-case-global-existing-block-fn-no-init.js  @noStrict
1004: test262/test/annexB/language/global-code/switch-case-global-existing-block-fn-update.js  @noStrict
1005: test262/test/annexB/language/global-code/switch-case-global-existing-fn-no-init.js  @noStrict
1006: test262/test/annexB/language/global-code/switch-case-global-existing-fn-update.js  @noStrict
1007: test262/test/annexB/language/global-code/switch-case-global-existing-global-init.js  @noStrict
1008: test262/test/annexB/language/global-code/switch-case-global-existing-non-enumerable-global-init.js  @noStrict
1009: test262/test/annexB/language/global-code/switch-case-global-existing-var-no-init.js  @noStrict
1010: test262/test/annexB/language/global-code/switch-case-global-existing-var-update.js  @noStrict
1011: test262/test/annexB/language/global-code/switch-case-global-init.js  @noStrict
1012: test262/test/annexB/language/global-code/switch-case-global-no-skip-try.js  @noStrict
1013: test262/test/annexB/language/global-code/switch-case-global-skip-early-err-block.js  @noStrict
1014: test262/test/annexB/language/global-code/switch-case-global-skip-early-err-for-in.js  @noStrict
1015: test262/test/annexB/language/global-code/switch-case-global-skip-early-err-for-of.js  @noStrict
1016: test262/test/annexB/language/global-code/switch-case-global-skip-early-err-for.js  @noStrict
1017: test262/test/annexB/language/global-code/switch-case-global-skip-early-err-switch.js  @noStrict
1018: test262/test/annexB/language/global-code/switch-case-global-skip-early-err-try.js  @noStrict
1019: test262/test/annexB/language/global-code/switch-case-global-skip-early-err.js  @noStrict
1020: test262/test/annexB/language/global-code/switch-case-global-update.js  @noStrict
1021: test262/test/annexB/language/global-code/switch-dflt-global-block-scoping.js  @noStrict
1022: test262/test/annexB/language/global-code/switch-dflt-global-existing-block-fn-no-init.js  @noStrict
1023: test262/test/annexB/language/global-code/switch-dflt-global-existing-block-fn-update.js  @noStrict
1024: test262/test/annexB/language/global-code/switch-dflt-global-existing-fn-no-init.js  @noStrict
1025: test262/test/annexB/language/global-code/switch-dflt-global-existing-fn-update.js  @noStrict
1026: test262/test/annexB/language/global-code/switch-dflt-global-existing-global-init.js  @noStrict
1027: test262/test/annexB/language/global-code/switch-dflt-global-existing-non-enumerable-global-init.js  @noStrict
1028: test262/test/annexB/language/global-code/switch-dflt-global-existing-var-no-init.js  @noStrict
1029: test262/test/annexB/language/global-code/switch-dflt-global-existing-var-update.js  @noStrict
1030: test262/test/annexB/language/global-code/switch-dflt-global-init.js  @noStrict
1031: test262/test/annexB/language/global-code/switch-dflt-global-no-skip-try.js  @noStrict
1032: test262/test/annexB/language/global-code/switch-dflt-global-skip-early-err-block.js  @noStrict
1033: test262/test/annexB/language/global-code/switch-dflt-global-skip-early-err-for-in.js  @noStrict
1034: test262/test/annexB/language/global-code/switch-dflt-global-skip-early-err-for-of.js  @noStrict
1035: test262/test/annexB/language/global-code/switch-dflt-global-skip-early-err-for.js  @noStrict
1036: test262/test/annexB/language/global-code/switch-dflt-global-skip-early-err-switch.js  @noStrict
1037: test262/test/annexB/language/global-code/switch-dflt-global-skip-early-err-try.js  @noStrict
1038: test262/test/annexB/language/global-code/switch-dflt-global-skip-early-err.js  @noStrict
1039: test262/test/annexB/language/global-code/switch-dflt-global-update.js  @noStrict
1040: test262/test/annexB/language/literals/numeric/legacy-octal-integer.js  @noStrict
Throw: Test262Error: 00 Expected SameValue(«0», «0») to be true
  FAILED
1041: test262/test/annexB/language/literals/numeric/non-octal-decimal-integer.js  @noStrict
1042: test262/test/annexB/language/literals/regexp/class-escape.js
1043: test262/test/annexB/language/literals/regexp/extended-pattern-char.js
1044: test262/test/annexB/language/literals/regexp/identity-escape.js
1045: test262/test/annexB/language/literals/regexp/legacy-octal-escape.js
1046: test262/test/annexB/language/literals/regexp/non-empty-class-ranges-no-dash.js
1047: test262/test/annexB/language/literals/regexp/non-empty-class-ranges.js
1048: test262/test/annexB/language/literals/regexp/quantifiable-assertion-followed-by.js
1049: test262/test/annexB/language/literals/regexp/quantifiable-assertion-not-followed-by.js
1050: test262/test/annexB/language/literals/string/legacy-octal-escape-sequence.js  @noStrict
1051: test262/test/annexB/language/statements/class/subclass/superclass-emulates-undefined.js
Throw: Test262Error: Expected SameValue(«0», «0») to be true
  FAILED
1052: test262/test/annexB/language/statements/class/subclass/superclass-prototype-emulates-undefined.js
1053: test262/test/annexB/language/statements/const/dstr/array-pattern-emulates-undefined.js
Throw: Test262Error: Expected SameValue(«0», «0») to be true
  FAILED
1054: test262/test/annexB/language/statements/const/dstr/object-pattern-emulates-undefined.js
Throw: Test262Error: Expected SameValue(«0», «0») to be true
  FAILED
1055: test262/test/annexB/language/statements/for-await-of/iterator-close-return-emulates-undefined-throws-when-called.js  async
Test262:AsyncTestComplete
1056: test262/test/annexB/language/statements/for-in/bare-initializer.js  @negative
SyntaxError: a declaration in the head of a for-in loop can't have an initializer
    at test262/test/annexB/language/statements/for-in/bare-initializer.js:15
  FAILED
1057: test262/test/annexB/language/statements/for-in/const-initializer.js  @negative
SyntaxError: a declaration in the head of a for-in loop can't have an initializer
    at test262/test/annexB/language/statements/for-in/const-initializer.js:14
  FAILED
1058: test262/test/annexB/language/statements/for-in/let-initializer.js  @negative
SyntaxError: a declaration in the head of a for-in loop can't have an initializer
    at test262/test/annexB/language/statements/for-in/let-initializer.js:14
  FAILED
1059: test262/test/annexB/language/statements/for-in/nonstrict-initializer.js  @noStrict
Throw: Test262Error: Expected SameValue(«0», «0») to be true
  FAILED
1060: test262/test/annexB/language/statements/for-in/strict-initializer.js  @onlyStrict  @negative
SyntaxError: a declaration in the head of a for-in loop can't have an initializer
    at test262/test/annexB/language/statements/for-in/strict-initializer.js:15
  FAILED
1061: test262/test/annexB/language/statements/for-in/var-arraybindingpattern-initializer.js  @negative
SyntaxError: a declaration in the head of a for-in loop can't have an initializer
    at test262/test/annexB/language/statements/for-in/var-arraybindingpattern-initializer.js:14
  FAILED
1062: test262/test/annexB/language/statements/for-in/var-objectbindingpattern-initializer.js  @negative
SyntaxError: a declaration in the head of a for-in loop can't have an initializer
    at test262/test/annexB/language/statements/for-in/var-objectbindingpattern-initializer.js:14
  FAILED
1063: test262/test/annexB/language/statements/for-of/iterator-close-return-emulates-undefined-throws-when-called.js
1064: test262/test/annexB/language/statements/function/default-parameters-emulates-undefined.js
Throw: Test262Error: Expected SameValue(«0», «0») to be true
  FAILED
1065: test262/test/annexB/language/statements/if/emulated-undefined.js
1066: test262/test/annexB/language/statements/labeled/function-declaration.js  @noStrict
1067: test262/test/annexB/language/statements/switch/emulates-undefined.js
1068: test262/test/annexB/language/statements/try/catch-redeclared-for-in-var.js
1069: test262/test/annexB/language/statements/try/catch-redeclared-for-of-var.js
1070: test262/test/annexB/language/statements/try/catch-redeclared-for-var.js
1071: test262/test/annexB/language/statements/try/catch-redeclared-var-statement-captured.js
1072: test262/test/annexB/language/statements/try/catch-redeclared-var-statement.js
1073: test262/test/built-ins/Array/15.4.5-1.js
1074: test262/test/built-ins/Array/15.4.5.1-5-1.js
1075: test262/test/built-ins/Array/15.4.5.1-5-2.js
1076: test262/test/built-ins/Array/S15.4.1_A1.1_T1.js
1077: test262/test/built-ins/Array/S15.4.1_A1.1_T2.js
1078: test262/test/built-ins/Array/S15.4.1_A1.1_T3.js
1079: test262/test/built-ins/Array/S15.4.1_A1.2_T1.js
1080: test262/test/built-ins/Array/S15.4.1_A1.3_T1.js
1081: test262/test/built-ins/Array/S15.4.1_A2.1_T1.js
1082: test262/test/built-ins/Array/S15.4.1_A2.2_T1.js
1083: test262/test/built-ins/Array/S15.4.1_A3.1_T1.js
1084: test262/test/built-ins/Array/S15.4.2.1_A1.1_T1.js
1085: test262/test/built-ins/Array/S15.4.2.1_A1.1_T2.js
1086: test262/test/built-ins/Array/S15.4.2.1_A1.1_T3.js
1087: test262/test/built-ins/Array/S15.4.2.1_A1.2_T1.js
1088: test262/test/built-ins/Array/S15.4.2.1_A1.3_T1.js
1089: test262/test/built-ins/Array/S15.4.2.1_A2.1_T1.js
1090: test262/test/built-ins/Array/S15.4.2.1_A2.2_T1.js
1091: test262/test/built-ins/Array/S15.4.3_A1.1_T1.js
1092: test262/test/built-ins/Array/S15.4.3_A1.1_T2.js
1093: test262/test/built-ins/Array/S15.4.3_A1.1_T3.js
1094: test262/test/built-ins/Array/S15.4.5.1_A1.2_T2.js
1095: test262/test/built-ins/Array/S15.4.5.1_A2.1_T1.js
1096: test262/test/built-ins/Array/S15.4.5.1_A2.2_T1.js
1097: test262/test/built-ins/Array/S15.4.5.1_A2.3_T1.js
1098: test262/test/built-ins/Array/S15.4.5.2_A1_T1.js
1099: test262/test/built-ins/Array/S15.4.5.2_A1_T2.js
1100: test262/test/built-ins/Array/S15.4.5.2_A2_T1.js
1101: test262/test/built-ins/Array/S15.4.5.2_A3_T1.js
1102: test262/test/built-ins/Array/S15.4.5.2_A3_T2.js
1103: test262/test/built-ins/Array/S15.4.5.2_A3_T3.js
1104: test262/test/built-ins/Array/S15.4_A1.1_T4.js
1105: test262/test/built-ins/Array/S15.4_A1.1_T5.js
1106: test262/test/built-ins/Array/S15.4_A1.1_T6.js
1107: test262/test/built-ins/Array/S15.4_A1.1_T7.js
1108: test262/test/built-ins/Array/S15.4_A1.1_T8.js
1109: test262/test/built-ins/Array/S15.4_A1.1_T9.js
1110: test262/test/built-ins/Array/S15.4_A1.1_T10.js
1111: test262/test/built-ins/Array/Symbol.species/length.js
Throw: Test262Error: Expected SameValue(«0», «0») to be true
  FAILED
1112: test262/test/built-ins/Array/Symbol.species/return-value.js
1113: test262/test/built-ins/Array/Symbol.species/symbol-species-name.js
1114: test262/test/built-ins/Array/Symbol.species/symbol-species.js
1115: test262/test/built-ins/Array/constructor.js
1116: test262/test/built-ins/Array/from/Array.from-descriptor.js
1117: test262/test/built-ins/Array/from/Array.from-name.js
1118: test262/test/built-ins/Array/from/Array.from_arity.js
1119: test262/test/built-ins/Array/from/Array.from_forwards-length-for-array-likes.js
1120: test262/test/built-ins/Array/from/calling-from-valid-1-noStrict.js  @noStrict
Throw: Test262Error: calls[0].args[1] Expected SameValue(«0», «0») to be true
  FAILED
1121: test262/test/built-ins/Array/from/calling-from-valid-1-onlyStrict.js  @onlyStrict
strict mode: Throw: Test262Error: calls[0].args[1] Expected SameValue(«0», «0») to be true
  FAILED
1122: test262/test/built-ins/Array/from/calling-from-valid-2.js
Throw: Test262Error: calls[0].args[1] Expected SameValue(«0», «0») to be true
  FAILED
1123: test262/test/built-ins/Array/from/elements-added-after.js
Throw: Test262Error: Index mismatch in mapFn. Expected SameValue(«0», «0») to be true
  FAILED
1124: test262/test/built-ins/Array/from/elements-deleted-after.js
Throw: Test262Error: Value mismatch in mapFn at index 0. Expected SameValue(«0», «0») to be true
  FAILED
1125: test262/test/built-ins/Array/from/elements-updated-after.js
Throw: Test262Error: Index mismatch in mapFn. Expected SameValue(«0», «0») to be true
  FAILED
1126: test262/test/built-ins/Array/from/from-array.js
Throw: Test262Error: result[0] Expected SameValue(«0», «0») to be true
  FAILED
1127: test262/test/built-ins/Array/from/from-string.js
1128: test262/test/built-ins/Array/from/get-iter-method-err.js
1129: test262/test/built-ins/Array/from/items-is-arraybuffer.js
Throw: Test262Error: Expected SameValue(«0», «0») to be true
  FAILED
1130: test262/test/built-ins/Array/from/items-is-null-throws.js
1131: test262/test/built-ins/Array/from/iter-adv-err.js
1132: test262/test/built-ins/Array/from/iter-cstm-ctor-err.js
1133: test262/test/built-ins/Array/from/iter-cstm-ctor.js
Throw: Test262Error: Constructor invoked without arguments Expected SameValue(«0», «0») to be true
  FAILED
1134: test262/test/built-ins/Array/from/iter-get-iter-err.js
1135: test262/test/built-ins/Array/from/iter-get-iter-val-err.js
1136: test262/test/built-ins/Array/from/iter-map-fn-args.js
Throw: Test262Error: First iteration: second argument Expected SameValue(«0», «0») to be true
  FAILED
1137: test262/test/built-ins/Array/from/iter-map-fn-err.js
1138: test262/test/built-ins/Array/from/iter-map-fn-return.js
1139: test262/test/built-ins/Array/from/iter-map-fn-this-arg.js
1140: test262/test/built-ins/Array/from/iter-map-fn-this-non-strict.js  @noStrict
1141: test262/test/built-ins/Array/from/iter-map-fn-this-strict.js  @onlyStrict
1142: test262/test/built-ins/Array/from/iter-set-elem-prop-err.js
1143: test262/test/built-ins/Array/from/iter-set-elem-prop-non-writable.js
1144: test262/test/built-ins/Array/from/iter-set-elem-prop.js
1145: test262/test/built-ins/Array/from/iter-set-length-err.js
1146: test262/test/built-ins/Array/from/iter-set-length.js
Throw: Test262Error: Expected SameValue(«0», «0») to be true
  FAILED
1147: test262/test/built-ins/Array/from/mapfn-is-not-callable-typeerror.js
1148: test262/test/built-ins/Array/from/mapfn-is-symbol-throws.js
1149: test262/test/built-ins/Array/from/mapfn-throws-exception.js
1150: test262/test/built-ins/Array/from/not-a-constructor.js
1151: test262/test/built-ins/Array/from/proto-from-ctor-realm.js
1152: test262/test/built-ins/Array/from/source-array-boundary.js
Throw: Test262Error: Index mismatch in mapFn. Expected SameValue(«0», «0») to be true
  FAILED
1153: test262/test/built-ins/Array/from/source-object-constructor.js
1154: test262/test/built-ins/Array/from/source-object-iterator-1.js
1155: test262/test/built-ins/Array/from/source-object-iterator-2.js
1156: test262/test/built-ins/Array/from/source-object-length-set-elem-prop-err.js
1157: test262/test/built-ins/Array/from/source-object-length-set-elem-prop-non-writable.js
1158: test262/test/built-ins/Array/from/source-object-length.js
1159: test262/test/built-ins/Array/from/source-object-missing.js
1160: test262/test/built-ins/Array/from/source-object-without.js
Throw: Test262Error: Expected an array of length 0. Expected SameValue(«0», «0») to be true
  FAILED
1161: test262/test/built-ins/Array/from/this-null.js
Throw: Test262Error: result.length Expected SameValue(«0», «0») to be true
  FAILED
1162: test262/test/built-ins/Array/is-a-constructor.js
1163: test262/test/built-ins/Array/isArray/15.4.3.2-0-1.js
1164: test262/test/built-ins/Array/isArray/15.4.3.2-0-2.js
1165: test262/test/built-ins/Array/isArray/15.4.3.2-0-3.js
1166: test262/test/built-ins/Array/isArray/15.4.3.2-0-4.js
1167: test262/test/built-ins/Array/isArray/15.4.3.2-0-5.js
1168: test262/test/built-ins/Array/isArray/15.4.3.2-0-6.js
1169: test262/test/built-ins/Array/isArray/15.4.3.2-0-7.js
1170: test262/test/built-ins/Array/isArray/15.4.3.2-1-1.js
1171: test262/test/built-ins/Array/isArray/15.4.3.2-1-2.js
1172: test262/test/built-ins/Array/isArray/15.4.3.2-1-3.js
1173: test262/test/built-ins/Array/isArray/15.4.3.2-1-4.js
1174: test262/test/built-ins/Array/isArray/15.4.3.2-1-5.js
1175: test262/test/built-ins/Array/isArray/15.4.3.2-1-6.js
1176: test262/test/built-ins/Array/isArray/15.4.3.2-1-7.js
1177: test262/test/built-ins/Array/isArray/15.4.3.2-1-8.js
1178: test262/test/built-ins/Array/isArray/15.4.3.2-1-9.js
1179: test262/test/built-ins/Array/isArray/15.4.3.2-1-10.js
1180: test262/test/built-ins/Array/isArray/15.4.3.2-1-11.js
1181: test262/test/built-ins/Array/isArray/15.4.3.2-1-12.js
1182: test262/test/built-ins/Array/isArray/15.4.3.2-1-13.js
1183: test262/test/built-ins/Array/isArray/15.4.3.2-1-15.js
1184: test262/test/built-ins/Array/isArray/15.4.3.2-2-1.js
1185: test262/test/built-ins/Array/isArray/15.4.3.2-2-2.js
1186: test262/test/built-ins/Array/isArray/15.4.3.2-2-3.js
1187: test262/test/built-ins/Array/isArray/descriptor.js
1188: test262/test/built-ins/Array/isArray/name.js
1189: test262/test/built-ins/Array/isArray/not-a-constructor.js
1190: test262/test/built-ins/Array/isArray/proxy-revoked.js
1191: test262/test/built-ins/Array/isArray/proxy.js
1192: test262/test/built-ins/Array/length.js
1193: test262/test/built-ins/Array/length/15.4.5.1-3.d-1.js
1194: test262/test/built-ins/Array/length/15.4.5.1-3.d-2.js
1195: test262/test/built-ins/Array/length/15.4.5.1-3.d-3.js
1196: test262/test/built-ins/Array/length/S15.4.2.2_A1.1_T1.js
1197: test262/test/built-ins/Array/length/S15.4.2.2_A1.1_T2.js
1198: test262/test/built-ins/Array/length/S15.4.2.2_A1.1_T3.js
1199: test262/test/built-ins/Array/length/S15.4.2.2_A1.2_T1.js
1200: test262/test/built-ins/Array/length/S15.4.2.2_A2.1_T1.js
1201: test262/test/built-ins/Array/length/S15.4.2.2_A2.2_T1.js
1202: test262/test/built-ins/Array/length/S15.4.2.2_A2.2_T2.js
1203: test262/test/built-ins/Array/length/S15.4.2.2_A2.2_T3.js
1204: test262/test/built-ins/Array/length/S15.4.2.2_A2.3_T1.js
1205: test262/test/built-ins/Array/length/S15.4.2.2_A2.3_T2.js
1206: test262/test/built-ins/Array/length/S15.4.2.2_A2.3_T3.js
1207: test262/test/built-ins/Array/length/S15.4.2.2_A2.3_T4.js
1208: test262/test/built-ins/Array/length/S15.4.2.2_A2.3_T5.js
1209: test262/test/built-ins/Array/length/S15.4.4_A1.3_T1.js
1210: test262/test/built-ins/Array/length/S15.4.5.1_A1.1_T1.js
1211: test262/test/built-ins/Array/length/S15.4.5.1_A1.1_T2.js
1212: test262/test/built-ins/Array/length/S15.4.5.1_A1.2_T1.js
1213: test262/test/built-ins/Array/length/S15.4.5.1_A1.2_T3.js
1214: test262/test/built-ins/Array/length/S15.4.5.1_A1.3_T1.js
1215: test262/test/built-ins/Array/length/S15.4.5.1_A1.3_T2.js
1216: test262/test/built-ins/Array/length/S15.4.5.2_A3_T4.js
1217: test262/test/built-ins/Array/length/define-own-prop-length-coercion-order-set.js
1218: test262/test/built-ins/Array/length/define-own-prop-length-coercion-order.js
1219: test262/test/built-ins/Array/length/define-own-prop-length-no-value-order.js
1220: test262/test/built-ins/Array/length/define-own-prop-length-overflow-order.js
1221: test262/test/built-ins/Array/length/define-own-prop-length-overflow-realm.js
1222: test262/test/built-ins/Array/name.js
1223: test262/test/built-ins/Array/of/construct-this-with-the-number-of-arguments.js
Throw: Test262Error: `Array.of.call(C);` called `new C(0)` Expected SameValue(«0», «0») to be true
  FAILED
1224: test262/test/built-ins/Array/of/creates-a-new-array-from-arguments.js
Throw: Test262Error: Array.of() returns an empty array Expected SameValue(«0», «0») to be true
  FAILED
1225: test262/test/built-ins/Array/of/does-not-use-prototype-properties.js
1226: test262/test/built-ins/Array/of/does-not-use-set-for-indices.js
1227: test262/test/built-ins/Array/of/length.js
Throw: Test262Error: The value of `Array.of.length` is `0` Expected SameValue(«0», «0») to be true
  FAILED
1228: test262/test/built-ins/Array/of/name.js
1229: test262/test/built-ins/Array/of/not-a-constructor.js
1230: test262/test/built-ins/Array/of/of.js
1231: test262/test/built-ins/Array/of/proto-from-ctor-realm.js
1232: test262/test/built-ins/Array/of/return-a-custom-instance.js
1233: test262/test/built-ins/Array/of/return-a-new-array-object.js
1234: test262/test/built-ins/Array/of/return-abrupt-from-contructor.js
1235: test262/test/built-ins/Array/of/return-abrupt-from-data-property-using-proxy.js
1236: test262/test/built-ins/Array/of/return-abrupt-from-data-property.js
1237: test262/test/built-ins/Array/of/return-abrupt-from-setting-length.js
1238: test262/test/built-ins/Array/of/sets-length.js
1239: test262/test/built-ins/Array/prop-desc.js
1240: test262/test/built-ins/Array/property-cast-boolean-primitive.js
Throw: Test262Error: x['false'] Expected SameValue(«0», «0») to be true
  FAILED
1241: test262/test/built-ins/Array/property-cast-nan-infinity.js
Throw: Test262Error: y[Number.POSITIVE_INFINITY] === y['Infinity'] Expected SameValue(«undefined», «1») to be true
  FAILED
1242: test262/test/built-ins/Array/property-cast-number.js
1243: test262/test/built-ins/Array/proto-from-ctor-realm-one.js
1244: test262/test/built-ins/Array/proto-from-ctor-realm-two.js
1245: test262/test/built-ins/Array/proto-from-ctor-realm-zero.js
1246: test262/test/built-ins/Array/proto.js
1247: test262/test/built-ins/Array/prototype/Symbol.iterator.js
1248: test262/test/built-ins/Array/prototype/Symbol.iterator/not-a-constructor.js
1249: test262/test/built-ins/Array/prototype/Symbol.unscopables/prop-desc.js
1250: test262/test/built-ins/Array/prototype/Symbol.unscopables/value.js
1251: test262/test/built-ins/Array/prototype/at/index-argument-tointeger.js  SKIPPED
1252: test262/test/built-ins/Array/prototype/at/index-non-numeric-argument-tointeger-invalid.js  SKIPPED
1253: test262/test/built-ins/Array/prototype/at/index-non-numeric-argument-tointeger.js  SKIPPED
1254: test262/test/built-ins/Array/prototype/at/length.js  SKIPPED
1255: test262/test/built-ins/Array/prototype/at/name.js  SKIPPED
1256: test262/test/built-ins/Array/prototype/at/prop-desc.js  SKIPPED
1257: test262/test/built-ins/Array/prototype/at/return-abrupt-from-this.js  SKIPPED
1258: test262/test/built-ins/Array/prototype/at/returns-item-relative-index.js  SKIPPED
1259: test262/test/built-ins/Array/prototype/at/returns-item.js  SKIPPED
1260: test262/test/built-ins/Array/prototype/at/returns-undefined-for-holes-in-sparse-arrays.js  SKIPPED
1261: test262/test/built-ins/Array/prototype/at/returns-undefined-for-out-of-range-index.js  SKIPPED
1262: test262/test/built-ins/Array/prototype/concat/15.4.4.4-5-b-iii-3-b-1.js
1263: test262/test/built-ins/Array/prototype/concat/15.4.4.4-5-c-i-1.js
1264: test262/test/built-ins/Array/prototype/concat/Array.prototype.concat_array-like-length-to-string-throws.js
1265: test262/test/built-ins/Array/prototype/concat/Array.prototype.concat_array-like-length-value-of-throws.js
1266: test262/test/built-ins/Array/prototype/concat/Array.prototype.concat_array-like-negative-length.js
1267: test262/test/built-ins/Array/prototype/concat/Array.prototype.concat_array-like-primitive-non-number-length.js
1268: test262/test/built-ins/Array/prototype/concat/Array.prototype.concat_array-like-string-length.js
1269: test262/test/built-ins/Array/prototype/concat/Array.prototype.concat_array-like-to-length-throws.js
1270: test262/test/built-ins/Array/prototype/concat/Array.prototype.concat_array-like.js
1271: test262/test/built-ins/Array/prototype/concat/Array.prototype.concat_holey-sloppy-arguments.js
1272: test262/test/built-ins/Array/prototype/concat/Array.prototype.concat_large-typed-array.js
Throw: Test262Error: Expected true but got false
  FAILED
1273: test262/test/built-ins/Array/prototype/concat/Array.prototype.concat_length-throws.js
1274: test262/test/built-ins/Array/prototype/concat/Array.prototype.concat_no-prototype.js
1275: test262/test/built-ins/Array/prototype/concat/Array.prototype.concat_non-array.js
1276: test262/test/built-ins/Array/prototype/concat/Array.prototype.concat_sloppy-arguments-throws.js
1277: test262/test/built-ins/Array/prototype/concat/Array.prototype.concat_sloppy-arguments-with-dupes.js  @noStrict
1278: test262/test/built-ins/Array/prototype/concat/Array.prototype.concat_sloppy-arguments.js
1279: test262/test/built-ins/Array/prototype/concat/Array.prototype.concat_small-typed-array.js
Throw: Test262Error: Expected true but got false
  FAILED
1280: test262/test/built-ins/Array/prototype/concat/Array.prototype.concat_spreadable-boolean-wrapper.js
1281: test262/test/built-ins/Array/prototype/concat/Array.prototype.concat_spreadable-function.js
1282: test262/test/built-ins/Array/prototype/concat/Array.prototype.concat_spreadable-getter-throws.js
1283: test262/test/built-ins/Array/prototype/concat/Array.prototype.concat_spreadable-number-wrapper.js
1284: test262/test/built-ins/Array/prototype/concat/Array.prototype.concat_spreadable-reg-exp.js
1285: test262/test/built-ins/Array/prototype/concat/Array.prototype.concat_spreadable-sparse-object.js
1286: test262/test/built-ins/Array/prototype/concat/Array.prototype.concat_spreadable-string-wrapper.js
1287: test262/test/built-ins/Array/prototype/concat/Array.prototype.concat_strict-arguments.js
1288: test262/test/built-ins/Array/prototype/concat/S15.4.4.4_A1_T1.js
1289: test262/test/built-ins/Array/prototype/concat/S15.4.4.4_A1_T2.js
1290: test262/test/built-ins/Array/prototype/concat/S15.4.4.4_A1_T3.js
1291: test262/test/built-ins/Array/prototype/concat/S15.4.4.4_A1_T4.js
1292: test262/test/built-ins/Array/prototype/concat/S15.4.4.4_A2_T1.js
1293: test262/test/built-ins/Array/prototype/concat/S15.4.4.4_A2_T2.js
1294: test262/test/built-ins/Array/prototype/concat/S15.4.4.4_A3_T1.js
1295: test262/test/built-ins/Array/prototype/concat/S15.4.4.4_A3_T2.js
1296: test262/test/built-ins/Array/prototype/concat/S15.4.4.4_A3_T3.js
1297: test262/test/built-ins/Array/prototype/concat/arg-length-exceeding-integer-limit.js
1298: test262/test/built-ins/Array/prototype/concat/arg-length-near-integer-limit.js
1299: test262/test/built-ins/Array/prototype/concat/call-with-boolean.js
1300: test262/test/built-ins/Array/prototype/concat/create-ctor-non-object.js
1301: test262/test/built-ins/Array/prototype/concat/create-ctor-poisoned.js
1302: test262/test/built-ins/Array/prototype/concat/create-non-array.js
Throw: Test262Error: `constructor` property not accessed Expected SameValue(«0», «0») to be true
  FAILED
1303: test262/test/built-ins/Array/prototype/concat/create-proto-from-ctor-realm-array.js
Throw: Test262Error: Species constructor is not referenced Expected SameValue(«0», «0») to be true
  FAILED
1304: test262/test/built-ins/Array/prototype/concat/create-proto-from-ctor-realm-non-array.js
Throw: Test262Error: Array species constructor is not referenced Expected SameValue(«0», «0») to be true
  FAILED
1305: test262/test/built-ins/Array/prototype/concat/create-proxy.js
1306: test262/test/built-ins/Array/prototype/concat/create-revoked-proxy.js
Throw: Test262Error: `constructor` property not accessed Expected SameValue(«0», «0») to be true
  FAILED
1307: test262/test/built-ins/Array/prototype/concat/create-species-abrupt.js
1308: test262/test/built-ins/Array/prototype/concat/create-species-non-ctor.js
1309: test262/test/built-ins/Array/prototype/concat/create-species-non-extensible-spreadable.js
1310: test262/test/built-ins/Array/prototype/concat/create-species-non-extensible.js
1311: test262/test/built-ins/Array/prototype/concat/create-species-null.js
1312: test262/test/built-ins/Array/prototype/concat/create-species-poisoned.js
1313: test262/test/built-ins/Array/prototype/concat/create-species-undef.js
1314: test262/test/built-ins/Array/prototype/concat/create-species-with-non-configurable-property-spreadable.js
1315: test262/test/built-ins/Array/prototype/concat/create-species-with-non-configurable-property.js
1316: test262/test/built-ins/Array/prototype/concat/create-species-with-non-writable-property-spreadable.js
1317: test262/test/built-ins/Array/prototype/concat/create-species-with-non-writable-property.js
1318: test262/test/built-ins/Array/prototype/concat/create-species.js
Throw: Test262Error: Expected SameValue(«0», «0») to be true
  FAILED
1319: test262/test/built-ins/Array/prototype/concat/is-concat-spreadable-get-err.js
1320: test262/test/built-ins/Array/prototype/concat/is-concat-spreadable-get-order.js
1321: test262/test/built-ins/Array/prototype/concat/is-concat-spreadable-is-array-proxy-revoked.js
1322: test262/test/built-ins/Array/prototype/concat/is-concat-spreadable-proxy-revoked.js
1323: test262/test/built-ins/Array/prototype/concat/is-concat-spreadable-proxy.js
Throw: Test262Error: Proxy for an array Expected SameValue(«0», «0») to be true
  FAILED
1324: test262/test/built-ins/Array/prototype/concat/is-concat-spreadable-val-falsey.js
1325: test262/test/built-ins/Array/prototype/concat/is-concat-spreadable-val-truthy.js
Throw: Test262Error: Expected SameValue(«0», «0») to be true
  FAILED
1326: test262/test/built-ins/Array/prototype/concat/is-concat-spreadable-val-undefined.js
Throw: Test262Error: Expected SameValue(«0», «0») to be true
  FAILED
1327: test262/test/built-ins/Array/prototype/concat/length.js
1328: test262/test/built-ins/Array/prototype/concat/name.js
1329: test262/test/built-ins/Array/prototype/concat/not-a-constructor.js
1330: test262/test/built-ins/Array/prototype/concat/prop-desc.js
1331: test262/test/built-ins/Array/prototype/constructor.js
1332: test262/test/built-ins/Array/prototype/copyWithin/call-with-boolean.js
1333: test262/test/built-ins/Array/prototype/copyWithin/coerced-values-end.js
Throw: Test262Error: null value coerced to 0
  FAILED
1334: test262/test/built-ins/Array/prototype/copyWithin/coerced-values-start-change-start.js
1335: test262/test/built-ins/Array/prototype/copyWithin/coerced-values-start-change-target.js
Throw: Test262Error: coercion side-effect makes target out of bounds
  FAILED
1336: test262/test/built-ins/Array/prototype/copyWithin/coerced-values-start.js
Throw: Test262Error: undefined value coerced to 0
  FAILED
1337: test262/test/built-ins/Array/prototype/copyWithin/coerced-values-target.js
Throw: Test262Error: true value coerced to 1
  FAILED
1338: test262/test/built-ins/Array/prototype/copyWithin/fill-holes.js
1339: test262/test/built-ins/Array/prototype/copyWithin/length-near-integer-limit.js
1340: test262/test/built-ins/Array/prototype/copyWithin/length.js
1341: test262/test/built-ins/Array/prototype/copyWithin/name.js
1342: test262/test/built-ins/Array/prototype/copyWithin/negative-end.js
Throw: Test262Error: [0, 1, 2, 3, 4].copyWithin(2, 0, -1) -> [0, 1, 0, 1, 2]
  FAILED
1343: test262/test/built-ins/Array/prototype/copyWithin/negative-out-of-bounds-end.js
Throw: Test262Error: [0, 1, 2, 3].copyWithin(0, 1, -10) -> [0, 1, 2, 3]
  FAILED
1344: test262/test/built-ins/Array/prototype/copyWithin/negative-out-of-bounds-start.js
Throw: Test262Error: [0, 1, 2, 3].copyWithin(0, -10) -> [0, 1, 2, 3]
  FAILED
1345: test262/test/built-ins/Array/prototype/copyWithin/negative-out-of-bounds-target.js
Throw: Test262Error: [0, 1, 2, 3].copyWithin(-10, 0) -> [0, 1, 2, 3]
  FAILED
1346: test262/test/built-ins/Array/prototype/copyWithin/negative-start.js
Throw: Test262Error: [0, 1, 2, 3, 4].copyWithin(2, -2) -> [0, 1, 3, 4, 4]
  FAILED
1347: test262/test/built-ins/Array/prototype/copyWithin/negative-target.js
Throw: Test262Error: [0, 1, 2, 3].copyWithin(-1, 0) -> [0, 1, 2, 0]
  FAILED
1348: test262/test/built-ins/Array/prototype/copyWithin/non-negative-out-of-bounds-end.js
Throw: Test262Error: [0, 1, 2, 3].copyWithin(0, 1, Infinity) -> [1, 2, 3, 3]
  FAILED
1349: test262/test/built-ins/Array/prototype/copyWithin/non-negative-out-of-bounds-target-and-start.js
Throw: Test262Error: [0, 1, 2, 3, 4, 5].copyWithin(6, 0) => [0, 1, 2, 3, 4, 5]
  FAILED
1350: test262/test/built-ins/Array/prototype/copyWithin/non-negative-target-and-start.js
Throw: Test262Error: Expected true but got false
  FAILED
1351: test262/test/built-ins/Array/prototype/copyWithin/non-negative-target-start-and-end.js
Throw: Test262Error: [0, 1, 2, 3].copyWithin(0, 0, 0) -> [0, 1, 2, 3]
  FAILED
1352: test262/test/built-ins/Array/prototype/copyWithin/not-a-constructor.js
1353: test262/test/built-ins/Array/prototype/copyWithin/prop-desc.js
1354: test262/test/built-ins/Array/prototype/copyWithin/return-abrupt-from-delete-proxy-target.js
1355: test262/test/built-ins/Array/prototype/copyWithin/return-abrupt-from-delete-target.js
1356: test262/test/built-ins/Array/prototype/copyWithin/return-abrupt-from-end-as-symbol.js
1357: test262/test/built-ins/Array/prototype/copyWithin/return-abrupt-from-end.js
1358: test262/test/built-ins/Array/prototype/copyWithin/return-abrupt-from-get-start-value.js
1359: test262/test/built-ins/Array/prototype/copyWithin/return-abrupt-from-has-start.js
1360: test262/test/built-ins/Array/prototype/copyWithin/return-abrupt-from-set-target-value.js
1361: test262/test/built-ins/Array/prototype/copyWithin/return-abrupt-from-start-as-symbol.js
1362: test262/test/built-ins/Array/prototype/copyWithin/return-abrupt-from-start.js
1363: test262/test/built-ins/Array/prototype/copyWithin/return-abrupt-from-target-as-symbol.js
1364: test262/test/built-ins/Array/prototype/copyWithin/return-abrupt-from-target.js
1365: test262/test/built-ins/Array/prototype/copyWithin/return-abrupt-from-this-length-as-symbol.js
1366: test262/test/built-ins/Array/prototype/copyWithin/return-abrupt-from-this-length.js
1367: test262/test/built-ins/Array/prototype/copyWithin/return-abrupt-from-this.js
1368: test262/test/built-ins/Array/prototype/copyWithin/return-this.js
1369: test262/test/built-ins/Array/prototype/copyWithin/undefined-end.js
1370: test262/test/built-ins/Array/prototype/entries/iteration-mutable.js
Throw: Test262Error: First result `value` (array key) Expected SameValue(«0», «0») to be true
  FAILED
1371: test262/test/built-ins/Array/prototype/entries/iteration.js
Throw: Test262Error: First result `value` (array key) Expected SameValue(«0», «0») to be true
  FAILED
1372: test262/test/built-ins/Array/prototype/entries/length.js
Throw: Test262Error: The value of `Array.prototype.entries.length` is `0` Expected SameValue(«0», «0») to be true
  FAILED
1373: test262/test/built-ins/Array/prototype/entries/name.js
1374: test262/test/built-ins/Array/prototype/entries/not-a-constructor.js
1375: test262/test/built-ins/Array/prototype/entries/prop-desc.js
1376: test262/test/built-ins/Array/prototype/entries/return-abrupt-from-this.js
1377: test262/test/built-ins/Array/prototype/entries/returns-iterator-from-object.js
1378: test262/test/built-ins/Array/prototype/entries/returns-iterator.js
1379: test262/test/built-ins/Array/prototype/every/15.4.4.16-0-1.js
1380: test262/test/built-ins/Array/prototype/every/15.4.4.16-1-1.js
1381: test262/test/built-ins/Array/prototype/every/15.4.4.16-1-2.js
1382: test262/test/built-ins/Array/prototype/every/15.4.4.16-1-3.js
1383: test262/test/built-ins/Array/prototype/every/15.4.4.16-1-4.js
1384: test262/test/built-ins/Array/prototype/every/15.4.4.16-1-5.js
1385: test262/test/built-ins/Array/prototype/every/15.4.4.16-1-6.js
1386: test262/test/built-ins/Array/prototype/every/15.4.4.16-1-7.js
1387: test262/test/built-ins/Array/prototype/every/15.4.4.16-1-8.js
1388: test262/test/built-ins/Array/prototype/every/15.4.4.16-1-9.js
1389: test262/test/built-ins/Array/prototype/every/15.4.4.16-1-10.js
1390: test262/test/built-ins/Array/prototype/every/15.4.4.16-1-11.js
1391: test262/test/built-ins/Array/prototype/every/15.4.4.16-1-12.js
1392: test262/test/built-ins/Array/prototype/every/15.4.4.16-1-13.js
1393: test262/test/built-ins/Array/prototype/every/15.4.4.16-1-14.js
1394: test262/test/built-ins/Array/prototype/every/15.4.4.16-1-15.js
1395: test262/test/built-ins/Array/prototype/every/15.4.4.16-2-1.js
1396: test262/test/built-ins/Array/prototype/every/15.4.4.16-2-2.js
1397: test262/test/built-ins/Array/prototype/every/15.4.4.16-2-3.js
1398: test262/test/built-ins/Array/prototype/every/15.4.4.16-2-4.js
1399: test262/test/built-ins/Array/prototype/every/15.4.4.16-2-5.js
1400: test262/test/built-ins/Array/prototype/every/15.4.4.16-2-6.js
1401: test262/test/built-ins/Array/prototype/every/15.4.4.16-2-7.js
1402: test262/test/built-ins/Array/prototype/every/15.4.4.16-2-8.js
1403: test262/test/built-ins/Array/prototype/every/15.4.4.16-2-9.js
1404: test262/test/built-ins/Array/prototype/every/15.4.4.16-2-10.js
1405: test262/test/built-ins/Array/prototype/every/15.4.4.16-2-11.js
1406: test262/test/built-ins/Array/prototype/every/15.4.4.16-2-12.js
1407: test262/test/built-ins/Array/prototype/every/15.4.4.16-2-13.js
1408: test262/test/built-ins/Array/prototype/every/15.4.4.16-2-14.js
1409: test262/test/built-ins/Array/prototype/every/15.4.4.16-2-17.js
1410: test262/test/built-ins/Array/prototype/every/15.4.4.16-2-18.js
1411: test262/test/built-ins/Array/prototype/every/15.4.4.16-2-19.js
1412: test262/test/built-ins/Array/prototype/every/15.4.4.16-3-1.js
1413: test262/test/built-ins/Array/prototype/every/15.4.4.16-3-2.js
1414: test262/test/built-ins/Array/prototype/every/15.4.4.16-3-3.js
1415: test262/test/built-ins/Array/prototype/every/15.4.4.16-3-4.js
1416: test262/test/built-ins/Array/prototype/every/15.4.4.16-3-5.js
1417: test262/test/built-ins/Array/prototype/every/15.4.4.16-3-6.js
1418: test262/test/built-ins/Array/prototype/every/15.4.4.16-3-7.js
1419: test262/test/built-ins/Array/prototype/every/15.4.4.16-3-8.js
Throw: Test262Error: Array.prototype.every.call(obj, callbackfn) Expected SameValue(«true», «false») to be true
  FAILED
1420: test262/test/built-ins/Array/prototype/every/15.4.4.16-3-9.js
1421: test262/test/built-ins/Array/prototype/every/15.4.4.16-3-10.js
1422: test262/test/built-ins/Array/prototype/every/15.4.4.16-3-11.js
1423: test262/test/built-ins/Array/prototype/every/15.4.4.16-3-12.js
1424: test262/test/built-ins/Array/prototype/every/15.4.4.16-3-13.js
1425: test262/test/built-ins/Array/prototype/every/15.4.4.16-3-14.js
Throw: Test262Error: Array.prototype.every.call(objOne, callbackfn) Expected SameValue(«true», «false») to be true
  FAILED
1426: test262/test/built-ins/Array/prototype/every/15.4.4.16-3-15.js
1427: test262/test/built-ins/Array/prototype/every/15.4.4.16-3-16.js
1428: test262/test/built-ins/Array/prototype/every/15.4.4.16-3-17.js
1429: test262/test/built-ins/Array/prototype/every/15.4.4.16-3-18.js
1430: test262/test/built-ins/Array/prototype/every/15.4.4.16-3-19.js
1431: test262/test/built-ins/Array/prototype/every/15.4.4.16-3-20.js
1432: test262/test/built-ins/Array/prototype/every/15.4.4.16-3-21.js
1433: test262/test/built-ins/Array/prototype/every/15.4.4.16-3-22.js
1434: test262/test/built-ins/Array/prototype/every/15.4.4.16-3-23.js
1435: test262/test/built-ins/Array/prototype/every/15.4.4.16-3-24.js
1436: test262/test/built-ins/Array/prototype/every/15.4.4.16-3-25.js
1437: test262/test/built-ins/Array/prototype/every/15.4.4.16-3-29.js
1438: test262/test/built-ins/Array/prototype/every/15.4.4.16-4-1.js
1439: test262/test/built-ins/Array/prototype/every/15.4.4.16-4-3.js
1440: test262/test/built-ins/Array/prototype/every/15.4.4.16-4-4.js
1441: test262/test/built-ins/Array/prototype/every/15.4.4.16-4-5.js
1442: test262/test/built-ins/Array/prototype/every/15.4.4.16-4-6.js
1443: test262/test/built-ins/Array/prototype/every/15.4.4.16-4-7.js
1444: test262/test/built-ins/Array/prototype/every/15.4.4.16-4-8.js
1445: test262/test/built-ins/Array/prototype/every/15.4.4.16-4-9.js
1446: test262/test/built-ins/Array/prototype/every/15.4.4.16-4-10.js
1447: test262/test/built-ins/Array/prototype/every/15.4.4.16-4-11.js
1448: test262/test/built-ins/Array/prototype/every/15.4.4.16-4-12.js
1449: test262/test/built-ins/Array/prototype/every/15.4.4.16-4-15.js
1450: test262/test/built-ins/Array/prototype/every/15.4.4.16-5-1-s.js  @noStrict
1451: test262/test/built-ins/Array/prototype/every/15.4.4.16-5-1.js  @noStrict
1452: test262/test/built-ins/Array/prototype/every/15.4.4.16-5-2.js
1453: test262/test/built-ins/Array/prototype/every/15.4.4.16-5-3.js
1454: test262/test/built-ins/Array/prototype/every/15.4.4.16-5-4.js
1455: test262/test/built-ins/Array/prototype/every/15.4.4.16-5-5.js
1456: test262/test/built-ins/Array/prototype/every/15.4.4.16-5-6.js
1457: test262/test/built-ins/Array/prototype/every/15.4.4.16-5-7.js
1458: test262/test/built-ins/Array/prototype/every/15.4.4.16-5-9.js
1459: test262/test/built-ins/Array/prototype/every/15.4.4.16-5-10.js
1460: test262/test/built-ins/Array/prototype/every/15.4.4.16-5-11.js
1461: test262/test/built-ins/Array/prototype/every/15.4.4.16-5-12.js
1462: test262/test/built-ins/Array/prototype/every/15.4.4.16-5-13.js
1463: test262/test/built-ins/Array/prototype/every/15.4.4.16-5-14.js
1464: test262/test/built-ins/Array/prototype/every/15.4.4.16-5-15.js
1465: test262/test/built-ins/Array/prototype/every/15.4.4.16-5-16.js
1466: test262/test/built-ins/Array/prototype/every/15.4.4.16-5-17.js
1467: test262/test/built-ins/Array/prototype/every/15.4.4.16-5-18.js
1468: test262/test/built-ins/Array/prototype/every/15.4.4.16-5-19.js
1469: test262/test/built-ins/Array/prototype/every/15.4.4.16-5-21.js
1470: test262/test/built-ins/Array/prototype/every/15.4.4.16-5-22.js
1471: test262/test/built-ins/Array/prototype/every/15.4.4.16-5-23.js
1472: test262/test/built-ins/Array/prototype/every/15.4.4.16-5-24.js
1473: test262/test/built-ins/Array/prototype/every/15.4.4.16-7-1.js
1474: test262/test/built-ins/Array/prototype/every/15.4.4.16-7-2.js
1475: test262/test/built-ins/Array/prototype/every/15.4.4.16-7-3.js
1476: test262/test/built-ins/Array/prototype/every/15.4.4.16-7-4.js
1477: test262/test/built-ins/Array/prototype/every/15.4.4.16-7-5.js
1478: test262/test/built-ins/Array/prototype/every/15.4.4.16-7-6.js
1479: test262/test/built-ins/Array/prototype/every/15.4.4.16-7-7.js
1480: test262/test/built-ins/Array/prototype/every/15.4.4.16-7-8.js
1481: test262/test/built-ins/Array/prototype/every/15.4.4.16-7-9.js
1482: test262/test/built-ins/Array/prototype/every/15.4.4.16-7-b-1.js
1483: test262/test/built-ins/Array/prototype/every/15.4.4.16-7-b-2.js
1484: test262/test/built-ins/Array/prototype/every/15.4.4.16-7-b-3.js
1485: test262/test/built-ins/Array/prototype/every/15.4.4.16-7-b-4.js
1486: test262/test/built-ins/Array/prototype/every/15.4.4.16-7-b-5.js
1487: test262/test/built-ins/Array/prototype/every/15.4.4.16-7-b-6.js
1488: test262/test/built-ins/Array/prototype/every/15.4.4.16-7-b-7.js
1489: test262/test/built-ins/Array/prototype/every/15.4.4.16-7-b-8.js
1490: test262/test/built-ins/Array/prototype/every/15.4.4.16-7-b-9.js
1491: test262/test/built-ins/Array/prototype/every/15.4.4.16-7-b-10.js
1492: test262/test/built-ins/Array/prototype/every/15.4.4.16-7-b-11.js
1493: test262/test/built-ins/Array/prototype/every/15.4.4.16-7-b-12.js
1494: test262/test/built-ins/Array/prototype/every/15.4.4.16-7-b-13.js
1495: test262/test/built-ins/Array/prototype/every/15.4.4.16-7-b-14.js
1496: test262/test/built-ins/Array/prototype/every/15.4.4.16-7-b-15.js
1497: test262/test/built-ins/Array/prototype/every/15.4.4.16-7-b-16.js  @noStrict
1498: test262/test/built-ins/Array/prototype/every/15.4.4.16-7-c-i-1.js
1499: test262/test/built-ins/Array/prototype/every/15.4.4.16-7-c-i-2.js
1500: test262/test/built-ins/Array/prototype/every/15.4.4.16-7-c-i-3.js
1501: test262/test/built-ins/Array/prototype/every/15.4.4.16-7-c-i-4.js
1502: test262/test/built-ins/Array/prototype/every/15.4.4.16-7-c-i-5.js
1503: test262/test/built-ins/Array/prototype/every/15.4.4.16-7-c-i-6.js
1504: test262/test/built-ins/Array/prototype/every/15.4.4.16-7-c-i-7.js
1505: test262/test/built-ins/Array/prototype/every/15.4.4.16-7-c-i-8.js
1506: test262/test/built-ins/Array/prototype/every/15.4.4.16-7-c-i-9.js
1507: test262/test/built-ins/Array/prototype/every/15.4.4.16-7-c-i-10.js
1508: test262/test/built-ins/Array/prototype/every/15.4.4.16-7-c-i-11.js
1509: test262/test/built-ins/Array/prototype/every/15.4.4.16-7-c-i-12.js
1510: test262/test/built-ins/Array/prototype/every/15.4.4.16-7-c-i-13.js
1511: test262/test/built-ins/Array/prototype/every/15.4.4.16-7-c-i-14.js
1512: test262/test/built-ins/Array/prototype/every/15.4.4.16-7-c-i-15.js
1513: test262/test/built-ins/Array/prototype/every/15.4.4.16-7-c-i-16.js
1514: test262/test/built-ins/Array/prototype/every/15.4.4.16-7-c-i-17.js
1515: test262/test/built-ins/Array/prototype/every/15.4.4.16-7-c-i-18.js
1516: test262/test/built-ins/Array/prototype/every/15.4.4.16-7-c-i-19.js
1517: test262/test/built-ins/Array/prototype/every/15.4.4.16-7-c-i-20.js
1518: test262/test/built-ins/Array/prototype/every/15.4.4.16-7-c-i-21.js
1519: test262/test/built-ins/Array/prototype/every/15.4.4.16-7-c-i-22.js
1520: test262/test/built-ins/Array/prototype/every/15.4.4.16-7-c-i-25.js
1521: test262/test/built-ins/Array/prototype/every/15.4.4.16-7-c-i-26.js
1522: test262/test/built-ins/Array/prototype/every/15.4.4.16-7-c-i-27.js
1523: test262/test/built-ins/Array/prototype/every/15.4.4.16-7-c-i-28.js
1524: test262/test/built-ins/Array/prototype/every/15.4.4.16-7-c-i-29.js
1525: test262/test/built-ins/Array/prototype/every/15.4.4.16-7-c-i-30.js
1526: test262/test/built-ins/Array/prototype/every/15.4.4.16-7-c-i-31.js
1527: test262/test/built-ins/Array/prototype/every/15.4.4.16-7-c-ii-1.js
1528: test262/test/built-ins/Array/prototype/every/15.4.4.16-7-c-ii-2.js
 time: 165 ms
1529: test262/test/built-ins/Array/prototype/every/15.4.4.16-7-c-ii-3.js
1530: test262/test/built-ins/Array/prototype/every/15.4.4.16-7-c-ii-4.js
1531: test262/test/built-ins/Array/prototype/every/15.4.4.16-7-c-ii-5.js
1532: test262/test/built-ins/Array/prototype/every/15.4.4.16-7-c-ii-6.js
1533: test262/test/built-ins/Array/prototype/every/15.4.4.16-7-c-ii-7.js
1534: test262/test/built-ins/Array/prototype/every/15.4.4.16-7-c-ii-8.js
1535: test262/test/built-ins/Array/prototype/every/15.4.4.16-7-c-ii-9.js
1536: test262/test/built-ins/Array/prototype/every/15.4.4.16-7-c-ii-10.js
1537: test262/test/built-ins/Array/prototype/every/15.4.4.16-7-c-ii-11.js
1538: test262/test/built-ins/Array/prototype/every/15.4.4.16-7-c-ii-12.js
1539: test262/test/built-ins/Array/prototype/every/15.4.4.16-7-c-ii-13.js
1540: test262/test/built-ins/Array/prototype/every/15.4.4.16-7-c-ii-16.js
1541: test262/test/built-ins/Array/prototype/every/15.4.4.16-7-c-ii-17.js
1542: test262/test/built-ins/Array/prototype/every/15.4.4.16-7-c-ii-18.js
1543: test262/test/built-ins/Array/prototype/every/15.4.4.16-7-c-ii-19.js
1544: test262/test/built-ins/Array/prototype/every/15.4.4.16-7-c-ii-20.js
1545: test262/test/built-ins/Array/prototype/every/15.4.4.16-7-c-ii-21.js
1546: test262/test/built-ins/Array/prototype/every/15.4.4.16-7-c-ii-22.js
1547: test262/test/built-ins/Array/prototype/every/15.4.4.16-7-c-ii-23.js
1548: test262/test/built-ins/Array/prototype/every/15.4.4.16-7-c-iii-1.js
1549: test262/test/built-ins/Array/prototype/every/15.4.4.16-7-c-iii-2.js
1550: test262/test/built-ins/Array/prototype/every/15.4.4.16-7-c-iii-3.js
1551: test262/test/built-ins/Array/prototype/every/15.4.4.16-7-c-iii-4.js
1552: test262/test/built-ins/Array/prototype/every/15.4.4.16-7-c-iii-5.js
1553: test262/test/built-ins/Array/prototype/every/15.4.4.16-7-c-iii-6.js
1554: test262/test/built-ins/Array/prototype/every/15.4.4.16-7-c-iii-7.js
1555: test262/test/built-ins/Array/prototype/every/15.4.4.16-7-c-iii-8.js
1556: test262/test/built-ins/Array/prototype/every/15.4.4.16-7-c-iii-9.js
1557: test262/test/built-ins/Array/prototype/every/15.4.4.16-7-c-iii-10.js
Throw: Test262Error: [11].every(callbackfn) !== true
  FAILED
1558: test262/test/built-ins/Array/prototype/every/15.4.4.16-7-c-iii-11.js
Throw: Test262Error: [11].every(callbackfn) !== true
  FAILED
1559: test262/test/built-ins/Array/prototype/every/15.4.4.16-7-c-iii-12.js
1560: test262/test/built-ins/Array/prototype/every/15.4.4.16-7-c-iii-13.js
1561: test262/test/built-ins/Array/prototype/every/15.4.4.16-7-c-iii-14.js
1562: test262/test/built-ins/Array/prototype/every/15.4.4.16-7-c-iii-15.js
1563: test262/test/built-ins/Array/prototype/every/15.4.4.16-7-c-iii-16.js
1564: test262/test/built-ins/Array/prototype/every/15.4.4.16-7-c-iii-17.js
1565: test262/test/built-ins/Array/prototype/every/15.4.4.16-7-c-iii-18.js
1566: test262/test/built-ins/Array/prototype/every/15.4.4.16-7-c-iii-19.js
1567: test262/test/built-ins/Array/prototype/every/15.4.4.16-7-c-iii-20.js
1568: test262/test/built-ins/Array/prototype/every/15.4.4.16-7-c-iii-21.js
1569: test262/test/built-ins/Array/prototype/every/15.4.4.16-7-c-iii-22.js
1570: test262/test/built-ins/Array/prototype/every/15.4.4.16-7-c-iii-23.js
1571: test262/test/built-ins/Array/prototype/every/15.4.4.16-7-c-iii-24.js
1572: test262/test/built-ins/Array/prototype/every/15.4.4.16-7-c-iii-25.js
1573: test262/test/built-ins/Array/prototype/every/15.4.4.16-7-c-iii-27.js
1574: test262/test/built-ins/Array/prototype/every/15.4.4.16-7-c-iii-28.js
1575: test262/test/built-ins/Array/prototype/every/15.4.4.16-7-c-iii-29.js
1576: test262/test/built-ins/Array/prototype/every/15.4.4.16-8-1.js
1577: test262/test/built-ins/Array/prototype/every/15.4.4.16-8-2.js
1578: test262/test/built-ins/Array/prototype/every/15.4.4.16-8-3.js
1579: test262/test/built-ins/Array/prototype/every/15.4.4.16-8-4.js
1580: test262/test/built-ins/Array/prototype/every/15.4.4.16-8-5.js
1581: test262/test/built-ins/Array/prototype/every/15.4.4.16-8-6.js
1582: test262/test/built-ins/Array/prototype/every/15.4.4.16-8-7.js
1583: test262/test/built-ins/Array/prototype/every/15.4.4.16-8-8.js
1584: test262/test/built-ins/Array/prototype/every/15.4.4.16-8-10.js
1585: test262/test/built-ins/Array/prototype/every/15.4.4.16-8-11.js
1586: test262/test/built-ins/Array/prototype/every/15.4.4.16-8-12.js
1587: test262/test/built-ins/Array/prototype/every/15.4.4.16-8-13.js
1588: test262/test/built-ins/Array/prototype/every/call-with-boolean.js
1589: test262/test/built-ins/Array/prototype/every/length.js
1590: test262/test/built-ins/Array/prototype/every/name.js
1591: test262/test/built-ins/Array/prototype/every/not-a-constructor.js
1592: test262/test/built-ins/Array/prototype/every/prop-desc.js
1593: test262/test/built-ins/Array/prototype/exotic-array.js
1594: test262/test/built-ins/Array/prototype/fill/call-with-boolean.js
1595: test262/test/built-ins/Array/prototype/fill/coerced-indexes.js
Throw: Test262Error: `null` end coerced to 0
  FAILED
1596: test262/test/built-ins/Array/prototype/fill/fill-values-custom-start-and-end.js
Throw: Test262Error: Expected true but got false
  FAILED
1597: test262/test/built-ins/Array/prototype/fill/fill-values-relative-end.js
Throw: Test262Error: Fill elements from custom end position
  FAILED
1598: test262/test/built-ins/Array/prototype/fill/fill-values-relative-start.js
Throw: Test262Error: Fill elements from custom start position
  FAILED
1599: test262/test/built-ins/Array/prototype/fill/fill-values.js
1600: test262/test/built-ins/Array/prototype/fill/length-near-integer-limit.js
1601: test262/test/built-ins/Array/prototype/fill/length.js
1602: test262/test/built-ins/Array/prototype/fill/name.js
1603: test262/test/built-ins/Array/prototype/fill/not-a-constructor.js
1604: test262/test/built-ins/Array/prototype/fill/prop-desc.js
1605: test262/test/built-ins/Array/prototype/fill/return-abrupt-from-end-as-symbol.js
1606: test262/test/built-ins/Array/prototype/fill/return-abrupt-from-end.js
1607: test262/test/built-ins/Array/prototype/fill/return-abrupt-from-setting-property-value.js
1608: test262/test/built-ins/Array/prototype/fill/return-abrupt-from-start-as-symbol.js
1609: test262/test/built-ins/Array/prototype/fill/return-abrupt-from-start.js
1610: test262/test/built-ins/Array/prototype/fill/return-abrupt-from-this-length-as-symbol.js
1611: test262/test/built-ins/Array/prototype/fill/return-abrupt-from-this-length.js
1612: test262/test/built-ins/Array/prototype/fill/return-abrupt-from-this.js
1613: test262/test/built-ins/Array/prototype/fill/return-this.js
1614: test262/test/built-ins/Array/prototype/filter/15.4.4.20-1-1.js
1615: test262/test/built-ins/Array/prototype/filter/15.4.4.20-1-2.js
1616: test262/test/built-ins/Array/prototype/filter/15.4.4.20-1-3.js
1617: test262/test/built-ins/Array/prototype/filter/15.4.4.20-1-4.js
1618: test262/test/built-ins/Array/prototype/filter/15.4.4.20-1-5.js
1619: test262/test/built-ins/Array/prototype/filter/15.4.4.20-1-6.js
1620: test262/test/built-ins/Array/prototype/filter/15.4.4.20-1-7.js
1621: test262/test/built-ins/Array/prototype/filter/15.4.4.20-1-8.js
1622: test262/test/built-ins/Array/prototype/filter/15.4.4.20-1-9.js
1623: test262/test/built-ins/Array/prototype/filter/15.4.4.20-1-10.js
1624: test262/test/built-ins/Array/prototype/filter/15.4.4.20-1-11.js
1625: test262/test/built-ins/Array/prototype/filter/15.4.4.20-1-12.js
1626: test262/test/built-ins/Array/prototype/filter/15.4.4.20-1-13.js
1627: test262/test/built-ins/Array/prototype/filter/15.4.4.20-1-14.js
1628: test262/test/built-ins/Array/prototype/filter/15.4.4.20-1-15.js
1629: test262/test/built-ins/Array/prototype/filter/15.4.4.20-2-1.js
1630: test262/test/built-ins/Array/prototype/filter/15.4.4.20-2-2.js
1631: test262/test/built-ins/Array/prototype/filter/15.4.4.20-2-3.js
1632: test262/test/built-ins/Array/prototype/filter/15.4.4.20-2-4.js
1633: test262/test/built-ins/Array/prototype/filter/15.4.4.20-2-5.js
1634: test262/test/built-ins/Array/prototype/filter/15.4.4.20-2-6.js
1635: test262/test/built-ins/Array/prototype/filter/15.4.4.20-2-7.js
1636: test262/test/built-ins/Array/prototype/filter/15.4.4.20-2-8.js
1637: test262/test/built-ins/Array/prototype/filter/15.4.4.20-2-9.js
1638: test262/test/built-ins/Array/prototype/filter/15.4.4.20-2-10.js
1639: test262/test/built-ins/Array/prototype/filter/15.4.4.20-2-11.js
Throw: Test262Error: newArr.length Expected SameValue(«0», «0») to be true
  FAILED
1640: test262/test/built-ins/Array/prototype/filter/15.4.4.20-2-12.js
Throw: Test262Error: newArr.length Expected SameValue(«0», «0») to be true
  FAILED
1641: test262/test/built-ins/Array/prototype/filter/15.4.4.20-2-13.js
Throw: Test262Error: newArr.length Expected SameValue(«0», «0») to be true
  FAILED
1642: test262/test/built-ins/Array/prototype/filter/15.4.4.20-2-14.js
Throw: Test262Error: newArr.length Expected SameValue(«0», «0») to be true
  FAILED
1643: test262/test/built-ins/Array/prototype/filter/15.4.4.20-2-17.js
1644: test262/test/built-ins/Array/prototype/filter/15.4.4.20-2-18.js
1645: test262/test/built-ins/Array/prototype/filter/15.4.4.20-2-19.js
1646: test262/test/built-ins/Array/prototype/filter/15.4.4.20-3-1.js
Throw: Test262Error: newArr.length Expected SameValue(«0», «0») to be true
  FAILED
1647: test262/test/built-ins/Array/prototype/filter/15.4.4.20-3-2.js
1648: test262/test/built-ins/Array/prototype/filter/15.4.4.20-3-3.js
Throw: Test262Error: newArr.length Expected SameValue(«0», «0») to be true
  FAILED
1649: test262/test/built-ins/Array/prototype/filter/15.4.4.20-3-4.js
Throw: Test262Error: newArr.length Expected SameValue(«0», «0») to be true
  FAILED
1650: test262/test/built-ins/Array/prototype/filter/15.4.4.20-3-5.js
Throw: Test262Error: newArr.length Expected SameValue(«0», «0») to be true
  FAILED
1651: test262/test/built-ins/Array/prototype/filter/15.4.4.20-3-6.js
1652: test262/test/built-ins/Array/prototype/filter/15.4.4.20-3-7.js
Throw: Test262Error: newArr.length Expected SameValue(«0», «0») to be true
  FAILED
1653: test262/test/built-ins/Array/prototype/filter/15.4.4.20-3-9.js
Throw: Test262Error: newArr.length Expected SameValue(«0», «0») to be true
  FAILED
1654: test262/test/built-ins/Array/prototype/filter/15.4.4.20-3-10.js
Throw: Test262Error: newArr.length Expected SameValue(«0», «0») to be true
  FAILED
1655: test262/test/built-ins/Array/prototype/filter/15.4.4.20-3-11.js
1656: test262/test/built-ins/Array/prototype/filter/15.4.4.20-3-12.js
Throw: Test262Error: newArr.length Expected SameValue(«0», «0») to be true
  FAILED
1657: test262/test/built-ins/Array/prototype/filter/15.4.4.20-3-13.js
1658: test262/test/built-ins/Array/prototype/filter/15.4.4.20-3-14.js
Throw: Test262Error: newArr2.length Expected SameValue(«0», «0») to be true
  FAILED
1659: test262/test/built-ins/Array/prototype/filter/15.4.4.20-3-15.js
1660: test262/test/built-ins/Array/prototype/filter/15.4.4.20-3-16.js
1661: test262/test/built-ins/Array/prototype/filter/15.4.4.20-3-17.js
1662: test262/test/built-ins/Array/prototype/filter/15.4.4.20-3-18.js
Throw: Test262Error: newArr.length Expected SameValue(«0», «0») to be true
  FAILED
1663: test262/test/built-ins/Array/prototype/filter/15.4.4.20-3-19.js
1664: test262/test/built-ins/Array/prototype/filter/15.4.4.20-3-20.js
1665: test262/test/built-ins/Array/prototype/filter/15.4.4.20-3-21.js
1666: test262/test/built-ins/Array/prototype/filter/15.4.4.20-3-22.js
1667: test262/test/built-ins/Array/prototype/filter/15.4.4.20-3-23.js
1668: test262/test/built-ins/Array/prototype/filter/15.4.4.20-3-24.js
1669: test262/test/built-ins/Array/prototype/filter/15.4.4.20-3-25.js
Throw: Test262Error: newArr.length Expected SameValue(«0», «0») to be true
  FAILED
1670: test262/test/built-ins/Array/prototype/filter/15.4.4.20-4-1.js
1671: test262/test/built-ins/Array/prototype/filter/15.4.4.20-4-2.js
1672: test262/test/built-ins/Array/prototype/filter/15.4.4.20-4-3.js
1673: test262/test/built-ins/Array/prototype/filter/15.4.4.20-4-4.js
1674: test262/test/built-ins/Array/prototype/filter/15.4.4.20-4-5.js
1675: test262/test/built-ins/Array/prototype/filter/15.4.4.20-4-6.js
1676: test262/test/built-ins/Array/prototype/filter/15.4.4.20-4-7.js
1677: test262/test/built-ins/Array/prototype/filter/15.4.4.20-4-8.js
1678: test262/test/built-ins/Array/prototype/filter/15.4.4.20-4-9.js
1679: test262/test/built-ins/Array/prototype/filter/15.4.4.20-4-10.js
1680: test262/test/built-ins/Array/prototype/filter/15.4.4.20-4-11.js
1681: test262/test/built-ins/Array/prototype/filter/15.4.4.20-4-12.js
1682: test262/test/built-ins/Array/prototype/filter/15.4.4.20-4-15.js
1683: test262/test/built-ins/Array/prototype/filter/15.4.4.20-5-1-s.js  @noStrict
1684: test262/test/built-ins/Array/prototype/filter/15.4.4.20-5-1.js  @noStrict
Throw: Test262Error: resArr.length Expected SameValue(«0», «0») to be true
  FAILED
1685: test262/test/built-ins/Array/prototype/filter/15.4.4.20-5-2.js
1686: test262/test/built-ins/Array/prototype/filter/15.4.4.20-5-3.js
1687: test262/test/built-ins/Array/prototype/filter/15.4.4.20-5-4.js
1688: test262/test/built-ins/Array/prototype/filter/15.4.4.20-5-5.js
1689: test262/test/built-ins/Array/prototype/filter/15.4.4.20-5-6.js
1690: test262/test/built-ins/Array/prototype/filter/15.4.4.20-5-7.js
1691: test262/test/built-ins/Array/prototype/filter/15.4.4.20-5-9.js
1692: test262/test/built-ins/Array/prototype/filter/15.4.4.20-5-10.js
1693: test262/test/built-ins/Array/prototype/filter/15.4.4.20-5-11.js
1694: test262/test/built-ins/Array/prototype/filter/15.4.4.20-5-12.js
1695: test262/test/built-ins/Array/prototype/filter/15.4.4.20-5-13.js
1696: test262/test/built-ins/Array/prototype/filter/15.4.4.20-5-14.js
1697: test262/test/built-ins/Array/prototype/filter/15.4.4.20-5-15.js
1698: test262/test/built-ins/Array/prototype/filter/15.4.4.20-5-16.js
1699: test262/test/built-ins/Array/prototype/filter/15.4.4.20-5-17.js
1700: test262/test/built-ins/Array/prototype/filter/15.4.4.20-5-18.js
1701: test262/test/built-ins/Array/prototype/filter/15.4.4.20-5-19.js
1702: test262/test/built-ins/Array/prototype/filter/15.4.4.20-5-21.js
1703: test262/test/built-ins/Array/prototype/filter/15.4.4.20-5-22.js
1704: test262/test/built-ins/Array/prototype/filter/15.4.4.20-5-23.js
1705: test262/test/built-ins/Array/prototype/filter/15.4.4.20-5-24.js
1706: test262/test/built-ins/Array/prototype/filter/15.4.4.20-5-27.js
1707: test262/test/built-ins/Array/prototype/filter/15.4.4.20-5-28.js
1708: test262/test/built-ins/Array/prototype/filter/15.4.4.20-5-29.js
Throw: Test262Error: newArr.length Expected SameValue(«0», «0») to be true
  FAILED
1709: test262/test/built-ins/Array/prototype/filter/15.4.4.20-5-30.js  @noStrict
1710: test262/test/built-ins/Array/prototype/filter/15.4.4.20-6-1.js
Throw: Test262Error: a.length Expected SameValue(«0», «0») to be true
  FAILED
1711: test262/test/built-ins/Array/prototype/filter/15.4.4.20-6-2.js
Throw: Test262Error: a.length Expected SameValue(«0», «0») to be true
  FAILED
1712: test262/test/built-ins/Array/prototype/filter/15.4.4.20-6-3.js
Throw: Test262Error: a.length Expected SameValue(«0», «0») to be true
  FAILED
1713: test262/test/built-ins/Array/prototype/filter/15.4.4.20-6-4.js
Throw: Test262Error: a.length Expected SameValue(«0», «0») to be true
  FAILED
1714: test262/test/built-ins/Array/prototype/filter/15.4.4.20-6-5.js
Throw: Test262Error: a.length Expected SameValue(«0», «0») to be true
  FAILED
1715: test262/test/built-ins/Array/prototype/filter/15.4.4.20-6-6.js
Throw: Test262Error: a.length Expected SameValue(«0», «0») to be true
  FAILED
1716: test262/test/built-ins/Array/prototype/filter/15.4.4.20-6-7.js
Throw: Test262Error: a.length Expected SameValue(«0», «0») to be true
  FAILED
1717: test262/test/built-ins/Array/prototype/filter/15.4.4.20-6-8.js
Throw: Test262Error: a.length Expected SameValue(«0», «0») to be true
  FAILED
1718: test262/test/built-ins/Array/prototype/filter/15.4.4.20-9-1.js
1719: test262/test/built-ins/Array/prototype/filter/15.4.4.20-9-2.js
1720: test262/test/built-ins/Array/prototype/filter/15.4.4.20-9-3.js
1721: test262/test/built-ins/Array/prototype/filter/15.4.4.20-9-4.js
1722: test262/test/built-ins/Array/prototype/filter/15.4.4.20-9-5.js
1723: test262/test/built-ins/Array/prototype/filter/15.4.4.20-9-6.js
1724: test262/test/built-ins/Array/prototype/filter/15.4.4.20-9-7.js
1725: test262/test/built-ins/Array/prototype/filter/15.4.4.20-9-8.js
Throw: Test262Error: obj.length Expected SameValue(«0», «0») to be true
  FAILED
1726: test262/test/built-ins/Array/prototype/filter/15.4.4.20-9-9.js
1727: test262/test/built-ins/Array/prototype/filter/15.4.4.20-9-b-1.js
Throw: Test262Error: resArr.length Expected SameValue(«0», «0») to be true
  FAILED
1728: test262/test/built-ins/Array/prototype/filter/15.4.4.20-9-b-2.js
1729: test262/test/built-ins/Array/prototype/filter/15.4.4.20-9-b-3.js
1730: test262/test/built-ins/Array/prototype/filter/15.4.4.20-9-b-4.js
1731: test262/test/built-ins/Array/prototype/filter/15.4.4.20-9-b-5.js
1732: test262/test/built-ins/Array/prototype/filter/15.4.4.20-9-b-6.js
1733: test262/test/built-ins/Array/prototype/filter/15.4.4.20-9-b-7.js
1734: test262/test/built-ins/Array/prototype/filter/15.4.4.20-9-b-8.js
Throw: Test262Error: newArr[0] Expected SameValue(«0», «0») to be true
  FAILED
1735: test262/test/built-ins/Array/prototype/filter/15.4.4.20-9-b-9.js
Throw: Test262Error: newArr[0] Expected SameValue(«0», «0») to be true
  FAILED
1736: test262/test/built-ins/Array/prototype/filter/15.4.4.20-9-b-10.js
1737: test262/test/built-ins/Array/prototype/filter/15.4.4.20-9-b-11.js
1738: test262/test/built-ins/Array/prototype/filter/15.4.4.20-9-b-12.js
1739: test262/test/built-ins/Array/prototype/filter/15.4.4.20-9-b-13.js
1740: test262/test/built-ins/Array/prototype/filter/15.4.4.20-9-b-14.js
1741: test262/test/built-ins/Array/prototype/filter/15.4.4.20-9-b-15.js
1742: test262/test/built-ins/Array/prototype/filter/15.4.4.20-9-b-16.js  @noStrict
1743: test262/test/built-ins/Array/prototype/filter/15.4.4.20-9-c-i-1.js
1744: test262/test/built-ins/Array/prototype/filter/15.4.4.20-9-c-i-2.js
1745: test262/test/built-ins/Array/prototype/filter/15.4.4.20-9-c-i-3.js
1746: test262/test/built-ins/Array/prototype/filter/15.4.4.20-9-c-i-4.js
1747: test262/test/built-ins/Array/prototype/filter/15.4.4.20-9-c-i-5.js
1748: test262/test/built-ins/Array/prototype/filter/15.4.4.20-9-c-i-6.js
1749: test262/test/built-ins/Array/prototype/filter/15.4.4.20-9-c-i-7.js
1750: test262/test/built-ins/Array/prototype/filter/15.4.4.20-9-c-i-8.js
1751: test262/test/built-ins/Array/prototype/filter/15.4.4.20-9-c-i-9.js
1752: test262/test/built-ins/Array/prototype/filter/15.4.4.20-9-c-i-10.js
1753: test262/test/built-ins/Array/prototype/filter/15.4.4.20-9-c-i-11.js
1754: test262/test/built-ins/Array/prototype/filter/15.4.4.20-9-c-i-12.js
1755: test262/test/built-ins/Array/prototype/filter/15.4.4.20-9-c-i-13.js
1756: test262/test/built-ins/Array/prototype/filter/15.4.4.20-9-c-i-14.js
1757: test262/test/built-ins/Array/prototype/filter/15.4.4.20-9-c-i-15.js
1758: test262/test/built-ins/Array/prototype/filter/15.4.4.20-9-c-i-16.js
1759: test262/test/built-ins/Array/prototype/filter/15.4.4.20-9-c-i-17.js
1760: test262/test/built-ins/Array/prototype/filter/15.4.4.20-9-c-i-18.js
1761: test262/test/built-ins/Array/prototype/filter/15.4.4.20-9-c-i-19.js
1762: test262/test/built-ins/Array/prototype/filter/15.4.4.20-9-c-i-20.js
1763: test262/test/built-ins/Array/prototype/filter/15.4.4.20-9-c-i-21.js
1764: test262/test/built-ins/Array/prototype/filter/15.4.4.20-9-c-i-22.js
1765: test262/test/built-ins/Array/prototype/filter/15.4.4.20-9-c-i-25.js
1766: test262/test/built-ins/Array/prototype/filter/15.4.4.20-9-c-i-26.js
1767: test262/test/built-ins/Array/prototype/filter/15.4.4.20-9-c-i-27.js
1768: test262/test/built-ins/Array/prototype/filter/15.4.4.20-9-c-i-28.js
1769: test262/test/built-ins/Array/prototype/filter/15.4.4.20-9-c-i-29.js
1770: test262/test/built-ins/Array/prototype/filter/15.4.4.20-9-c-i-30.js
1771: test262/test/built-ins/Array/prototype/filter/15.4.4.20-9-c-i-31.js
1772: test262/test/built-ins/Array/prototype/filter/15.4.4.20-9-c-ii-1.js
 time: 164 ms
1773: test262/test/built-ins/Array/prototype/filter/15.4.4.20-9-c-ii-2.js
1774: test262/test/built-ins/Array/prototype/filter/15.4.4.20-9-c-ii-4.js
1775: test262/test/built-ins/Array/prototype/filter/15.4.4.20-9-c-ii-5.js
Throw: Test262Error: newArr.length Expected SameValue(«0», «0») to be true
  FAILED
1776: test262/test/built-ins/Array/prototype/filter/15.4.4.20-9-c-ii-6.js
1777: test262/test/built-ins/Array/prototype/filter/15.4.4.20-9-c-ii-7.js
1778: test262/test/built-ins/Array/prototype/filter/15.4.4.20-9-c-ii-8.js
1779: test262/test/built-ins/Array/prototype/filter/15.4.4.20-9-c-ii-9.js
1780: test262/test/built-ins/Array/prototype/filter/15.4.4.20-9-c-ii-10.js
1781: test262/test/built-ins/Array/prototype/filter/15.4.4.20-9-c-ii-11.js
1782: test262/test/built-ins/Array/prototype/filter/15.4.4.20-9-c-ii-12.js
1783: test262/test/built-ins/Array/prototype/filter/15.4.4.20-9-c-ii-13.js
1784: test262/test/built-ins/Array/prototype/filter/15.4.4.20-9-c-ii-16.js
1785: test262/test/built-ins/Array/prototype/filter/15.4.4.20-9-c-ii-17.js
1786: test262/test/built-ins/Array/prototype/filter/15.4.4.20-9-c-ii-18.js
1787: test262/test/built-ins/Array/prototype/filter/15.4.4.20-9-c-ii-19.js
Throw: Test262Error: newArr.length Expected SameValue(«0», «0») to be true
  FAILED
1788: test262/test/built-ins/Array/prototype/filter/15.4.4.20-9-c-ii-20.js
1789: test262/test/built-ins/Array/prototype/filter/15.4.4.20-9-c-ii-21.js
1790: test262/test/built-ins/Array/prototype/filter/15.4.4.20-9-c-ii-22.js
1791: test262/test/built-ins/Array/prototype/filter/15.4.4.20-9-c-ii-23.js
1792: test262/test/built-ins/Array/prototype/filter/15.4.4.20-9-c-iii-1-1.js
1793: test262/test/built-ins/Array/prototype/filter/15.4.4.20-9-c-iii-1-2.js
1794: test262/test/built-ins/Array/prototype/filter/15.4.4.20-9-c-iii-1-3.js
1795: test262/test/built-ins/Array/prototype/filter/15.4.4.20-9-c-iii-1-4.js
1796: test262/test/built-ins/Array/prototype/filter/15.4.4.20-9-c-iii-1-5.js
1797: test262/test/built-ins/Array/prototype/filter/15.4.4.20-9-c-iii-1-6.js
1798: test262/test/built-ins/Array/prototype/filter/15.4.4.20-9-c-iii-1.js
1799: test262/test/built-ins/Array/prototype/filter/15.4.4.20-9-c-iii-2.js
Throw: Test262Error: newArr.length Expected SameValue(«0», «0») to be true
  FAILED
1800: test262/test/built-ins/Array/prototype/filter/15.4.4.20-9-c-iii-3.js
Throw: Test262Error: newArr.length Expected SameValue(«0», «0») to be true
  FAILED
1801: test262/test/built-ins/Array/prototype/filter/15.4.4.20-9-c-iii-4.js
Throw: Test262Error: newArr.length Expected SameValue(«0», «0») to be true
  FAILED
1802: test262/test/built-ins/Array/prototype/filter/15.4.4.20-9-c-iii-5.js
1803: test262/test/built-ins/Array/prototype/filter/15.4.4.20-9-c-iii-6.js
Throw: Test262Error: newArr.length Expected SameValue(«0», «0») to be true
  FAILED
1804: test262/test/built-ins/Array/prototype/filter/15.4.4.20-9-c-iii-7.js
Throw: Test262Error: newArr.length Expected SameValue(«0», «0») to be true
  FAILED
1805: test262/test/built-ins/Array/prototype/filter/15.4.4.20-9-c-iii-8.js
Throw: Test262Error: newArr.length Expected SameValue(«0», «0») to be true
  FAILED
1806: test262/test/built-ins/Array/prototype/filter/15.4.4.20-9-c-iii-9.js
1807: test262/test/built-ins/Array/prototype/filter/15.4.4.20-9-c-iii-10.js
1808: test262/test/built-ins/Array/prototype/filter/15.4.4.20-9-c-iii-11.js
Throw: Test262Error: newArr.length Expected SameValue(«0», «1») to be true
  FAILED
1809: test262/test/built-ins/Array/prototype/filter/15.4.4.20-9-c-iii-12.js
Throw: Test262Error: newArr.length Expected SameValue(«0», «1») to be true
  FAILED
1810: test262/test/built-ins/Array/prototype/filter/15.4.4.20-9-c-iii-13.js
Throw: Test262Error: newArr.length Expected SameValue(«0», «0») to be true
  FAILED
1811: test262/test/built-ins/Array/prototype/filter/15.4.4.20-9-c-iii-14.js
Throw: Test262Error: newArr.length Expected SameValue(«0», «0») to be true
  FAILED
1812: test262/test/built-ins/Array/prototype/filter/15.4.4.20-9-c-iii-15.js
1813: test262/test/built-ins/Array/prototype/filter/15.4.4.20-9-c-iii-16.js
1814: test262/test/built-ins/Array/prototype/filter/15.4.4.20-9-c-iii-17.js
1815: test262/test/built-ins/Array/prototype/filter/15.4.4.20-9-c-iii-18.js
1816: test262/test/built-ins/Array/prototype/filter/15.4.4.20-9-c-iii-19.js
1817: test262/test/built-ins/Array/prototype/filter/15.4.4.20-9-c-iii-20.js
1818: test262/test/built-ins/Array/prototype/filter/15.4.4.20-9-c-iii-21.js
1819: test262/test/built-ins/Array/prototype/filter/15.4.4.20-9-c-iii-22.js
1820: test262/test/built-ins/Array/prototype/filter/15.4.4.20-9-c-iii-23.js
1821: test262/test/built-ins/Array/prototype/filter/15.4.4.20-9-c-iii-24.js
1822: test262/test/built-ins/Array/prototype/filter/15.4.4.20-9-c-iii-25.js
1823: test262/test/built-ins/Array/prototype/filter/15.4.4.20-9-c-iii-26.js
1824: test262/test/built-ins/Array/prototype/filter/15.4.4.20-9-c-iii-28.js
1825: test262/test/built-ins/Array/prototype/filter/15.4.4.20-9-c-iii-29.js
1826: test262/test/built-ins/Array/prototype/filter/15.4.4.20-9-c-iii-30.js
1827: test262/test/built-ins/Array/prototype/filter/15.4.4.20-10-1.js
1828: test262/test/built-ins/Array/prototype/filter/15.4.4.20-10-2.js
1829: test262/test/built-ins/Array/prototype/filter/15.4.4.20-10-3.js
1830: test262/test/built-ins/Array/prototype/filter/15.4.4.20-10-4.js
1831: test262/test/built-ins/Array/prototype/filter/call-with-boolean.js
1832: test262/test/built-ins/Array/prototype/filter/create-ctor-non-object.js
Throw: Test262Error: callback not invoked (null value) Expected SameValue(«0», «0») to be true
  FAILED
1833: test262/test/built-ins/Array/prototype/filter/create-ctor-poisoned.js
Throw: Test262Error: Expected SameValue(«0», «0») to be true
  FAILED
1834: test262/test/built-ins/Array/prototype/filter/create-non-array.js
Throw: Test262Error: `constructor` property not accessed Expected SameValue(«0», «0») to be true
  FAILED
1835: test262/test/built-ins/Array/prototype/filter/create-proto-from-ctor-realm-array.js
Throw: Test262Error: Species constructor is not referenced Expected SameValue(«0», «0») to be true
  FAILED
1836: test262/test/built-ins/Array/prototype/filter/create-proto-from-ctor-realm-non-array.js
Throw: Test262Error: Array species constructor is not referenced Expected SameValue(«0», «0») to be true
  FAILED
1837: test262/test/built-ins/Array/prototype/filter/create-proxy.js
1838: test262/test/built-ins/Array/prototype/filter/create-revoked-proxy.js
Throw: Test262Error: `constructor` property not accessed Expected SameValue(«0», «0») to be true
  FAILED
1839: test262/test/built-ins/Array/prototype/filter/create-species-abrupt.js
Throw: Test262Error: Expected SameValue(«0», «0») to be true
  FAILED
1840: test262/test/built-ins/Array/prototype/filter/create-species-non-ctor.js
Throw: Test262Error: Expected SameValue(«0», «0») to be true
  FAILED
1841: test262/test/built-ins/Array/prototype/filter/create-species-null.js
1842: test262/test/built-ins/Array/prototype/filter/create-species-poisoned.js
Throw: Test262Error: Expected SameValue(«0», «0») to be true
  FAILED
1843: test262/test/built-ins/Array/prototype/filter/create-species-undef.js
1844: test262/test/built-ins/Array/prototype/filter/create-species.js
Throw: Test262Error: Expected SameValue(«0», «0») to be true
  FAILED
1845: test262/test/built-ins/Array/prototype/filter/length.js
1846: test262/test/built-ins/Array/prototype/filter/name.js
1847: test262/test/built-ins/Array/prototype/filter/not-a-constructor.js
1848: test262/test/built-ins/Array/prototype/filter/prop-desc.js
1849: test262/test/built-ins/Array/prototype/filter/target-array-non-extensible.js
1850: test262/test/built-ins/Array/prototype/filter/target-array-with-non-configurable-property.js
1851: test262/test/built-ins/Array/prototype/filter/target-array-with-non-writable-property.js
1852: test262/test/built-ins/Array/prototype/find/array-altered-during-loop.js
1853: test262/test/built-ins/Array/prototype/find/call-with-boolean.js
1854: test262/test/built-ins/Array/prototype/find/length.js
1855: test262/test/built-ins/Array/prototype/find/name.js
1856: test262/test/built-ins/Array/prototype/find/not-a-constructor.js
1857: test262/test/built-ins/Array/prototype/find/predicate-call-parameters.js
Throw: Test262Error: Expected SameValue(«0», «0») to be true
  FAILED
1858: test262/test/built-ins/Array/prototype/find/predicate-call-this-non-strict.js  @noStrict
1859: test262/test/built-ins/Array/prototype/find/predicate-call-this-strict.js  @onlyStrict
1860: test262/test/built-ins/Array/prototype/find/predicate-called-for-each-array-property.js
1861: test262/test/built-ins/Array/prototype/find/predicate-is-not-callable-throws.js
1862: test262/test/built-ins/Array/prototype/find/predicate-not-called-on-empty-array.js
1863: test262/test/built-ins/Array/prototype/find/prop-desc.js
1864: test262/test/built-ins/Array/prototype/find/return-abrupt-from-predicate-call.js
1865: test262/test/built-ins/Array/prototype/find/return-abrupt-from-property.js
1866: test262/test/built-ins/Array/prototype/find/return-abrupt-from-this-length-as-symbol.js
1867: test262/test/built-ins/Array/prototype/find/return-abrupt-from-this-length.js
1868: test262/test/built-ins/Array/prototype/find/return-abrupt-from-this.js
1869: test262/test/built-ins/Array/prototype/find/return-found-value-predicate-result-is-true.js
1870: test262/test/built-ins/Array/prototype/find/return-undefined-if-predicate-returns-false-value.js
1871: test262/test/built-ins/Array/prototype/findIndex/array-altered-during-loop.js
1872: test262/test/built-ins/Array/prototype/findIndex/call-with-boolean.js
1873: test262/test/built-ins/Array/prototype/findIndex/length.js
1874: test262/test/built-ins/Array/prototype/findIndex/name.js
1875: test262/test/built-ins/Array/prototype/findIndex/not-a-constructor.js
1876: test262/test/built-ins/Array/prototype/findIndex/predicate-call-parameters.js
Throw: Test262Error: Expected SameValue(«0», «0») to be true
  FAILED
1877: test262/test/built-ins/Array/prototype/findIndex/predicate-call-this-non-strict.js  @noStrict
1878: test262/test/built-ins/Array/prototype/findIndex/predicate-call-this-strict.js  @onlyStrict
1879: test262/test/built-ins/Array/prototype/findIndex/predicate-called-for-each-array-property.js
1880: test262/test/built-ins/Array/prototype/findIndex/predicate-is-not-callable-throws.js
1881: test262/test/built-ins/Array/prototype/findIndex/predicate-not-called-on-empty-array.js
1882: test262/test/built-ins/Array/prototype/findIndex/prop-desc.js
1883: test262/test/built-ins/Array/prototype/findIndex/return-abrupt-from-predicate-call.js
1884: test262/test/built-ins/Array/prototype/findIndex/return-abrupt-from-property.js
1885: test262/test/built-ins/Array/prototype/findIndex/return-abrupt-from-this-length-as-symbol.js
1886: test262/test/built-ins/Array/prototype/findIndex/return-abrupt-from-this-length.js
1887: test262/test/built-ins/Array/prototype/findIndex/return-abrupt-from-this.js
1888: test262/test/built-ins/Array/prototype/findIndex/return-index-predicate-result-is-true.js
Throw: Test262Error: Expected SameValue(«0», «0») to be true
  FAILED
1889: test262/test/built-ins/Array/prototype/findIndex/return-negative-one-if-predicate-returns-false-value.js
1890: test262/test/built-ins/Array/prototype/flat/array-like-objects.js
1891: test262/test/built-ins/Array/prototype/flat/bound-function-call.js
Throw: Test262Error: Expected [0, 1] and [0, 1] to have the same contents. bound flat
  FAILED
1892: test262/test/built-ins/Array/prototype/flat/call-with-boolean.js
1893: test262/test/built-ins/Array/prototype/flat/empty-array-elements.js
1894: test262/test/built-ins/Array/prototype/flat/empty-object-elements.js
1895: test262/test/built-ins/Array/prototype/flat/length.js
Throw: Test262Error: The value of `Array.prototype.flat.length` is `0` Expected SameValue(«0», «0») to be true
  FAILED
1896: test262/test/built-ins/Array/prototype/flat/name.js
1897: test262/test/built-ins/Array/prototype/flat/non-numeric-depth-should-not-throw.js
1898: test262/test/built-ins/Array/prototype/flat/non-object-ctor-throws.js
1899: test262/test/built-ins/Array/prototype/flat/not-a-constructor.js
1900: test262/test/built-ins/Array/prototype/flat/null-undefined-elements.js
1901: test262/test/built-ins/Array/prototype/flat/null-undefined-input-throws.js
1902: test262/test/built-ins/Array/prototype/flat/positive-infinity.js
Throw: Test262Error: positive infinity depthNum
  FAILED
1903: test262/test/built-ins/Array/prototype/flat/prop-desc.js
1904: test262/test/built-ins/Array/prototype/flat/proxy-access-count.js
1905: test262/test/built-ins/Array/prototype/flat/symbol-object-create-null-depth-throws.js
1906: test262/test/built-ins/Array/prototype/flat/target-array-non-extensible.js
1907: test262/test/built-ins/Array/prototype/flat/target-array-with-non-configurable-property.js
1908: test262/test/built-ins/Array/prototype/flat/target-array-with-non-writable-property.js
1909: test262/test/built-ins/Array/prototype/flatMap/array-like-objects-nested.js
1910: test262/test/built-ins/Array/prototype/flatMap/array-like-objects-poisoned-length.js
1911: test262/test/built-ins/Array/prototype/flatMap/array-like-objects-typedarrays.js
Throw: Test262Error: Expected [1, 0, 42] and [1, 0, 42] to have the same contents. compare returned array
  FAILED
1912: test262/test/built-ins/Array/prototype/flatMap/array-like-objects.js
1913: test262/test/built-ins/Array/prototype/flatMap/bound-function-argument.js
1914: test262/test/built-ins/Array/prototype/flatMap/call-with-boolean.js
1915: test262/test/built-ins/Array/prototype/flatMap/depth-always-one.js
1916: test262/test/built-ins/Array/prototype/flatMap/length.js
1917: test262/test/built-ins/Array/prototype/flatMap/name.js
1918: test262/test/built-ins/Array/prototype/flatMap/non-callable-argument-throws.js
1919: test262/test/built-ins/Array/prototype/flatMap/not-a-constructor.js
1920: test262/test/built-ins/Array/prototype/flatMap/prop-desc.js
1921: test262/test/built-ins/Array/prototype/flatMap/proxy-access-count.js
1922: test262/test/built-ins/Array/prototype/flatMap/target-array-non-extensible.js
1923: test262/test/built-ins/Array/prototype/flatMap/target-array-with-non-configurable-property.js
1924: test262/test/built-ins/Array/prototype/flatMap/target-array-with-non-writable-property.js
1925: test262/test/built-ins/Array/prototype/flatMap/this-value-ctor-non-object.js
1926: test262/test/built-ins/Array/prototype/flatMap/this-value-ctor-object-species-bad-throws.js
1927: test262/test/built-ins/Array/prototype/flatMap/this-value-ctor-object-species-custom-ctor-poisoned-throws.js
Throw: Test262Error: called custom ctor once Expected SameValue(«0», «1») to be true
  FAILED
1928: test262/test/built-ins/Array/prototype/flatMap/this-value-ctor-object-species-custom-ctor.js
Throw: Test262Error: first argument is always 0 Expected SameValue(«0», «0») to be true
  FAILED
1929: test262/test/built-ins/Array/prototype/flatMap/this-value-ctor-object-species.js
1930: test262/test/built-ins/Array/prototype/flatMap/this-value-null-undefined-throws.js
1931: test262/test/built-ins/Array/prototype/flatMap/thisArg-argument.js  @onlyStrict
1932: test262/test/built-ins/Array/prototype/forEach/15.4.4.18-1-1.js
1933: test262/test/built-ins/Array/prototype/forEach/15.4.4.18-1-2.js
1934: test262/test/built-ins/Array/prototype/forEach/15.4.4.18-1-3.js
1935: test262/test/built-ins/Array/prototype/forEach/15.4.4.18-1-4.js
1936: test262/test/built-ins/Array/prototype/forEach/15.4.4.18-1-5.js
1937: test262/test/built-ins/Array/prototype/forEach/15.4.4.18-1-6.js
1938: test262/test/built-ins/Array/prototype/forEach/15.4.4.18-1-7.js
1939: test262/test/built-ins/Array/prototype/forEach/15.4.4.18-1-8.js
1940: test262/test/built-ins/Array/prototype/forEach/15.4.4.18-1-9.js
1941: test262/test/built-ins/Array/prototype/forEach/15.4.4.18-1-10.js
1942: test262/test/built-ins/Array/prototype/forEach/15.4.4.18-1-11.js
1943: test262/test/built-ins/Array/prototype/forEach/15.4.4.18-1-12.js
1944: test262/test/built-ins/Array/prototype/forEach/15.4.4.18-1-13.js
1945: test262/test/built-ins/Array/prototype/forEach/15.4.4.18-1-14.js
1946: test262/test/built-ins/Array/prototype/forEach/15.4.4.18-1-15.js
1947: test262/test/built-ins/Array/prototype/forEach/15.4.4.18-2-1.js
1948: test262/test/built-ins/Array/prototype/forEach/15.4.4.18-2-2.js
1949: test262/test/built-ins/Array/prototype/forEach/15.4.4.18-2-3.js
1950: test262/test/built-ins/Array/prototype/forEach/15.4.4.18-2-4.js
1951: test262/test/built-ins/Array/prototype/forEach/15.4.4.18-2-5.js
1952: test262/test/built-ins/Array/prototype/forEach/15.4.4.18-2-6.js
1953: test262/test/built-ins/Array/prototype/forEach/15.4.4.18-2-7.js
1954: test262/test/built-ins/Array/prototype/forEach/15.4.4.18-2-8.js
1955: test262/test/built-ins/Array/prototype/forEach/15.4.4.18-2-9.js
1956: test262/test/built-ins/Array/prototype/forEach/15.4.4.18-2-10.js
1957: test262/test/built-ins/Array/prototype/forEach/15.4.4.18-2-11.js
1958: test262/test/built-ins/Array/prototype/forEach/15.4.4.18-2-12.js
1959: test262/test/built-ins/Array/prototype/forEach/15.4.4.18-2-13.js
1960: test262/test/built-ins/Array/prototype/forEach/15.4.4.18-2-14.js
1961: test262/test/built-ins/Array/prototype/forEach/15.4.4.18-2-17.js
1962: test262/test/built-ins/Array/prototype/forEach/15.4.4.18-2-18.js
1963: test262/test/built-ins/Array/prototype/forEach/15.4.4.18-2-19.js
1964: test262/test/built-ins/Array/prototype/forEach/15.4.4.18-3-1.js
1965: test262/test/built-ins/Array/prototype/forEach/15.4.4.18-3-2.js
1966: test262/test/built-ins/Array/prototype/forEach/15.4.4.18-3-3.js
1967: test262/test/built-ins/Array/prototype/forEach/15.4.4.18-3-4.js
1968: test262/test/built-ins/Array/prototype/forEach/15.4.4.18-3-5.js
1969: test262/test/built-ins/Array/prototype/forEach/15.4.4.18-3-6.js
1970: test262/test/built-ins/Array/prototype/forEach/15.4.4.18-3-7.js
1971: test262/test/built-ins/Array/prototype/forEach/15.4.4.18-3-9.js
1972: test262/test/built-ins/Array/prototype/forEach/15.4.4.18-3-10.js
1973: test262/test/built-ins/Array/prototype/forEach/15.4.4.18-3-11.js
1974: test262/test/built-ins/Array/prototype/forEach/15.4.4.18-3-12.js
1975: test262/test/built-ins/Array/prototype/forEach/15.4.4.18-3-13.js
1976: test262/test/built-ins/Array/prototype/forEach/15.4.4.18-3-14.js
1977: test262/test/built-ins/Array/prototype/forEach/15.4.4.18-3-15.js
1978: test262/test/built-ins/Array/prototype/forEach/15.4.4.18-3-16.js
1979: test262/test/built-ins/Array/prototype/forEach/15.4.4.18-3-17.js
1980: test262/test/built-ins/Array/prototype/forEach/15.4.4.18-3-18.js
1981: test262/test/built-ins/Array/prototype/forEach/15.4.4.18-3-19.js
1982: test262/test/built-ins/Array/prototype/forEach/15.4.4.18-3-20.js
1983: test262/test/built-ins/Array/prototype/forEach/15.4.4.18-3-21.js
1984: test262/test/built-ins/Array/prototype/forEach/15.4.4.18-3-22.js
1985: test262/test/built-ins/Array/prototype/forEach/15.4.4.18-3-23.js
1986: test262/test/built-ins/Array/prototype/forEach/15.4.4.18-3-24.js
1987: test262/test/built-ins/Array/prototype/forEach/15.4.4.18-3-25.js
1988: test262/test/built-ins/Array/prototype/forEach/15.4.4.18-4-1.js
1989: test262/test/built-ins/Array/prototype/forEach/15.4.4.18-4-2.js
1990: test262/test/built-ins/Array/prototype/forEach/15.4.4.18-4-3.js
1991: test262/test/built-ins/Array/prototype/forEach/15.4.4.18-4-4.js
1992: test262/test/built-ins/Array/prototype/forEach/15.4.4.18-4-5.js
1993: test262/test/built-ins/Array/prototype/forEach/15.4.4.18-4-6.js
1994: test262/test/built-ins/Array/prototype/forEach/15.4.4.18-4-7.js
1995: test262/test/built-ins/Array/prototype/forEach/15.4.4.18-4-8.js
1996: test262/test/built-ins/Array/prototype/forEach/15.4.4.18-4-9.js
1997: test262/test/built-ins/Array/prototype/forEach/15.4.4.18-4-10.js
1998: test262/test/built-ins/Array/prototype/forEach/15.4.4.18-4-11.js
1999: test262/test/built-ins/Array/prototype/forEach/15.4.4.18-4-12.js
2000: test262/test/built-ins/Array/prototype/forEach/15.4.4.18-4-15.js
2001: test262/test/built-ins/Array/prototype/forEach/15.4.4.18-5-1-s.js  @noStrict
2002: test262/test/built-ins/Array/prototype/forEach/15.4.4.18-5-1.js  @noStrict
2003: test262/test/built-ins/Array/prototype/forEach/15.4.4.18-5-2.js
2004: test262/test/built-ins/Array/prototype/forEach/15.4.4.18-5-3.js
2005: test262/test/built-ins/Array/prototype/forEach/15.4.4.18-5-4.js
2006: test262/test/built-ins/Array/prototype/forEach/15.4.4.18-5-5.js
2007: test262/test/built-ins/Array/prototype/forEach/15.4.4.18-5-6.js
2008: test262/test/built-ins/Array/prototype/forEach/15.4.4.18-5-7.js
2009: test262/test/built-ins/Array/prototype/forEach/15.4.4.18-5-9.js
2010: test262/test/built-ins/Array/prototype/forEach/15.4.4.18-5-10.js
2011: test262/test/built-ins/Array/prototype/forEach/15.4.4.18-5-11.js
2012: test262/test/built-ins/Array/prototype/forEach/15.4.4.18-5-12.js
2013: test262/test/built-ins/Array/prototype/forEach/15.4.4.18-5-13.js
2014: test262/test/built-ins/Array/prototype/forEach/15.4.4.18-5-14.js
2015: test262/test/built-ins/Array/prototype/forEach/15.4.4.18-5-15.js
2016: test262/test/built-ins/Array/prototype/forEach/15.4.4.18-5-16.js
2017: test262/test/built-ins/Array/prototype/forEach/15.4.4.18-5-17.js
2018: test262/test/built-ins/Array/prototype/forEach/15.4.4.18-5-18.js
2019: test262/test/built-ins/Array/prototype/forEach/15.4.4.18-5-19.js
2020: test262/test/built-ins/Array/prototype/forEach/15.4.4.18-5-21.js
2021: test262/test/built-ins/Array/prototype/forEach/15.4.4.18-5-22.js
2022: test262/test/built-ins/Array/prototype/forEach/15.4.4.18-5-23.js
2023: test262/test/built-ins/Array/prototype/forEach/15.4.4.18-5-24.js
2024: test262/test/built-ins/Array/prototype/forEach/15.4.4.18-5-25.js  @noStrict
2025: test262/test/built-ins/Array/prototype/forEach/15.4.4.18-7-1.js
2026: test262/test/built-ins/Array/prototype/forEach/15.4.4.18-7-2.js
2027: test262/test/built-ins/Array/prototype/forEach/15.4.4.18-7-3.js
2028: test262/test/built-ins/Array/prototype/forEach/15.4.4.18-7-4.js
2029: test262/test/built-ins/Array/prototype/forEach/15.4.4.18-7-5.js
2030: test262/test/built-ins/Array/prototype/forEach/15.4.4.18-7-7.js
2031: test262/test/built-ins/Array/prototype/forEach/15.4.4.18-7-8.js
2032: test262/test/built-ins/Array/prototype/forEach/15.4.4.18-7-9.js
2033: test262/test/built-ins/Array/prototype/forEach/15.4.4.18-7-b-1.js
2034: test262/test/built-ins/Array/prototype/forEach/15.4.4.18-7-b-2.js
2035: test262/test/built-ins/Array/prototype/forEach/15.4.4.18-7-b-3.js
2036: test262/test/built-ins/Array/prototype/forEach/15.4.4.18-7-b-4.js
2037: test262/test/built-ins/Array/prototype/forEach/15.4.4.18-7-b-5.js
2038: test262/test/built-ins/Array/prototype/forEach/15.4.4.18-7-b-6.js
2039: test262/test/built-ins/Array/prototype/forEach/15.4.4.18-7-b-7.js
2040: test262/test/built-ins/Array/prototype/forEach/15.4.4.18-7-b-8.js
2041: test262/test/built-ins/Array/prototype/forEach/15.4.4.18-7-b-9.js
2042: test262/test/built-ins/Array/prototype/forEach/15.4.4.18-7-b-10.js
2043: test262/test/built-ins/Array/prototype/forEach/15.4.4.18-7-b-11.js
2044: test262/test/built-ins/Array/prototype/forEach/15.4.4.18-7-b-12.js
2045: test262/test/built-ins/Array/prototype/forEach/15.4.4.18-7-b-13.js
2046: test262/test/built-ins/Array/prototype/forEach/15.4.4.18-7-b-14.js
2047: test262/test/built-ins/Array/prototype/forEach/15.4.4.18-7-b-15.js
2048: test262/test/built-ins/Array/prototype/forEach/15.4.4.18-7-b-16.js  @noStrict
2049: test262/test/built-ins/Array/prototype/forEach/15.4.4.18-7-c-i-1.js
2050: test262/test/built-ins/Array/prototype/forEach/15.4.4.18-7-c-i-2.js
2051: test262/test/built-ins/Array/prototype/forEach/15.4.4.18-7-c-i-3.js
2052: test262/test/built-ins/Array/prototype/forEach/15.4.4.18-7-c-i-4.js
2053: test262/test/built-ins/Array/prototype/forEach/15.4.4.18-7-c-i-5.js
2054: test262/test/built-ins/Array/prototype/forEach/15.4.4.18-7-c-i-6.js
2055: test262/test/built-ins/Array/prototype/forEach/15.4.4.18-7-c-i-7.js
2056: test262/test/built-ins/Array/prototype/forEach/15.4.4.18-7-c-i-8.js
2057: test262/test/built-ins/Array/prototype/forEach/15.4.4.18-7-c-i-9.js
2058: test262/test/built-ins/Array/prototype/forEach/15.4.4.18-7-c-i-10.js
2059: test262/test/built-ins/Array/prototype/forEach/15.4.4.18-7-c-i-11.js
2060: test262/test/built-ins/Array/prototype/forEach/15.4.4.18-7-c-i-12.js
2061: test262/test/built-ins/Array/prototype/forEach/15.4.4.18-7-c-i-13.js
2062: test262/test/built-ins/Array/prototype/forEach/15.4.4.18-7-c-i-14.js
2063: test262/test/built-ins/Array/prototype/forEach/15.4.4.18-7-c-i-15.js
2064: test262/test/built-ins/Array/prototype/forEach/15.4.4.18-7-c-i-16.js
2065: test262/test/built-ins/Array/prototype/forEach/15.4.4.18-7-c-i-17.js
2066: test262/test/built-ins/Array/prototype/forEach/15.4.4.18-7-c-i-18.js
2067: test262/test/built-ins/Array/prototype/forEach/15.4.4.18-7-c-i-19.js
2068: test262/test/built-ins/Array/prototype/forEach/15.4.4.18-7-c-i-20.js
2069: test262/test/built-ins/Array/prototype/forEach/15.4.4.18-7-c-i-21.js
2070: test262/test/built-ins/Array/prototype/forEach/15.4.4.18-7-c-i-22.js
2071: test262/test/built-ins/Array/prototype/forEach/15.4.4.18-7-c-i-25.js
2072: test262/test/built-ins/Array/prototype/forEach/15.4.4.18-7-c-i-26.js
2073: test262/test/built-ins/Array/prototype/forEach/15.4.4.18-7-c-i-27.js
2074: test262/test/built-ins/Array/prototype/forEach/15.4.4.18-7-c-i-28.js
2075: test262/test/built-ins/Array/prototype/forEach/15.4.4.18-7-c-i-29.js
2076: test262/test/built-ins/Array/prototype/forEach/15.4.4.18-7-c-i-30.js
2077: test262/test/built-ins/Array/prototype/forEach/15.4.4.18-7-c-i-31.js
2078: test262/test/built-ins/Array/prototype/forEach/15.4.4.18-7-c-ii-1.js
 time: 181 ms
2079: test262/test/built-ins/Array/prototype/forEach/15.4.4.18-7-c-ii-2.js
2080: test262/test/built-ins/Array/prototype/forEach/15.4.4.18-7-c-ii-4.js
2081: test262/test/built-ins/Array/prototype/forEach/15.4.4.18-7-c-ii-5.js
2082: test262/test/built-ins/Array/prototype/forEach/15.4.4.18-7-c-ii-6.js
2083: test262/test/built-ins/Array/prototype/forEach/15.4.4.18-7-c-ii-7.js
2084: test262/test/built-ins/Array/prototype/forEach/15.4.4.18-7-c-ii-8.js
2085: test262/test/built-ins/Array/prototype/forEach/15.4.4.18-7-c-ii-9.js
2086: test262/test/built-ins/Array/prototype/forEach/15.4.4.18-7-c-ii-10.js
2087: test262/test/built-ins/Array/prototype/forEach/15.4.4.18-7-c-ii-11.js
2088: test262/test/built-ins/Array/prototype/forEach/15.4.4.18-7-c-ii-12.js
2089: test262/test/built-ins/Array/prototype/forEach/15.4.4.18-7-c-ii-13.js
2090: test262/test/built-ins/Array/prototype/forEach/15.4.4.18-7-c-ii-16.js
2091: test262/test/built-ins/Array/prototype/forEach/15.4.4.18-7-c-ii-17.js
2092: test262/test/built-ins/Array/prototype/forEach/15.4.4.18-7-c-ii-18.js
2093: test262/test/built-ins/Array/prototype/forEach/15.4.4.18-7-c-ii-19.js
2094: test262/test/built-ins/Array/prototype/forEach/15.4.4.18-7-c-ii-20.js
2095: test262/test/built-ins/Array/prototype/forEach/15.4.4.18-7-c-ii-21.js
2096: test262/test/built-ins/Array/prototype/forEach/15.4.4.18-7-c-ii-22.js
2097: test262/test/built-ins/Array/prototype/forEach/15.4.4.18-7-c-ii-23.js
2098: test262/test/built-ins/Array/prototype/forEach/15.4.4.18-8-1.js
Throw: Test262Error: callCnt Expected SameValue(«0», «0») to be true
  FAILED
2099: test262/test/built-ins/Array/prototype/forEach/15.4.4.18-8-2.js
Throw: Test262Error: callCnt Expected SameValue(«0», «0») to be true
  FAILED
2100: test262/test/built-ins/Array/prototype/forEach/15.4.4.18-8-3.js
Throw: Test262Error: callCnt Expected SameValue(«0», «0») to be true
  FAILED
2101: test262/test/built-ins/Array/prototype/forEach/15.4.4.18-8-4.js
Throw: Test262Error: callCnt Expected SameValue(«0», «0») to be true
  FAILED
2102: test262/test/built-ins/Array/prototype/forEach/15.4.4.18-8-5.js
Throw: Test262Error: callCnt Expected SameValue(«0», «0») to be true
  FAILED
2103: test262/test/built-ins/Array/prototype/forEach/15.4.4.18-8-6.js
Throw: Test262Error: callCnt Expected SameValue(«0», «0») to be true
  FAILED
2104: test262/test/built-ins/Array/prototype/forEach/15.4.4.18-8-7.js
Throw: Test262Error: callCnt Expected SameValue(«0», «0») to be true
  FAILED
2105: test262/test/built-ins/Array/prototype/forEach/15.4.4.18-8-8.js
Throw: Test262Error: callCnt Expected SameValue(«0», «0») to be true
  FAILED
2106: test262/test/built-ins/Array/prototype/forEach/15.4.4.18-8-9.js
Throw: Test262Error: callCnt Expected SameValue(«0», «0») to be true
  FAILED
2107: test262/test/built-ins/Array/prototype/forEach/15.4.4.18-8-10.js
2108: test262/test/built-ins/Array/prototype/forEach/15.4.4.18-8-11.js
2109: test262/test/built-ins/Array/prototype/forEach/15.4.4.18-8-12.js
2110: test262/test/built-ins/Array/prototype/forEach/15.4.4.18-8-13.js
2111: test262/test/built-ins/Array/prototype/forEach/S15.4.4.18_A1.js
2112: test262/test/built-ins/Array/prototype/forEach/S15.4.4.18_A2.js
2113: test262/test/built-ins/Array/prototype/forEach/call-with-boolean.js
2114: test262/test/built-ins/Array/prototype/forEach/length.js
2115: test262/test/built-ins/Array/prototype/forEach/name.js
2116: test262/test/built-ins/Array/prototype/forEach/not-a-constructor.js
2117: test262/test/built-ins/Array/prototype/forEach/prop-desc.js
2118: test262/test/built-ins/Array/prototype/includes/call-with-boolean.js
2119: test262/test/built-ins/Array/prototype/includes/fromIndex-equal-or-greater-length-returns-false.js
2120: test262/test/built-ins/Array/prototype/includes/fromIndex-infinity.js
Throw: Test262Error: includes(43, Infinity) Expected SameValue(«true», «false») to be true
  FAILED
2121: test262/test/built-ins/Array/prototype/includes/fromIndex-minus-zero.js
2122: test262/test/built-ins/Array/prototype/includes/get-prop.js
2123: test262/test/built-ins/Array/prototype/includes/length-boundaries.js
Throw: Test262Error: Infinity, found item Expected SameValue(«false», «true») to be true
  FAILED
2124: test262/test/built-ins/Array/prototype/includes/length-zero-returns-false.js
Throw: Test262Error: length is checked before ToInteger(fromIndex) Expected SameValue(«0», «0») to be true
  FAILED
2125: test262/test/built-ins/Array/prototype/includes/length.js
2126: test262/test/built-ins/Array/prototype/includes/name.js
2127: test262/test/built-ins/Array/prototype/includes/no-arg.js
2128: test262/test/built-ins/Array/prototype/includes/not-a-constructor.js
2129: test262/test/built-ins/Array/prototype/includes/prop-desc.js
2130: test262/test/built-ins/Array/prototype/includes/return-abrupt-get-length.js
2131: test262/test/built-ins/Array/prototype/includes/return-abrupt-get-prop.js
Throw: Test262Error: It stops the loop after the abrupt completion Expected SameValue(«0», «0») to be true
  FAILED
2132: test262/test/built-ins/Array/prototype/includes/return-abrupt-tointeger-fromindex-symbol.js
2133: test262/test/built-ins/Array/prototype/includes/return-abrupt-tointeger-fromindex.js
2134: test262/test/built-ins/Array/prototype/includes/return-abrupt-tonumber-length-symbol.js
2135: test262/test/built-ins/Array/prototype/includes/return-abrupt-tonumber-length.js
2136: test262/test/built-ins/Array/prototype/includes/samevaluezero.js
2137: test262/test/built-ins/Array/prototype/includes/search-found-returns-true.js
2138: test262/test/built-ins/Array/prototype/includes/search-not-found-returns-false.js
2139: test262/test/built-ins/Array/prototype/includes/sparse.js
2140: test262/test/built-ins/Array/prototype/includes/this-is-not-object.js
2141: test262/test/built-ins/Array/prototype/includes/tointeger-fromindex.js
2142: test262/test/built-ins/Array/prototype/includes/tolength-length.js
2143: test262/test/built-ins/Array/prototype/includes/using-fromindex.js
2144: test262/test/built-ins/Array/prototype/includes/values-are-not-cached.js
2145: test262/test/built-ins/Array/prototype/indexOf/15.4.4.14-1-1.js
2146: test262/test/built-ins/Array/prototype/indexOf/15.4.4.14-1-2.js
2147: test262/test/built-ins/Array/prototype/indexOf/15.4.4.14-1-3.js
2148: test262/test/built-ins/Array/prototype/indexOf/15.4.4.14-1-4.js
2149: test262/test/built-ins/Array/prototype/indexOf/15.4.4.14-1-5.js
2150: test262/test/built-ins/Array/prototype/indexOf/15.4.4.14-1-6.js
2151: test262/test/built-ins/Array/prototype/indexOf/15.4.4.14-1-7.js
2152: test262/test/built-ins/Array/prototype/indexOf/15.4.4.14-1-8.js
2153: test262/test/built-ins/Array/prototype/indexOf/15.4.4.14-1-9.js
2154: test262/test/built-ins/Array/prototype/indexOf/15.4.4.14-1-10.js
2155: test262/test/built-ins/Array/prototype/indexOf/15.4.4.14-1-11.js
2156: test262/test/built-ins/Array/prototype/indexOf/15.4.4.14-1-12.js
2157: test262/test/built-ins/Array/prototype/indexOf/15.4.4.14-1-13.js
2158: test262/test/built-ins/Array/prototype/indexOf/15.4.4.14-1-14.js
2159: test262/test/built-ins/Array/prototype/indexOf/15.4.4.14-1-15.js
2160: test262/test/built-ins/Array/prototype/indexOf/15.4.4.14-2-1.js
2161: test262/test/built-ins/Array/prototype/indexOf/15.4.4.14-2-2.js
2162: test262/test/built-ins/Array/prototype/indexOf/15.4.4.14-2-3.js
2163: test262/test/built-ins/Array/prototype/indexOf/15.4.4.14-2-4.js
2164: test262/test/built-ins/Array/prototype/indexOf/15.4.4.14-2-5.js
2165: test262/test/built-ins/Array/prototype/indexOf/15.4.4.14-2-6.js
2166: test262/test/built-ins/Array/prototype/indexOf/15.4.4.14-2-7.js
2167: test262/test/built-ins/Array/prototype/indexOf/15.4.4.14-2-8.js
2168: test262/test/built-ins/Array/prototype/indexOf/15.4.4.14-2-9.js
2169: test262/test/built-ins/Array/prototype/indexOf/15.4.4.14-2-10.js
2170: test262/test/built-ins/Array/prototype/indexOf/15.4.4.14-2-11.js
2171: test262/test/built-ins/Array/prototype/indexOf/15.4.4.14-2-12.js
2172: test262/test/built-ins/Array/prototype/indexOf/15.4.4.14-2-13.js
2173: test262/test/built-ins/Array/prototype/indexOf/15.4.4.14-2-14.js
2174: test262/test/built-ins/Array/prototype/indexOf/15.4.4.14-2-17.js
2175: test262/test/built-ins/Array/prototype/indexOf/15.4.4.14-2-18.js
2176: test262/test/built-ins/Array/prototype/indexOf/15.4.4.14-2-19.js
2177: test262/test/built-ins/Array/prototype/indexOf/15.4.4.14-3-1.js
2178: test262/test/built-ins/Array/prototype/indexOf/15.4.4.14-3-2.js
Throw: Test262Error: Array.prototype.indexOf.call(obj, 0) Expected SameValue(«0», «0») to be true
  FAILED
2179: test262/test/built-ins/Array/prototype/indexOf/15.4.4.14-3-3.js
2180: test262/test/built-ins/Array/prototype/indexOf/15.4.4.14-3-4.js
2181: test262/test/built-ins/Array/prototype/indexOf/15.4.4.14-3-5.js
2182: test262/test/built-ins/Array/prototype/indexOf/15.4.4.14-3-6.js
2183: test262/test/built-ins/Array/prototype/indexOf/15.4.4.14-3-7.js
2184: test262/test/built-ins/Array/prototype/indexOf/15.4.4.14-3-8.js
Throw: Test262Error: Array.prototype.indexOf.call(obj, 0) Expected SameValue(«-1», «0») to be true
  FAILED
2185: test262/test/built-ins/Array/prototype/indexOf/15.4.4.14-3-9.js
2186: test262/test/built-ins/Array/prototype/indexOf/15.4.4.14-3-10.js
2187: test262/test/built-ins/Array/prototype/indexOf/15.4.4.14-3-11.js
2188: test262/test/built-ins/Array/prototype/indexOf/15.4.4.14-3-12.js
2189: test262/test/built-ins/Array/prototype/indexOf/15.4.4.14-3-13.js
2190: test262/test/built-ins/Array/prototype/indexOf/15.4.4.14-3-14.js
Throw: Test262Error: Array.prototype.indexOf.call(objOne, true) Expected SameValue(«-1», «0») to be true
  FAILED
2191: test262/test/built-ins/Array/prototype/indexOf/15.4.4.14-3-15.js
2192: test262/test/built-ins/Array/prototype/indexOf/15.4.4.14-3-16.js
2193: test262/test/built-ins/Array/prototype/indexOf/15.4.4.14-3-17.js
2194: test262/test/built-ins/Array/prototype/indexOf/15.4.4.14-3-18.js
2195: test262/test/built-ins/Array/prototype/indexOf/15.4.4.14-3-19.js
2196: test262/test/built-ins/Array/prototype/indexOf/15.4.4.14-3-20.js
2197: test262/test/built-ins/Array/prototype/indexOf/15.4.4.14-3-21.js
2198: test262/test/built-ins/Array/prototype/indexOf/15.4.4.14-3-22.js
2199: test262/test/built-ins/Array/prototype/indexOf/15.4.4.14-3-23.js
2200: test262/test/built-ins/Array/prototype/indexOf/15.4.4.14-3-24.js
2201: test262/test/built-ins/Array/prototype/indexOf/15.4.4.14-3-25.js
2202: test262/test/built-ins/Array/prototype/indexOf/15.4.4.14-3-28.js
Throw: Test262Error: Array.prototype.indexOf.call(obj, targetObj) Expected SameValue(«0», «0») to be true
  FAILED
2203: test262/test/built-ins/Array/prototype/indexOf/15.4.4.14-3-29.js
Throw: Test262Error: Array.prototype.indexOf.call(obj, targetObj) Expected SameValue(«0», «0») to be true
  FAILED
2204: test262/test/built-ins/Array/prototype/indexOf/15.4.4.14-4-1.js
2205: test262/test/built-ins/Array/prototype/indexOf/15.4.4.14-4-2.js
2206: test262/test/built-ins/Array/prototype/indexOf/15.4.4.14-4-3.js
2207: test262/test/built-ins/Array/prototype/indexOf/15.4.4.14-4-4.js
2208: test262/test/built-ins/Array/prototype/indexOf/15.4.4.14-4-5.js
2209: test262/test/built-ins/Array/prototype/indexOf/15.4.4.14-4-6.js
2210: test262/test/built-ins/Array/prototype/indexOf/15.4.4.14-4-7.js
2211: test262/test/built-ins/Array/prototype/indexOf/15.4.4.14-4-8.js
2212: test262/test/built-ins/Array/prototype/indexOf/15.4.4.14-4-9.js
2213: test262/test/built-ins/Array/prototype/indexOf/15.4.4.14-4-10.js
2214: test262/test/built-ins/Array/prototype/indexOf/15.4.4.14-4-11.js
2215: test262/test/built-ins/Array/prototype/indexOf/15.4.4.14-5-1.js
2216: test262/test/built-ins/Array/prototype/indexOf/15.4.4.14-5-2.js
Throw: Test262Error: 0.51 resolves to 0 Expected SameValue(«0», «0») to be true
  FAILED
2217: test262/test/built-ins/Array/prototype/indexOf/15.4.4.14-5-3.js
Throw: Test262Error: false resolves to 0 Expected SameValue(«0», «0») to be true
  FAILED
2218: test262/test/built-ins/Array/prototype/indexOf/15.4.4.14-5-4.js
Throw: Test262Error: a.indexOf(1,undefined) Expected SameValue(«0», «0») to be true
  FAILED
2219: test262/test/built-ins/Array/prototype/indexOf/15.4.4.14-5-5.js
Throw: Test262Error: a.indexOf(1,null) Expected SameValue(«0», «0») to be true
  FAILED
2220: test262/test/built-ins/Array/prototype/indexOf/15.4.4.14-5-6.js
Throw: Test262Error: arr.indexOf(0) Expected SameValue(«0», «0») to be true
  FAILED
2221: test262/test/built-ins/Array/prototype/indexOf/15.4.4.14-5-7.js
Throw: Test262Error: [true].indexOf(true, 0) Expected SameValue(«0», «0») to be true
  FAILED
2222: test262/test/built-ins/Array/prototype/indexOf/15.4.4.14-5-8.js
Throw: Test262Error: [true].indexOf(true, +0) Expected SameValue(«0», «0») to be true
  FAILED
2223: test262/test/built-ins/Array/prototype/indexOf/15.4.4.14-5-9.js
Throw: Test262Error: [true].indexOf(true, -0) Expected SameValue(«0», «0») to be true
  FAILED
2224: test262/test/built-ins/Array/prototype/indexOf/15.4.4.14-5-10.js
2225: test262/test/built-ins/Array/prototype/indexOf/15.4.4.14-5-11.js
2226: test262/test/built-ins/Array/prototype/indexOf/15.4.4.14-5-12.js
